{"D:\\Users\\Java\\Documents\\Freelance-Project\\Project-Eye2\\P-Eye\\backend\\src\\index.js": {"path":"D:\\Users\\Java\\Documents\\Freelance-Project\\Project-Eye2\\P-Eye\\backend\\src\\index.js","statementMap":{"0":{"start":{"line":17,"column":19},"end":{"line":17,"column":49}},"1":{"start":{"line":18,"column":18},"end":{"line":18,"column":37}},"2":{"start":{"line":21,"column":0},"end":{"line":21,"column":16}},"3":{"start":{"line":23,"column":12},"end":{"line":23,"column":21}},"4":{"start":{"line":24,"column":19},"end":{"line":24,"column":36}},"5":{"start":{"line":27,"column":24},"end":{"line":27,"column":74}},"6":{"start":{"line":30,"column":0},"end":{"line":30,"column":16}},"7":{"start":{"line":31,"column":0},"end":{"line":31,"column":24}},"8":{"start":{"line":32,"column":0},"end":{"line":32,"column":48}},"9":{"start":{"line":33,"column":0},"end":{"line":33,"column":23}},"10":{"start":{"line":36,"column":0},"end":{"line":40,"column":4}},"11":{"start":{"line":43,"column":0},"end":{"line":43,"column":24}},"12":{"start":{"line":46,"column":0},"end":{"line":51,"column":3}},"13":{"start":{"line":47,"column":2},"end":{"line":50,"column":5}},"14":{"start":{"line":48,"column":4},"end":{"line":48,"column":67}},"15":{"start":{"line":49,"column":4},"end":{"line":49,"column":69}},"16":{"start":{"line":54,"column":0},"end":{"line":68,"column":5}},"17":{"start":{"line":57,"column":4},"end":{"line":57,"column":40}},"18":{"start":{"line":59,"column":4},"end":{"line":61,"column":7}},"19":{"start":{"line":60,"column":6},"end":{"line":60,"column":75}},"20":{"start":{"line":64,"column":4},"end":{"line":64,"column":53}},"21":{"start":{"line":65,"column":4},"end":{"line":67,"column":5}},"22":{"start":{"line":66,"column":6},"end":{"line":66,"column":22}},"23":{"start":{"line":71,"column":0},"end":{"line":74,"column":3}},"24":{"start":{"line":72,"column":2},"end":{"line":72,"column":40}},"25":{"start":{"line":73,"column":2},"end":{"line":73,"column":43}},"26":{"start":{"line":77,"column":17},"end":{"line":90,"column":1}},"27":{"start":{"line":78,"column":2},"end":{"line":89,"column":3}},"28":{"start":{"line":79,"column":4},"end":{"line":79,"column":43}},"29":{"start":{"line":80,"column":4},"end":{"line":80,"column":37}},"30":{"start":{"line":81,"column":4},"end":{"line":81,"column":32}},"31":{"start":{"line":82,"column":4},"end":{"line":85,"column":7}},"32":{"start":{"line":83,"column":6},"end":{"line":83,"column":51}},"33":{"start":{"line":84,"column":6},"end":{"line":84,"column":22}},"34":{"start":{"line":87,"column":4},"end":{"line":87,"column":50}},"35":{"start":{"line":88,"column":4},"end":{"line":88,"column":20}},"36":{"start":{"line":92,"column":0},"end":{"line":92,"column":32}},"37":{"start":{"line":93,"column":0},"end":{"line":93,"column":31}}},"fnMap":{"0":{"name":"(anonymous_0)","decl":{"start":{"line":46,"column":27},"end":{"line":46,"column":28}},"loc":{"start":{"line":46,"column":39},"end":{"line":51,"column":1}},"line":46},"1":{"name":"(anonymous_1)","decl":{"start":{"line":47,"column":54},"end":{"line":47,"column":55}},"loc":{"start":{"line":47,"column":63},"end":{"line":50,"column":3}},"line":47},"2":{"name":"(anonymous_2)","decl":{"start":{"line":56,"column":8},"end":{"line":56,"column":9}},"loc":{"start":{"line":56,"column":14},"end":{"line":62,"column":3}},"line":56},"3":{"name":"(anonymous_3)","decl":{"start":{"line":59,"column":48},"end":{"line":59,"column":49}},"loc":{"start":{"line":59,"column":54},"end":{"line":61,"column":5}},"line":59},"4":{"name":"(anonymous_4)","decl":{"start":{"line":63,"column":9},"end":{"line":63,"column":10}},"loc":{"start":{"line":63,"column":18},"end":{"line":68,"column":3}},"line":63},"5":{"name":"(anonymous_5)","decl":{"start":{"line":71,"column":8},"end":{"line":71,"column":9}},"loc":{"start":{"line":71,"column":33},"end":{"line":74,"column":1}},"line":71},"6":{"name":"(anonymous_6)","decl":{"start":{"line":77,"column":17},"end":{"line":77,"column":18}},"loc":{"start":{"line":77,"column":29},"end":{"line":90,"column":1}},"line":77},"7":{"name":"(anonymous_7)","decl":{"start":{"line":82,"column":21},"end":{"line":82,"column":22}},"loc":{"start":{"line":82,"column":27},"end":{"line":85,"column":5}},"line":82}},"branchMap":{"0":{"loc":{"start":{"line":59,"column":22},"end":{"line":59,"column":46}},"type":"binary-expr","locations":[{"start":{"line":59,"column":22},"end":{"line":59,"column":38}},{"start":{"line":59,"column":42},"end":{"line":59,"column":46}}],"line":59},"1":{"loc":{"start":{"line":60,"column":47},"end":{"line":60,"column":71}},"type":"binary-expr","locations":[{"start":{"line":60,"column":47},"end":{"line":60,"column":63}},{"start":{"line":60,"column":67},"end":{"line":60,"column":71}}],"line":60},"2":{"loc":{"start":{"line":65,"column":4},"end":{"line":67,"column":5}},"type":"if","locations":[{"start":{"line":65,"column":4},"end":{"line":67,"column":5}},{"start":{},"end":{}}],"line":65}},"s":{"0":2,"1":2,"2":2,"3":2,"4":2,"5":2,"6":2,"7":2,"8":2,"9":2,"10":2,"11":2,"12":2,"13":0,"14":0,"15":0,"16":2,"17":0,"18":0,"19":0,"20":2,"21":2,"22":0,"23":2,"24":0,"25":0,"26":2,"27":0,"28":0,"29":0,"30":0,"31":0,"32":0,"33":0,"34":0,"35":0,"36":2,"37":2},"f":{"0":0,"1":0,"2":0,"3":0,"4":2,"5":0,"6":0,"7":0},"b":{"0":[0,0],"1":[0,0],"2":[0,2]},"_coverageSchema":"1a1c01bbd47fc00a2c39e90264f33305004495a9","hash":"25eaa4e0c114e526e7e919825578dec7fc097967"}
,"D:\\Users\\Java\\Documents\\Freelance-Project\\Project-Eye2\\P-Eye\\backend\\src\\config\\index.js": {"path":"D:\\Users\\Java\\Documents\\Freelance-Project\\Project-Eye2\\P-Eye\\backend\\src\\config\\index.js","statementMap":{"0":{"start":{"line":4,"column":0},"end":{"line":4,"column":16}},"1":{"start":{"line":6,"column":15},"end":{"line":35,"column":1}}},"fnMap":{},"branchMap":{"0":{"loc":{"start":{"line":7,"column":9},"end":{"line":7,"column":46}},"type":"binary-expr","locations":[{"start":{"line":7,"column":9},"end":{"line":7,"column":29}},{"start":{"line":7,"column":33},"end":{"line":7,"column":46}}],"line":7},"1":{"loc":{"start":{"line":8,"column":10},"end":{"line":8,"column":34}},"type":"binary-expr","locations":[{"start":{"line":8,"column":10},"end":{"line":8,"column":26}},{"start":{"line":8,"column":30},"end":{"line":8,"column":34}}],"line":8},"2":{"loc":{"start":{"line":10,"column":13},"end":{"line":10,"column":74}},"type":"binary-expr","locations":[{"start":{"line":10,"column":13},"end":{"line":10,"column":36}},{"start":{"line":10,"column":40},"end":{"line":10,"column":74}}],"line":10},"3":{"loc":{"start":{"line":17,"column":14},"end":{"line":17,"column":51}},"type":"binary-expr","locations":[{"start":{"line":17,"column":14},"end":{"line":17,"column":36}},{"start":{"line":17,"column":40},"end":{"line":17,"column":51}}],"line":17},"4":{"loc":{"start":{"line":18,"column":23},"end":{"line":18,"column":55}},"type":"binary-expr","locations":[{"start":{"line":18,"column":23},"end":{"line":18,"column":45}},{"start":{"line":18,"column":49},"end":{"line":18,"column":55}}],"line":18},"5":{"loc":{"start":{"line":19,"column":18},"end":{"line":19,"column":57}},"type":"binary-expr","locations":[{"start":{"line":19,"column":18},"end":{"line":19,"column":44}},{"start":{"line":19,"column":48},"end":{"line":19,"column":57}}],"line":19},"6":{"loc":{"start":{"line":22,"column":16},"end":{"line":22,"column":59}},"type":"binary-expr","locations":[{"start":{"line":22,"column":16},"end":{"line":22,"column":38}},{"start":{"line":22,"column":42},"end":{"line":22,"column":59}}],"line":22},"7":{"loc":{"start":{"line":23,"column":19},"end":{"line":23,"column":53}},"type":"binary-expr","locations":[{"start":{"line":23,"column":19},"end":{"line":23,"column":45}},{"start":{"line":23,"column":49},"end":{"line":23,"column":53}}],"line":23},"8":{"loc":{"start":{"line":26,"column":16},"end":{"line":26,"column":62}},"type":"binary-expr","locations":[{"start":{"line":26,"column":16},"end":{"line":26,"column":42}},{"start":{"line":26,"column":46},"end":{"line":26,"column":62}}],"line":26},"9":{"loc":{"start":{"line":27,"column":25},"end":{"line":27,"column":66}},"type":"binary-expr","locations":[{"start":{"line":27,"column":25},"end":{"line":27,"column":52}},{"start":{"line":27,"column":56},"end":{"line":27,"column":66}}],"line":27},"10":{"loc":{"start":{"line":30,"column":16},"end":{"line":30,"column":46}},"type":"binary-expr","locations":[{"start":{"line":30,"column":16},"end":{"line":30,"column":39}},{"start":{"line":30,"column":43},"end":{"line":30,"column":46}}],"line":30},"11":{"loc":{"start":{"line":33,"column":15},"end":{"line":33,"column":76}},"type":"binary-expr","locations":[{"start":{"line":33,"column":15},"end":{"line":33,"column":37}},{"start":{"line":33,"column":41},"end":{"line":33,"column":76}}],"line":33},"12":{"loc":{"start":{"line":34,"column":14},"end":{"line":34,"column":45}},"type":"binary-expr","locations":[{"start":{"line":34,"column":14},"end":{"line":34,"column":35}},{"start":{"line":34,"column":39},"end":{"line":34,"column":45}}],"line":34}},"s":{"0":1,"1":1},"f":{},"b":{"0":[1,0],"1":[1,0],"2":[1,0],"3":[1,1],"4":[1,1],"5":[1,1],"6":[1,0],"7":[1,0],"8":[1,0],"9":[1,0],"10":[1,0],"11":[1,1],"12":[1,0]},"_coverageSchema":"1a1c01bbd47fc00a2c39e90264f33305004495a9","hash":"9783fa21330169b6c4413d2d7d96e09d152cfb85"}
,"D:\\Users\\Java\\Documents\\Freelance-Project\\Project-Eye2\\P-Eye\\backend\\src\\middleware\\auth.js": {"path":"D:\\Users\\Java\\Documents\\Freelance-Project\\Project-Eye2\\P-Eye\\backend\\src\\middleware\\auth.js","statementMap":{"0":{"start":{"line":5,"column":20},"end":{"line":92,"column":1}},"1":{"start":{"line":7,"column":8},"end":{"line":26,"column":9}},"2":{"start":{"line":8,"column":26},"end":{"line":8,"column":66}},"3":{"start":{"line":10,"column":12},"end":{"line":12,"column":13}},"4":{"start":{"line":11,"column":16},"end":{"line":11,"column":88}},"5":{"start":{"line":14,"column":28},"end":{"line":14,"column":69}},"6":{"start":{"line":15,"column":25},"end":{"line":15,"column":76}},"7":{"start":{"line":17,"column":12},"end":{"line":19,"column":13}},"8":{"start":{"line":18,"column":16},"end":{"line":18,"column":73}},"9":{"start":{"line":21,"column":12},"end":{"line":21,"column":28}},"10":{"start":{"line":22,"column":12},"end":{"line":22,"column":19}},"11":{"start":{"line":24,"column":12},"end":{"line":24,"column":62}},"12":{"start":{"line":25,"column":12},"end":{"line":25,"column":83}},"13":{"start":{"line":30,"column":8},"end":{"line":40,"column":10}},"14":{"start":{"line":31,"column":12},"end":{"line":33,"column":13}},"15":{"start":{"line":32,"column":16},"end":{"line":32,"column":82}},"16":{"start":{"line":35,"column":12},"end":{"line":37,"column":13}},"17":{"start":{"line":36,"column":16},"end":{"line":36,"column":83}},"18":{"start":{"line":39,"column":12},"end":{"line":39,"column":19}},"19":{"start":{"line":44,"column":8},"end":{"line":58,"column":10}},"20":{"start":{"line":45,"column":12},"end":{"line":47,"column":13}},"21":{"start":{"line":46,"column":16},"end":{"line":46,"column":82}},"22":{"start":{"line":49,"column":38},"end":{"line":51,"column":13}},"23":{"start":{"line":50,"column":16},"end":{"line":50,"column":58}},"24":{"start":{"line":53,"column":12},"end":{"line":55,"column":13}},"25":{"start":{"line":54,"column":16},"end":{"line":54,"column":83}},"26":{"start":{"line":57,"column":12},"end":{"line":57,"column":19}},"27":{"start":{"line":62,"column":8},"end":{"line":76,"column":9}},"28":{"start":{"line":63,"column":12},"end":{"line":65,"column":13}},"29":{"start":{"line":64,"column":16},"end":{"line":64,"column":82}},"30":{"start":{"line":67,"column":25},"end":{"line":67,"column":58}},"31":{"start":{"line":68,"column":12},"end":{"line":70,"column":13}},"32":{"start":{"line":69,"column":16},"end":{"line":69,"column":74}},"33":{"start":{"line":72,"column":12},"end":{"line":72,"column":19}},"34":{"start":{"line":74,"column":12},"end":{"line":74,"column":62}},"35":{"start":{"line":75,"column":12},"end":{"line":75,"column":76}},"36":{"start":{"line":80,"column":8},"end":{"line":90,"column":9}},"37":{"start":{"line":81,"column":12},"end":{"line":86,"column":15}},"38":{"start":{"line":82,"column":16},"end":{"line":84,"column":17}},"39":{"start":{"line":83,"column":20},"end":{"line":83,"column":84}},"40":{"start":{"line":85,"column":16},"end":{"line":85,"column":23}},"41":{"start":{"line":88,"column":12},"end":{"line":88,"column":64}},"42":{"start":{"line":89,"column":12},"end":{"line":89,"column":82}},"43":{"start":{"line":95,"column":88},"end":{"line":95,"column":92}}},"fnMap":{"0":{"name":"(anonymous_0)","decl":{"start":{"line":6,"column":17},"end":{"line":6,"column":18}},"loc":{"start":{"line":6,"column":43},"end":{"line":27,"column":5}},"line":6},"1":{"name":"(anonymous_1)","decl":{"start":{"line":29,"column":15},"end":{"line":29,"column":16}},"loc":{"start":{"line":29,"column":26},"end":{"line":41,"column":5}},"line":29},"2":{"name":"(anonymous_2)","decl":{"start":{"line":30,"column":15},"end":{"line":30,"column":16}},"loc":{"start":{"line":30,"column":35},"end":{"line":40,"column":9}},"line":30},"3":{"name":"(anonymous_3)","decl":{"start":{"line":43,"column":22},"end":{"line":43,"column":23}},"loc":{"start":{"line":43,"column":47},"end":{"line":59,"column":5}},"line":43},"4":{"name":"(anonymous_4)","decl":{"start":{"line":44,"column":15},"end":{"line":44,"column":16}},"loc":{"start":{"line":44,"column":35},"end":{"line":58,"column":9}},"line":44},"5":{"name":"(anonymous_5)","decl":{"start":{"line":49,"column":64},"end":{"line":49,"column":65}},"loc":{"start":{"line":50,"column":16},"end":{"line":50,"column":58}},"line":50},"6":{"name":"(anonymous_6)","decl":{"start":{"line":61,"column":21},"end":{"line":61,"column":22}},"loc":{"start":{"line":61,"column":47},"end":{"line":77,"column":5}},"line":61},"7":{"name":"(anonymous_7)","decl":{"start":{"line":79,"column":15},"end":{"line":79,"column":16}},"loc":{"start":{"line":79,"column":41},"end":{"line":91,"column":5}},"line":79},"8":{"name":"(anonymous_8)","decl":{"start":{"line":81,"column":45},"end":{"line":81,"column":46}},"loc":{"start":{"line":81,"column":57},"end":{"line":86,"column":13}},"line":81}},"branchMap":{"0":{"loc":{"start":{"line":10,"column":12},"end":{"line":12,"column":13}},"type":"if","locations":[{"start":{"line":10,"column":12},"end":{"line":12,"column":13}},{"start":{},"end":{}}],"line":10},"1":{"loc":{"start":{"line":17,"column":12},"end":{"line":19,"column":13}},"type":"if","locations":[{"start":{"line":17,"column":12},"end":{"line":19,"column":13}},{"start":{},"end":{}}],"line":17},"2":{"loc":{"start":{"line":31,"column":12},"end":{"line":33,"column":13}},"type":"if","locations":[{"start":{"line":31,"column":12},"end":{"line":33,"column":13}},{"start":{},"end":{}}],"line":31},"3":{"loc":{"start":{"line":35,"column":12},"end":{"line":37,"column":13}},"type":"if","locations":[{"start":{"line":35,"column":12},"end":{"line":37,"column":13}},{"start":{},"end":{}}],"line":35},"4":{"loc":{"start":{"line":45,"column":12},"end":{"line":47,"column":13}},"type":"if","locations":[{"start":{"line":45,"column":12},"end":{"line":47,"column":13}},{"start":{},"end":{}}],"line":45},"5":{"loc":{"start":{"line":53,"column":12},"end":{"line":55,"column":13}},"type":"if","locations":[{"start":{"line":53,"column":12},"end":{"line":55,"column":13}},{"start":{},"end":{}}],"line":53},"6":{"loc":{"start":{"line":63,"column":12},"end":{"line":65,"column":13}},"type":"if","locations":[{"start":{"line":63,"column":12},"end":{"line":65,"column":13}},{"start":{},"end":{}}],"line":63},"7":{"loc":{"start":{"line":68,"column":12},"end":{"line":70,"column":13}},"type":"if","locations":[{"start":{"line":68,"column":12},"end":{"line":70,"column":13}},{"start":{},"end":{}}],"line":68},"8":{"loc":{"start":{"line":68,"column":16},"end":{"line":68,"column":72}},"type":"binary-expr","locations":[{"start":{"line":68,"column":16},"end":{"line":68,"column":21}},{"start":{"line":68,"column":25},"end":{"line":68,"column":72}}],"line":68},"9":{"loc":{"start":{"line":82,"column":16},"end":{"line":84,"column":17}},"type":"if","locations":[{"start":{"line":82,"column":16},"end":{"line":84,"column":17}},{"start":{},"end":{}}],"line":82}},"s":{"0":2,"1":0,"2":0,"3":0,"4":0,"5":0,"6":0,"7":0,"8":0,"9":0,"10":0,"11":0,"12":0,"13":0,"14":0,"15":0,"16":0,"17":0,"18":0,"19":0,"20":0,"21":0,"22":0,"23":0,"24":0,"25":0,"26":0,"27":0,"28":0,"29":0,"30":0,"31":0,"32":0,"33":0,"34":0,"35":0,"36":0,"37":0,"38":0,"39":0,"40":0,"41":0,"42":0,"43":2},"f":{"0":0,"1":0,"2":0,"3":0,"4":0,"5":0,"6":0,"7":0,"8":0},"b":{"0":[0,0],"1":[0,0],"2":[0,0],"3":[0,0],"4":[0,0],"5":[0,0],"6":[0,0],"7":[0,0],"8":[0,0],"9":[0,0]},"_coverageSchema":"1a1c01bbd47fc00a2c39e90264f33305004495a9","hash":"3eec351a7b5a7197429fe461801762b40204ce0f"}
,"D:\\Users\\Java\\Documents\\Freelance-Project\\Project-Eye2\\P-Eye\\backend\\src\\middleware\\fileUploadValidation.js": {"path":"D:\\Users\\Java\\Documents\\Freelance-Project\\Project-Eye2\\P-Eye\\backend\\src\\middleware\\fileUploadValidation.js","statementMap":{"0":{"start":{"line":4,"column":27},"end":{"line":4,"column":85}},"1":{"start":{"line":5,"column":27},"end":{"line":14,"column":1}},"2":{"start":{"line":15,"column":22},"end":{"line":15,"column":38}},"3":{"start":{"line":17,"column":25},"end":{"line":20,"column":1}},"4":{"start":{"line":18,"column":14},"end":{"line":18,"column":45}},"5":{"start":{"line":19,"column":2},"end":{"line":19,"column":42}},"6":{"start":{"line":22,"column":36},"end":{"line":81,"column":1}},"7":{"start":{"line":23,"column":2},"end":{"line":80,"column":3}},"8":{"start":{"line":24,"column":4},"end":{"line":29,"column":5}},"9":{"start":{"line":25,"column":6},"end":{"line":28,"column":9}},"10":{"start":{"line":31,"column":18},"end":{"line":31,"column":83}},"11":{"start":{"line":33,"column":4},"end":{"line":72,"column":5}},"12":{"start":{"line":35,"column":6},"end":{"line":40,"column":7}},"13":{"start":{"line":36,"column":8},"end":{"line":39,"column":11}},"14":{"start":{"line":43,"column":6},"end":{"line":48,"column":7}},"15":{"start":{"line":44,"column":8},"end":{"line":47,"column":11}},"16":{"start":{"line":51,"column":21},"end":{"line":51,"column":30}},"17":{"start":{"line":52,"column":23},"end":{"line":52,"column":55}},"18":{"start":{"line":54,"column":6},"end":{"line":59,"column":7}},"19":{"start":{"line":55,"column":8},"end":{"line":58,"column":11}},"20":{"start":{"line":62,"column":26},"end":{"line":62,"column":60}},"21":{"start":{"line":63,"column":6},"end":{"line":71,"column":7}},"22":{"start":{"line":67,"column":8},"end":{"line":70,"column":11}},"23":{"start":{"line":74,"column":4},"end":{"line":74,"column":11}},"24":{"start":{"line":76,"column":4},"end":{"line":79,"column":7}}},"fnMap":{"0":{"name":"(anonymous_0)","decl":{"start":{"line":17,"column":25},"end":{"line":17,"column":26}},"loc":{"start":{"line":17,"column":39},"end":{"line":20,"column":1}},"line":17},"1":{"name":"(anonymous_1)","decl":{"start":{"line":22,"column":36},"end":{"line":22,"column":37}},"loc":{"start":{"line":22,"column":62},"end":{"line":81,"column":1}},"line":22}},"branchMap":{"0":{"loc":{"start":{"line":24,"column":4},"end":{"line":29,"column":5}},"type":"if","locations":[{"start":{"line":24,"column":4},"end":{"line":29,"column":5}},{"start":{},"end":{}}],"line":24},"1":{"loc":{"start":{"line":24,"column":8},"end":{"line":24,"column":57}},"type":"binary-expr","locations":[{"start":{"line":24,"column":8},"end":{"line":24,"column":18}},{"start":{"line":24,"column":22},"end":{"line":24,"column":57}}],"line":24},"2":{"loc":{"start":{"line":31,"column":18},"end":{"line":31,"column":83}},"type":"cond-expr","locations":[{"start":{"line":31,"column":50},"end":{"line":31,"column":64}},{"start":{"line":31,"column":67},"end":{"line":31,"column":83}}],"line":31},"3":{"loc":{"start":{"line":35,"column":6},"end":{"line":40,"column":7}},"type":"if","locations":[{"start":{"line":35,"column":6},"end":{"line":40,"column":7}},{"start":{},"end":{}}],"line":35},"4":{"loc":{"start":{"line":43,"column":6},"end":{"line":48,"column":7}},"type":"if","locations":[{"start":{"line":43,"column":6},"end":{"line":48,"column":7}},{"start":{},"end":{}}],"line":43},"5":{"loc":{"start":{"line":54,"column":6},"end":{"line":59,"column":7}},"type":"if","locations":[{"start":{"line":54,"column":6},"end":{"line":59,"column":7}},{"start":{},"end":{}}],"line":54},"6":{"loc":{"start":{"line":54,"column":10},"end":{"line":54,"column":66}},"type":"binary-expr","locations":[{"start":{"line":54,"column":10},"end":{"line":54,"column":19}},{"start":{"line":54,"column":23},"end":{"line":54,"column":66}}],"line":54},"7":{"loc":{"start":{"line":57,"column":32},"end":{"line":57,"column":68}},"type":"cond-expr","locations":[{"start":{"line":57,"column":43},"end":{"line":57,"column":56}},{"start":{"line":57,"column":59},"end":{"line":57,"column":68}}],"line":57},"8":{"loc":{"start":{"line":63,"column":6},"end":{"line":71,"column":7}},"type":"if","locations":[{"start":{"line":63,"column":6},"end":{"line":71,"column":7}},{"start":{},"end":{}}],"line":63},"9":{"loc":{"start":{"line":63,"column":10},"end":{"line":66,"column":45}},"type":"binary-expr","locations":[{"start":{"line":63,"column":10},"end":{"line":63,"column":39}},{"start":{"line":64,"column":10},"end":{"line":64,"column":36}},{"start":{"line":65,"column":10},"end":{"line":65,"column":41}},{"start":{"line":66,"column":10},"end":{"line":66,"column":45}}],"line":63}},"s":{"0":2,"1":2,"2":2,"3":2,"4":0,"5":0,"6":2,"7":0,"8":0,"9":0,"10":0,"11":0,"12":0,"13":0,"14":0,"15":0,"16":0,"17":0,"18":0,"19":0,"20":0,"21":0,"22":0,"23":0,"24":0},"f":{"0":0,"1":0},"b":{"0":[0,0],"1":[0,0],"2":[0,0],"3":[0,0],"4":[0,0],"5":[0,0],"6":[0,0],"7":[0,0],"8":[0,0],"9":[0,0,0,0]},"_coverageSchema":"1a1c01bbd47fc00a2c39e90264f33305004495a9","hash":"7738150392a729dccba21c6002f442b3d5356455"}
,"D:\\Users\\Java\\Documents\\Freelance-Project\\Project-Eye2\\P-Eye\\backend\\src\\middleware\\mlAuth.js": {"path":"D:\\Users\\Java\\Documents\\Freelance-Project\\Project-Eye2\\P-Eye\\backend\\src\\middleware\\mlAuth.js","statementMap":{"0":{"start":{"line":5,"column":15},"end":{"line":55,"column":1}},"1":{"start":{"line":6,"column":4},"end":{"line":54,"column":5}},"2":{"start":{"line":7,"column":23},"end":{"line":7,"column":49}},"3":{"start":{"line":8,"column":22},"end":{"line":8,"column":46}},"4":{"start":{"line":10,"column":8},"end":{"line":12,"column":9}},"5":{"start":{"line":11,"column":12},"end":{"line":11,"column":81}},"6":{"start":{"line":14,"column":8},"end":{"line":48,"column":9}},"7":{"start":{"line":16,"column":29},"end":{"line":20,"column":14}},"8":{"start":{"line":22,"column":12},"end":{"line":24,"column":13}},"9":{"start":{"line":23,"column":16},"end":{"line":23,"column":77}},"10":{"start":{"line":27,"column":12},"end":{"line":27,"column":43}},"11":{"start":{"line":28,"column":12},"end":{"line":28,"column":34}},"12":{"start":{"line":30,"column":12},"end":{"line":34,"column":14}},"13":{"start":{"line":35,"column":15},"end":{"line":48,"column":9}},"14":{"start":{"line":37,"column":28},"end":{"line":37,"column":72}},"15":{"start":{"line":39,"column":12},"end":{"line":41,"column":13}},"16":{"start":{"line":40,"column":16},"end":{"line":40,"column":75}},"17":{"start":{"line":43,"column":12},"end":{"line":47,"column":14}},"18":{"start":{"line":50,"column":8},"end":{"line":50,"column":15}},"19":{"start":{"line":52,"column":8},"end":{"line":52,"column":56}},"20":{"start":{"line":53,"column":8},"end":{"line":53,"column":68}},"21":{"start":{"line":57,"column":20},"end":{"line":72,"column":1}},"22":{"start":{"line":58,"column":4},"end":{"line":71,"column":5}},"23":{"start":{"line":59,"column":8},"end":{"line":61,"column":9}},"24":{"start":{"line":60,"column":12},"end":{"line":60,"column":81}},"25":{"start":{"line":63,"column":8},"end":{"line":65,"column":9}},"26":{"start":{"line":64,"column":12},"end":{"line":64,"column":79}},"27":{"start":{"line":67,"column":8},"end":{"line":67,"column":15}},"28":{"start":{"line":69,"column":8},"end":{"line":69,"column":52}},"29":{"start":{"line":70,"column":8},"end":{"line":70,"column":74}},"30":{"start":{"line":74,"column":20},"end":{"line":115,"column":1}},"31":{"start":{"line":75,"column":4},"end":{"line":114,"column":5}},"32":{"start":{"line":76,"column":8},"end":{"line":78,"column":9}},"33":{"start":{"line":77,"column":12},"end":{"line":77,"column":81}},"34":{"start":{"line":80,"column":20},"end":{"line":83,"column":10}},"35":{"start":{"line":85,"column":8},"end":{"line":108,"column":9}},"36":{"start":{"line":86,"column":24},"end":{"line":86,"column":34}},"37":{"start":{"line":87,"column":29},"end":{"line":87,"column":38}},"38":{"start":{"line":88,"column":32},"end":{"line":88,"column":52}},"39":{"start":{"line":91,"column":12},"end":{"line":98,"column":13}},"40":{"start":{"line":92,"column":16},"end":{"line":95,"column":18}},"41":{"start":{"line":97,"column":16},"end":{"line":97,"column":42}},"42":{"start":{"line":100,"column":12},"end":{"line":105,"column":13}},"43":{"start":{"line":101,"column":16},"end":{"line":104,"column":19}},"44":{"start":{"line":107,"column":12},"end":{"line":107,"column":29}},"45":{"start":{"line":110,"column":8},"end":{"line":110,"column":15}},"46":{"start":{"line":112,"column":8},"end":{"line":112,"column":52}},"47":{"start":{"line":113,"column":8},"end":{"line":113,"column":67}}},"fnMap":{"0":{"name":"(anonymous_0)","decl":{"start":{"line":5,"column":15},"end":{"line":5,"column":16}},"loc":{"start":{"line":5,"column":41},"end":{"line":55,"column":1}},"line":5},"1":{"name":"(anonymous_1)","decl":{"start":{"line":57,"column":20},"end":{"line":57,"column":21}},"loc":{"start":{"line":57,"column":46},"end":{"line":72,"column":1}},"line":57},"2":{"name":"(anonymous_2)","decl":{"start":{"line":74,"column":20},"end":{"line":74,"column":21}},"loc":{"start":{"line":74,"column":46},"end":{"line":115,"column":1}},"line":74}},"branchMap":{"0":{"loc":{"start":{"line":10,"column":8},"end":{"line":12,"column":9}},"type":"if","locations":[{"start":{"line":10,"column":8},"end":{"line":12,"column":9}},{"start":{},"end":{}}],"line":10},"1":{"loc":{"start":{"line":10,"column":12},"end":{"line":10,"column":29}},"type":"binary-expr","locations":[{"start":{"line":10,"column":12},"end":{"line":10,"column":19}},{"start":{"line":10,"column":23},"end":{"line":10,"column":29}}],"line":10},"2":{"loc":{"start":{"line":14,"column":8},"end":{"line":48,"column":9}},"type":"if","locations":[{"start":{"line":14,"column":8},"end":{"line":48,"column":9}},{"start":{"line":35,"column":15},"end":{"line":48,"column":9}}],"line":14},"3":{"loc":{"start":{"line":22,"column":12},"end":{"line":24,"column":13}},"type":"if","locations":[{"start":{"line":22,"column":12},"end":{"line":24,"column":13}},{"start":{},"end":{}}],"line":22},"4":{"loc":{"start":{"line":33,"column":29},"end":{"line":33,"column":64}},"type":"binary-expr","locations":[{"start":{"line":33,"column":29},"end":{"line":33,"column":49}},{"start":{"line":33,"column":53},"end":{"line":33,"column":64}}],"line":33},"5":{"loc":{"start":{"line":35,"column":15},"end":{"line":48,"column":9}},"type":"if","locations":[{"start":{"line":35,"column":15},"end":{"line":48,"column":9}},{"start":{},"end":{}}],"line":35},"6":{"loc":{"start":{"line":39,"column":12},"end":{"line":41,"column":13}},"type":"if","locations":[{"start":{"line":39,"column":12},"end":{"line":41,"column":13}},{"start":{},"end":{}}],"line":39},"7":{"loc":{"start":{"line":46,"column":29},"end":{"line":46,"column":63}},"type":"binary-expr","locations":[{"start":{"line":46,"column":29},"end":{"line":46,"column":48}},{"start":{"line":46,"column":52},"end":{"line":46,"column":63}}],"line":46},"8":{"loc":{"start":{"line":59,"column":8},"end":{"line":61,"column":9}},"type":"if","locations":[{"start":{"line":59,"column":8},"end":{"line":61,"column":9}},{"start":{},"end":{}}],"line":59},"9":{"loc":{"start":{"line":63,"column":8},"end":{"line":65,"column":9}},"type":"if","locations":[{"start":{"line":63,"column":8},"end":{"line":65,"column":9}},{"start":{},"end":{}}],"line":63},"10":{"loc":{"start":{"line":76,"column":8},"end":{"line":78,"column":9}},"type":"if","locations":[{"start":{"line":76,"column":8},"end":{"line":78,"column":9}},{"start":{},"end":{}}],"line":76},"11":{"loc":{"start":{"line":85,"column":8},"end":{"line":108,"column":9}},"type":"if","locations":[{"start":{"line":85,"column":8},"end":{"line":108,"column":9}},{"start":{},"end":{}}],"line":85},"12":{"loc":{"start":{"line":88,"column":32},"end":{"line":88,"column":52}},"type":"binary-expr","locations":[{"start":{"line":88,"column":32},"end":{"line":88,"column":45}},{"start":{"line":88,"column":49},"end":{"line":88,"column":52}}],"line":88},"13":{"loc":{"start":{"line":91,"column":12},"end":{"line":98,"column":13}},"type":"if","locations":[{"start":{"line":91,"column":12},"end":{"line":98,"column":13}},{"start":{"line":96,"column":19},"end":{"line":98,"column":13}}],"line":91},"14":{"loc":{"start":{"line":91,"column":16},"end":{"line":91,"column":84}},"type":"binary-expr","locations":[{"start":{"line":91,"column":16},"end":{"line":91,"column":34}},{"start":{"line":91,"column":38},"end":{"line":91,"column":84}}],"line":91},"15":{"loc":{"start":{"line":100,"column":12},"end":{"line":105,"column":13}},"type":"if","locations":[{"start":{"line":100,"column":12},"end":{"line":105,"column":13}},{"start":{},"end":{}}],"line":100}},"s":{"0":2,"1":0,"2":0,"3":0,"4":0,"5":0,"6":0,"7":0,"8":0,"9":0,"10":0,"11":0,"12":0,"13":0,"14":0,"15":0,"16":0,"17":0,"18":0,"19":0,"20":0,"21":2,"22":0,"23":0,"24":0,"25":0,"26":0,"27":0,"28":0,"29":0,"30":2,"31":0,"32":0,"33":0,"34":0,"35":0,"36":0,"37":0,"38":0,"39":0,"40":0,"41":0,"42":0,"43":0,"44":0,"45":0,"46":0,"47":0},"f":{"0":0,"1":0,"2":0},"b":{"0":[0,0],"1":[0,0],"2":[0,0],"3":[0,0],"4":[0,0],"5":[0,0],"6":[0,0],"7":[0,0],"8":[0,0],"9":[0,0],"10":[0,0],"11":[0,0],"12":[0,0],"13":[0,0],"14":[0,0],"15":[0,0]},"_coverageSchema":"1a1c01bbd47fc00a2c39e90264f33305004495a9","hash":"3e6b639a0d5e24be9ddf5c6b9517834c3f4ba3d5"}
,"D:\\Users\\Java\\Documents\\Freelance-Project\\Project-Eye2\\P-Eye\\backend\\src\\middleware\\rateLimiter.js": {"path":"D:\\Users\\Java\\Documents\\Freelance-Project\\Project-Eye2\\P-Eye\\backend\\src\\middleware\\rateLimiter.js","statementMap":{"0":{"start":{"line":6,"column":14},"end":{"line":6,"column":87}},"1":{"start":{"line":9,"column":29},"end":{"line":28,"column":1}},"2":{"start":{"line":10,"column":20},"end":{"line":25,"column":5}},"3":{"start":{"line":17,"column":12},"end":{"line":17,"column":73}},"4":{"start":{"line":18,"column":12},"end":{"line":21,"column":15}},"5":{"start":{"line":23,"column":23},"end":{"line":23,"column":74}},"6":{"start":{"line":24,"column":31},"end":{"line":24,"column":64}},"7":{"start":{"line":27,"column":4},"end":{"line":27,"column":19}},"8":{"start":{"line":31,"column":23},"end":{"line":31,"column":75}},"9":{"start":{"line":32,"column":30},"end":{"line":32,"column":55}},"10":{"start":{"line":35,"column":21},"end":{"line":35,"column":69}},"11":{"start":{"line":36,"column":28},"end":{"line":36,"column":51}},"12":{"start":{"line":39,"column":19},"end":{"line":39,"column":62}},"13":{"start":{"line":40,"column":30},"end":{"line":40,"column":51}},"14":{"start":{"line":43,"column":23},"end":{"line":47,"column":1}}},"fnMap":{"0":{"name":"(anonymous_0)","decl":{"start":{"line":9,"column":29},"end":{"line":9,"column":30}},"loc":{"start":{"line":9,"column":54},"end":{"line":28,"column":1}},"line":9},"1":{"name":"(anonymous_1)","decl":{"start":{"line":16,"column":17},"end":{"line":16,"column":18}},"loc":{"start":{"line":16,"column":31},"end":{"line":22,"column":9}},"line":16},"2":{"name":"(anonymous_2)","decl":{"start":{"line":23,"column":14},"end":{"line":23,"column":15}},"loc":{"start":{"line":23,"column":23},"end":{"line":23,"column":74}},"line":23},"3":{"name":"(anonymous_3)","decl":{"start":{"line":24,"column":22},"end":{"line":24,"column":23}},"loc":{"start":{"line":24,"column":31},"end":{"line":24,"column":64}},"line":24}},"branchMap":{"0":{"loc":{"start":{"line":6,"column":14},"end":{"line":6,"column":87}},"type":"binary-expr","locations":[{"start":{"line":6,"column":14},"end":{"line":6,"column":52}},{"start":{"line":6,"column":56},"end":{"line":6,"column":87}}],"line":6},"1":{"loc":{"start":{"line":23,"column":23},"end":{"line":23,"column":74}},"type":"binary-expr","locations":[{"start":{"line":23,"column":23},"end":{"line":23,"column":28}},{"start":{"line":23,"column":32},"end":{"line":23,"column":54}},{"start":{"line":23,"column":58},"end":{"line":23,"column":74}}],"line":23}},"s":{"0":3,"1":3,"2":9,"3":1,"4":1,"5":3,"6":3,"7":9,"8":3,"9":3,"10":3,"11":3,"12":3,"13":3,"14":3},"f":{"0":9,"1":1,"2":3,"3":3},"b":{"0":[3,3],"1":[3,0,0]},"_coverageSchema":"1a1c01bbd47fc00a2c39e90264f33305004495a9","hash":"29b130d23160c8ac04ffa04b4b2232040fc9f527"}
,"D:\\Users\\Java\\Documents\\Freelance-Project\\Project-Eye2\\P-Eye\\backend\\src\\middleware\\requestLogger.js": {"path":"D:\\Users\\Java\\Documents\\Freelance-Project\\Project-Eye2\\P-Eye\\backend\\src\\middleware\\requestLogger.js","statementMap":{"0":{"start":{"line":5,"column":0},"end":{"line":5,"column":56}},"1":{"start":{"line":5,"column":30},"end":{"line":5,"column":54}},"2":{"start":{"line":8,"column":21},"end":{"line":10,"column":73}},"3":{"start":{"line":12,"column":29},"end":{"line":12,"column":61}}},"fnMap":{"0":{"name":"(anonymous_0)","decl":{"start":{"line":5,"column":21},"end":{"line":5,"column":22}},"loc":{"start":{"line":5,"column":30},"end":{"line":5,"column":54}},"line":5}},"branchMap":{"0":{"loc":{"start":{"line":8,"column":21},"end":{"line":10,"column":73}},"type":"cond-expr","locations":[{"start":{"line":9,"column":4},"end":{"line":9,"column":135}},{"start":{"line":10,"column":4},"end":{"line":10,"column":73}}],"line":8}},"s":{"0":2,"1":15,"2":2,"3":2},"f":{"0":15},"b":{"0":[0,2]},"_coverageSchema":"1a1c01bbd47fc00a2c39e90264f33305004495a9","hash":"d2dd8ecdf58558557a919caee01691989e0c636e"}
,"D:\\Users\\Java\\Documents\\Freelance-Project\\Project-Eye2\\P-Eye\\backend\\src\\middleware\\sessionAuth.js": {"path":"D:\\Users\\Java\\Documents\\Freelance-Project\\Project-Eye2\\P-Eye\\backend\\src\\middleware\\sessionAuth.js","statementMap":{"0":{"start":{"line":6,"column":34},"end":{"line":12,"column":2}},"1":{"start":{"line":14,"column":31},"end":{"line":44,"column":1}},"2":{"start":{"line":15,"column":4},"end":{"line":43,"column":5}},"3":{"start":{"line":16,"column":26},"end":{"line":16,"column":53}},"4":{"start":{"line":18,"column":8},"end":{"line":23,"column":9}},"5":{"start":{"line":19,"column":12},"end":{"line":22,"column":15}},"6":{"start":{"line":25,"column":24},"end":{"line":25,"column":71}},"7":{"start":{"line":27,"column":8},"end":{"line":32,"column":9}},"8":{"start":{"line":28,"column":12},"end":{"line":31,"column":15}},"9":{"start":{"line":35,"column":8},"end":{"line":35,"column":30}},"10":{"start":{"line":36,"column":8},"end":{"line":36,"column":15}},"11":{"start":{"line":38,"column":8},"end":{"line":38,"column":57}},"12":{"start":{"line":39,"column":8},"end":{"line":42,"column":11}},"13":{"start":{"line":46,"column":27},"end":{"line":64,"column":1}},"14":{"start":{"line":47,"column":4},"end":{"line":63,"column":6}},"15":{"start":{"line":48,"column":8},"end":{"line":53,"column":9}},"16":{"start":{"line":49,"column":12},"end":{"line":52,"column":15}},"17":{"start":{"line":55,"column":8},"end":{"line":60,"column":9}},"18":{"start":{"line":56,"column":12},"end":{"line":59,"column":15}},"19":{"start":{"line":62,"column":8},"end":{"line":62,"column":15}}},"fnMap":{"0":{"name":"(anonymous_0)","decl":{"start":{"line":14,"column":31},"end":{"line":14,"column":32}},"loc":{"start":{"line":14,"column":57},"end":{"line":44,"column":1}},"line":14},"1":{"name":"(anonymous_1)","decl":{"start":{"line":46,"column":27},"end":{"line":46,"column":28}},"loc":{"start":{"line":46,"column":38},"end":{"line":64,"column":1}},"line":46},"2":{"name":"(anonymous_2)","decl":{"start":{"line":47,"column":11},"end":{"line":47,"column":12}},"loc":{"start":{"line":47,"column":31},"end":{"line":63,"column":5}},"line":47}},"branchMap":{"0":{"loc":{"start":{"line":18,"column":8},"end":{"line":23,"column":9}},"type":"if","locations":[{"start":{"line":18,"column":8},"end":{"line":23,"column":9}},{"start":{},"end":{}}],"line":18},"1":{"loc":{"start":{"line":27,"column":8},"end":{"line":32,"column":9}},"type":"if","locations":[{"start":{"line":27,"column":8},"end":{"line":32,"column":9}},{"start":{},"end":{}}],"line":27},"2":{"loc":{"start":{"line":48,"column":8},"end":{"line":53,"column":9}},"type":"if","locations":[{"start":{"line":48,"column":8},"end":{"line":53,"column":9}},{"start":{},"end":{}}],"line":48},"3":{"loc":{"start":{"line":55,"column":8},"end":{"line":60,"column":9}},"type":"if","locations":[{"start":{"line":55,"column":8},"end":{"line":60,"column":9}},{"start":{},"end":{}}],"line":55}},"s":{"0":2,"1":2,"2":0,"3":0,"4":0,"5":0,"6":0,"7":0,"8":0,"9":0,"10":0,"11":0,"12":0,"13":2,"14":6,"15":0,"16":0,"17":0,"18":0,"19":0},"f":{"0":0,"1":6,"2":0},"b":{"0":[0,0],"1":[0,0],"2":[0,0],"3":[0,0]},"_coverageSchema":"1a1c01bbd47fc00a2c39e90264f33305004495a9","hash":"4eeed8b171db1be6d609c8d816c0433962b74a4b"}
,"D:\\Users\\Java\\Documents\\Freelance-Project\\Project-Eye2\\P-Eye\\backend\\src\\middleware\\sqlInjectionPrevention.js": {"path":"D:\\Users\\Java\\Documents\\Freelance-Project\\Project-Eye2\\P-Eye\\backend\\src\\middleware\\sqlInjectionPrevention.js","statementMap":{"0":{"start":{"line":3,"column":31},"end":{"line":18,"column":1}},"1":{"start":{"line":20,"column":22},"end":{"line":27,"column":1}},"2":{"start":{"line":29,"column":29},"end":{"line":38,"column":1}},"3":{"start":{"line":30,"column":4},"end":{"line":30,"column":48}},"4":{"start":{"line":30,"column":35},"end":{"line":30,"column":48}},"5":{"start":{"line":33,"column":4},"end":{"line":35,"column":5}},"6":{"start":{"line":33,"column":38},"end":{"line":33,"column":57}},"7":{"start":{"line":34,"column":8},"end":{"line":34,"column":21}},"8":{"start":{"line":37,"column":4},"end":{"line":37,"column":71}},"9":{"start":{"line":37,"column":50},"end":{"line":37,"column":69}},"10":{"start":{"line":40,"column":23},"end":{"line":52,"column":1}},"11":{"start":{"line":41,"column":4},"end":{"line":50,"column":5}},"12":{"start":{"line":42,"column":8},"end":{"line":49,"column":9}},"13":{"start":{"line":43,"column":26},"end":{"line":43,"column":34}},"14":{"start":{"line":44,"column":12},"end":{"line":48,"column":13}},"15":{"start":{"line":45,"column":16},"end":{"line":45,"column":55}},"16":{"start":{"line":45,"column":43},"end":{"line":45,"column":55}},"17":{"start":{"line":46,"column":19},"end":{"line":48,"column":13}},"18":{"start":{"line":47,"column":16},"end":{"line":47,"column":28}},"19":{"start":{"line":51,"column":4},"end":{"line":51,"column":17}},"20":{"start":{"line":54,"column":38},"end":{"line":95,"column":1}},"21":{"start":{"line":55,"column":4},"end":{"line":94,"column":5}},"22":{"start":{"line":57,"column":8},"end":{"line":60,"column":9}},"23":{"start":{"line":58,"column":12},"end":{"line":58,"column":95}},"24":{"start":{"line":59,"column":12},"end":{"line":59,"column":95}},"25":{"start":{"line":63,"column":8},"end":{"line":66,"column":9}},"26":{"start":{"line":64,"column":12},"end":{"line":64,"column":97}},"27":{"start":{"line":65,"column":12},"end":{"line":65,"column":97}},"28":{"start":{"line":69,"column":8},"end":{"line":72,"column":9}},"29":{"start":{"line":70,"column":12},"end":{"line":70,"column":93}},"30":{"start":{"line":71,"column":12},"end":{"line":71,"column":93}},"31":{"start":{"line":75,"column":24},"end":{"line":75,"column":42}},"32":{"start":{"line":76,"column":8},"end":{"line":76,"column":37}},"33":{"start":{"line":77,"column":8},"end":{"line":77,"column":33}},"34":{"start":{"line":78,"column":8},"end":{"line":78,"column":42}},"35":{"start":{"line":79,"column":8},"end":{"line":79,"column":42}},"36":{"start":{"line":80,"column":8},"end":{"line":80,"column":37}},"37":{"start":{"line":81,"column":8},"end":{"line":81,"column":31}},"38":{"start":{"line":82,"column":8},"end":{"line":82,"column":34}},"39":{"start":{"line":83,"column":8},"end":{"line":83,"column":33}},"40":{"start":{"line":85,"column":8},"end":{"line":88,"column":9}},"41":{"start":{"line":86,"column":12},"end":{"line":86,"column":88}},"42":{"start":{"line":87,"column":12},"end":{"line":87,"column":88}},"43":{"start":{"line":90,"column":8},"end":{"line":90,"column":15}},"44":{"start":{"line":92,"column":8},"end":{"line":92,"column":77}},"45":{"start":{"line":93,"column":8},"end":{"line":93,"column":20}}},"fnMap":{"0":{"name":"(anonymous_0)","decl":{"start":{"line":29,"column":29},"end":{"line":29,"column":30}},"loc":{"start":{"line":29,"column":40},"end":{"line":38,"column":1}},"line":29},"1":{"name":"(anonymous_1)","decl":{"start":{"line":33,"column":27},"end":{"line":33,"column":28}},"loc":{"start":{"line":33,"column":38},"end":{"line":33,"column":57}},"line":33},"2":{"name":"(anonymous_2)","decl":{"start":{"line":37,"column":39},"end":{"line":37,"column":40}},"loc":{"start":{"line":37,"column":50},"end":{"line":37,"column":69}},"line":37},"3":{"name":"(anonymous_3)","decl":{"start":{"line":40,"column":23},"end":{"line":40,"column":24}},"loc":{"start":{"line":40,"column":32},"end":{"line":52,"column":1}},"line":40},"4":{"name":"(anonymous_4)","decl":{"start":{"line":54,"column":38},"end":{"line":54,"column":39}},"loc":{"start":{"line":54,"column":58},"end":{"line":95,"column":1}},"line":54}},"branchMap":{"0":{"loc":{"start":{"line":30,"column":4},"end":{"line":30,"column":48}},"type":"if","locations":[{"start":{"line":30,"column":4},"end":{"line":30,"column":48}},{"start":{},"end":{}}],"line":30},"1":{"loc":{"start":{"line":33,"column":4},"end":{"line":35,"column":5}},"type":"if","locations":[{"start":{"line":33,"column":4},"end":{"line":35,"column":5}},{"start":{},"end":{}}],"line":33},"2":{"loc":{"start":{"line":42,"column":8},"end":{"line":49,"column":9}},"type":"if","locations":[{"start":{"line":42,"column":8},"end":{"line":49,"column":9}},{"start":{},"end":{}}],"line":42},"3":{"loc":{"start":{"line":44,"column":12},"end":{"line":48,"column":13}},"type":"if","locations":[{"start":{"line":44,"column":12},"end":{"line":48,"column":13}},{"start":{"line":46,"column":19},"end":{"line":48,"column":13}}],"line":44},"4":{"loc":{"start":{"line":44,"column":16},"end":{"line":44,"column":59}},"type":"binary-expr","locations":[{"start":{"line":44,"column":16},"end":{"line":44,"column":41}},{"start":{"line":44,"column":45},"end":{"line":44,"column":59}}],"line":44},"5":{"loc":{"start":{"line":45,"column":16},"end":{"line":45,"column":55}},"type":"if","locations":[{"start":{"line":45,"column":16},"end":{"line":45,"column":55}},{"start":{},"end":{}}],"line":45},"6":{"loc":{"start":{"line":46,"column":19},"end":{"line":48,"column":13}},"type":"if","locations":[{"start":{"line":46,"column":19},"end":{"line":48,"column":13}},{"start":{},"end":{}}],"line":46},"7":{"loc":{"start":{"line":57,"column":8},"end":{"line":60,"column":9}},"type":"if","locations":[{"start":{"line":57,"column":8},"end":{"line":60,"column":9}},{"start":{},"end":{}}],"line":57},"8":{"loc":{"start":{"line":63,"column":8},"end":{"line":66,"column":9}},"type":"if","locations":[{"start":{"line":63,"column":8},"end":{"line":66,"column":9}},{"start":{},"end":{}}],"line":63},"9":{"loc":{"start":{"line":69,"column":8},"end":{"line":72,"column":9}},"type":"if","locations":[{"start":{"line":69,"column":8},"end":{"line":72,"column":9}},{"start":{},"end":{}}],"line":69},"10":{"loc":{"start":{"line":69,"column":12},"end":{"line":69,"column":48}},"type":"binary-expr","locations":[{"start":{"line":69,"column":12},"end":{"line":69,"column":20}},{"start":{"line":69,"column":24},"end":{"line":69,"column":48}}],"line":69},"11":{"loc":{"start":{"line":85,"column":8},"end":{"line":88,"column":9}},"type":"if","locations":[{"start":{"line":85,"column":8},"end":{"line":88,"column":9}},{"start":{},"end":{}}],"line":85}},"s":{"0":3,"1":3,"2":3,"3":16,"4":2,"5":14,"6":79,"7":9,"8":5,"9":18,"10":3,"11":31,"12":20,"13":20,"14":20,"15":4,"16":2,"17":16,"18":4,"19":25,"20":3,"21":8,"22":8,"23":0,"24":0,"25":8,"26":1,"27":1,"28":7,"29":3,"30":3,"31":4,"32":4,"33":4,"34":4,"35":4,"36":4,"37":4,"38":4,"39":4,"40":4,"41":0,"42":0,"43":4,"44":0,"45":0},"f":{"0":16,"1":79,"2":18,"3":31,"4":8},"b":{"0":[2,14],"1":[9,5],"2":[20,0],"3":[4,16],"4":[20,5],"5":[2,2],"6":[4,12],"7":[0,8],"8":[1,7],"9":[3,4],"10":[7,7],"11":[0,4]},"_coverageSchema":"1a1c01bbd47fc00a2c39e90264f33305004495a9","hash":"3a4eaa2c022aa553a2732845b2768fa7e4f081a0"}
,"D:\\Users\\Java\\Documents\\Freelance-Project\\Project-Eye2\\P-Eye\\backend\\src\\middleware\\xssPrevention.js": {"path":"D:\\Users\\Java\\Documents\\Freelance-Project\\Project-Eye2\\P-Eye\\backend\\src\\middleware\\xssPrevention.js","statementMap":{"0":{"start":{"line":3,"column":21},"end":{"line":14,"column":1}},"1":{"start":{"line":16,"column":20},"end":{"line":19,"column":1}},"2":{"start":{"line":17,"column":2},"end":{"line":17,"column":46}},"3":{"start":{"line":17,"column":33},"end":{"line":17,"column":46}},"4":{"start":{"line":18,"column":2},"end":{"line":18,"column":59}},"5":{"start":{"line":18,"column":38},"end":{"line":18,"column":57}},"6":{"start":{"line":21,"column":22},"end":{"line":30,"column":1}},"7":{"start":{"line":22,"column":2},"end":{"line":28,"column":3}},"8":{"start":{"line":23,"column":4},"end":{"line":27,"column":7}},"9":{"start":{"line":29,"column":2},"end":{"line":29,"column":15}},"10":{"start":{"line":32,"column":23},"end":{"line":48,"column":1}},"11":{"start":{"line":33,"column":20},"end":{"line":33,"column":22}},"12":{"start":{"line":35,"column":2},"end":{"line":45,"column":3}},"13":{"start":{"line":36,"column":4},"end":{"line":36,"column":43}},"14":{"start":{"line":36,"column":34},"end":{"line":36,"column":43}},"15":{"start":{"line":38,"column":18},"end":{"line":38,"column":26}},"16":{"start":{"line":40,"column":4},"end":{"line":44,"column":5}},"17":{"start":{"line":41,"column":6},"end":{"line":41,"column":45}},"18":{"start":{"line":43,"column":6},"end":{"line":43,"column":44}},"19":{"start":{"line":47,"column":2},"end":{"line":47,"column":19}},"20":{"start":{"line":50,"column":20},"end":{"line":63,"column":1}},"21":{"start":{"line":51,"column":2},"end":{"line":61,"column":3}},"22":{"start":{"line":52,"column":4},"end":{"line":52,"column":43}},"23":{"start":{"line":52,"column":34},"end":{"line":52,"column":43}},"24":{"start":{"line":54,"column":18},"end":{"line":54,"column":26}},"25":{"start":{"line":56,"column":4},"end":{"line":60,"column":5}},"26":{"start":{"line":57,"column":6},"end":{"line":57,"column":42}},"27":{"start":{"line":57,"column":30},"end":{"line":57,"column":42}},"28":{"start":{"line":58,"column":11},"end":{"line":60,"column":5}},"29":{"start":{"line":59,"column":6},"end":{"line":59,"column":18}},"30":{"start":{"line":62,"column":2},"end":{"line":62,"column":15}},"31":{"start":{"line":65,"column":29},"end":{"line":112,"column":1}},"32":{"start":{"line":66,"column":2},"end":{"line":111,"column":3}},"33":{"start":{"line":68,"column":4},"end":{"line":76,"column":5}},"34":{"start":{"line":69,"column":6},"end":{"line":74,"column":7}},"35":{"start":{"line":70,"column":8},"end":{"line":73,"column":11}},"36":{"start":{"line":75,"column":6},"end":{"line":75,"column":44}},"37":{"start":{"line":79,"column":4},"end":{"line":87,"column":5}},"38":{"start":{"line":80,"column":6},"end":{"line":85,"column":7}},"39":{"start":{"line":81,"column":8},"end":{"line":84,"column":11}},"40":{"start":{"line":86,"column":6},"end":{"line":86,"column":42}},"41":{"start":{"line":90,"column":4},"end":{"line":98,"column":5}},"42":{"start":{"line":91,"column":6},"end":{"line":96,"column":7}},"43":{"start":{"line":92,"column":8},"end":{"line":95,"column":11}},"44":{"start":{"line":97,"column":6},"end":{"line":97,"column":46}},"45":{"start":{"line":101,"column":4},"end":{"line":101,"column":55}},"46":{"start":{"line":102,"column":4},"end":{"line":102,"column":67}},"47":{"start":{"line":103,"column":4},"end":{"line":103,"column":55}},"48":{"start":{"line":105,"column":4},"end":{"line":105,"column":11}},"49":{"start":{"line":107,"column":4},"end":{"line":110,"column":7}}},"fnMap":{"0":{"name":"(anonymous_0)","decl":{"start":{"line":16,"column":20},"end":{"line":16,"column":21}},"loc":{"start":{"line":16,"column":31},"end":{"line":19,"column":1}},"line":16},"1":{"name":"(anonymous_1)","decl":{"start":{"line":18,"column":27},"end":{"line":18,"column":28}},"loc":{"start":{"line":18,"column":38},"end":{"line":18,"column":57}},"line":18},"2":{"name":"(anonymous_2)","decl":{"start":{"line":21,"column":22},"end":{"line":21,"column":23}},"loc":{"start":{"line":21,"column":33},"end":{"line":30,"column":1}},"line":21},"3":{"name":"(anonymous_3)","decl":{"start":{"line":32,"column":23},"end":{"line":32,"column":24}},"loc":{"start":{"line":32,"column":32},"end":{"line":48,"column":1}},"line":32},"4":{"name":"(anonymous_4)","decl":{"start":{"line":50,"column":20},"end":{"line":50,"column":21}},"loc":{"start":{"line":50,"column":29},"end":{"line":63,"column":1}},"line":50},"5":{"name":"(anonymous_5)","decl":{"start":{"line":65,"column":29},"end":{"line":65,"column":30}},"loc":{"start":{"line":65,"column":49},"end":{"line":112,"column":1}},"line":65}},"branchMap":{"0":{"loc":{"start":{"line":17,"column":2},"end":{"line":17,"column":46}},"type":"if","locations":[{"start":{"line":17,"column":2},"end":{"line":17,"column":46}},{"start":{},"end":{}}],"line":17},"1":{"loc":{"start":{"line":22,"column":2},"end":{"line":28,"column":3}},"type":"if","locations":[{"start":{"line":22,"column":2},"end":{"line":28,"column":3}},{"start":{},"end":{}}],"line":22},"2":{"loc":{"start":{"line":36,"column":4},"end":{"line":36,"column":43}},"type":"if","locations":[{"start":{"line":36,"column":4},"end":{"line":36,"column":43}},{"start":{},"end":{}}],"line":36},"3":{"loc":{"start":{"line":40,"column":4},"end":{"line":44,"column":5}},"type":"if","locations":[{"start":{"line":40,"column":4},"end":{"line":44,"column":5}},{"start":{"line":42,"column":11},"end":{"line":44,"column":5}}],"line":40},"4":{"loc":{"start":{"line":40,"column":8},"end":{"line":40,"column":51}},"type":"binary-expr","locations":[{"start":{"line":40,"column":8},"end":{"line":40,"column":33}},{"start":{"line":40,"column":37},"end":{"line":40,"column":51}}],"line":40},"5":{"loc":{"start":{"line":52,"column":4},"end":{"line":52,"column":43}},"type":"if","locations":[{"start":{"line":52,"column":4},"end":{"line":52,"column":43}},{"start":{},"end":{}}],"line":52},"6":{"loc":{"start":{"line":56,"column":4},"end":{"line":60,"column":5}},"type":"if","locations":[{"start":{"line":56,"column":4},"end":{"line":60,"column":5}},{"start":{"line":58,"column":11},"end":{"line":60,"column":5}}],"line":56},"7":{"loc":{"start":{"line":56,"column":8},"end":{"line":56,"column":51}},"type":"binary-expr","locations":[{"start":{"line":56,"column":8},"end":{"line":56,"column":33}},{"start":{"line":56,"column":37},"end":{"line":56,"column":51}}],"line":56},"8":{"loc":{"start":{"line":57,"column":6},"end":{"line":57,"column":42}},"type":"if","locations":[{"start":{"line":57,"column":6},"end":{"line":57,"column":42}},{"start":{},"end":{}}],"line":57},"9":{"loc":{"start":{"line":58,"column":11},"end":{"line":60,"column":5}},"type":"if","locations":[{"start":{"line":58,"column":11},"end":{"line":60,"column":5}},{"start":{},"end":{}}],"line":58},"10":{"loc":{"start":{"line":68,"column":4},"end":{"line":76,"column":5}},"type":"if","locations":[{"start":{"line":68,"column":4},"end":{"line":76,"column":5}},{"start":{},"end":{}}],"line":68},"11":{"loc":{"start":{"line":68,"column":8},"end":{"line":68,"column":54}},"type":"binary-expr","locations":[{"start":{"line":68,"column":8},"end":{"line":68,"column":17}},{"start":{"line":68,"column":21},"end":{"line":68,"column":54}}],"line":68},"12":{"loc":{"start":{"line":69,"column":6},"end":{"line":74,"column":7}},"type":"if","locations":[{"start":{"line":69,"column":6},"end":{"line":74,"column":7}},{"start":{},"end":{}}],"line":69},"13":{"loc":{"start":{"line":79,"column":4},"end":{"line":87,"column":5}},"type":"if","locations":[{"start":{"line":79,"column":4},"end":{"line":87,"column":5}},{"start":{},"end":{}}],"line":79},"14":{"loc":{"start":{"line":79,"column":8},"end":{"line":79,"column":52}},"type":"binary-expr","locations":[{"start":{"line":79,"column":8},"end":{"line":79,"column":16}},{"start":{"line":79,"column":20},"end":{"line":79,"column":52}}],"line":79},"15":{"loc":{"start":{"line":80,"column":6},"end":{"line":85,"column":7}},"type":"if","locations":[{"start":{"line":80,"column":6},"end":{"line":85,"column":7}},{"start":{},"end":{}}],"line":80},"16":{"loc":{"start":{"line":90,"column":4},"end":{"line":98,"column":5}},"type":"if","locations":[{"start":{"line":90,"column":4},"end":{"line":98,"column":5}},{"start":{},"end":{}}],"line":90},"17":{"loc":{"start":{"line":90,"column":8},"end":{"line":90,"column":56}},"type":"binary-expr","locations":[{"start":{"line":90,"column":8},"end":{"line":90,"column":18}},{"start":{"line":90,"column":22},"end":{"line":90,"column":56}}],"line":90},"18":{"loc":{"start":{"line":91,"column":6},"end":{"line":96,"column":7}},"type":"if","locations":[{"start":{"line":91,"column":6},"end":{"line":96,"column":7}},{"start":{},"end":{}}],"line":91}},"s":{"0":2,"1":2,"2":0,"3":0,"4":0,"5":0,"6":2,"7":0,"8":0,"9":0,"10":2,"11":0,"12":0,"13":0,"14":0,"15":0,"16":0,"17":0,"18":0,"19":0,"20":2,"21":0,"22":0,"23":0,"24":0,"25":0,"26":0,"27":0,"28":0,"29":0,"30":0,"31":2,"32":0,"33":0,"34":0,"35":0,"36":0,"37":0,"38":0,"39":0,"40":0,"41":0,"42":0,"43":0,"44":0,"45":0,"46":0,"47":0,"48":0,"49":0},"f":{"0":0,"1":0,"2":0,"3":0,"4":0,"5":0},"b":{"0":[0,0],"1":[0,0],"2":[0,0],"3":[0,0],"4":[0,0],"5":[0,0],"6":[0,0],"7":[0,0],"8":[0,0],"9":[0,0],"10":[0,0],"11":[0,0],"12":[0,0],"13":[0,0],"14":[0,0],"15":[0,0],"16":[0,0],"17":[0,0],"18":[0,0]},"_coverageSchema":"1a1c01bbd47fc00a2c39e90264f33305004495a9","hash":"dfae99a79475155214a9a693f8b2104d65effac1"}
,"D:\\Users\\Java\\Documents\\Freelance-Project\\Project-Eye2\\P-Eye\\backend\\src\\models\\AlertConfig.js": {"path":"D:\\Users\\Java\\Documents\\Freelance-Project\\Project-Eye2\\P-Eye\\backend\\src\\models\\AlertConfig.js","statementMap":{"0":{"start":{"line":3,"column":24},"end":{"line":33,"column":2}},"1":{"start":{"line":35,"column":34},"end":{"line":56,"column":2}},"2":{"start":{"line":58,"column":26},"end":{"line":115,"column":2}},"3":{"start":{"line":118,"column":0},"end":{"line":118,"column":37}},"4":{"start":{"line":119,"column":0},"end":{"line":119,"column":41}},"5":{"start":{"line":120,"column":0},"end":{"line":120,"column":40}},"6":{"start":{"line":121,"column":0},"end":{"line":121,"column":50}},"7":{"start":{"line":122,"column":0},"end":{"line":122,"column":52}},"8":{"start":{"line":125,"column":0},"end":{"line":145,"column":2}},"9":{"start":{"line":126,"column":4},"end":{"line":126,"column":36}},"10":{"start":{"line":126,"column":23},"end":{"line":126,"column":36}},"11":{"start":{"line":128,"column":55},"end":{"line":128,"column":65}},"12":{"start":{"line":130,"column":4},"end":{"line":144,"column":5}},"13":{"start":{"line":132,"column":12},"end":{"line":132,"column":63}},"14":{"start":{"line":132,"column":40},"end":{"line":132,"column":61}},"15":{"start":{"line":134,"column":12},"end":{"line":134,"column":53}},"16":{"start":{"line":136,"column":12},"end":{"line":138,"column":14}},"17":{"start":{"line":137,"column":16},"end":{"line":137,"column":77}},"18":{"start":{"line":137,"column":41},"end":{"line":137,"column":76}},"19":{"start":{"line":141,"column":12},"end":{"line":141,"column":24}},"20":{"start":{"line":143,"column":12},"end":{"line":143,"column":25}},"21":{"start":{"line":147,"column":0},"end":{"line":162,"column":2}},"22":{"start":{"line":148,"column":4},"end":{"line":161,"column":7}},"23":{"start":{"line":149,"column":22},"end":{"line":149,"column":47}},"24":{"start":{"line":150,"column":8},"end":{"line":150,"column":46}},"25":{"start":{"line":150,"column":33},"end":{"line":150,"column":46}},"26":{"start":{"line":152,"column":8},"end":{"line":160,"column":9}},"27":{"start":{"line":153,"column":23},"end":{"line":153,"column":54}},"28":{"start":{"line":154,"column":23},"end":{"line":154,"column":54}},"29":{"start":{"line":155,"column":24},"end":{"line":155,"column":56}},"30":{"start":{"line":156,"column":24},"end":{"line":156,"column":56}},"31":{"start":{"line":157,"column":23},"end":{"line":157,"column":56}},"32":{"start":{"line":158,"column":24},"end":{"line":158,"column":57}},"33":{"start":{"line":159,"column":21},"end":{"line":159,"column":34}},"34":{"start":{"line":164,"column":20},"end":{"line":164,"column":68}}},"fnMap":{"0":{"name":"(anonymous_0)","decl":{"start":{"line":125,"column":49},"end":{"line":125,"column":50}},"loc":{"start":{"line":125,"column":66},"end":{"line":145,"column":1}},"line":125},"1":{"name":"(anonymous_1)","decl":{"start":{"line":132,"column":34},"end":{"line":132,"column":35}},"loc":{"start":{"line":132,"column":40},"end":{"line":132,"column":61}},"line":132},"2":{"name":"(anonymous_2)","decl":{"start":{"line":136,"column":42},"end":{"line":136,"column":43}},"loc":{"start":{"line":137,"column":16},"end":{"line":137,"column":77}},"line":137},"3":{"name":"(anonymous_3)","decl":{"start":{"line":137,"column":30},"end":{"line":137,"column":31}},"loc":{"start":{"line":137,"column":41},"end":{"line":137,"column":76}},"line":137},"4":{"name":"(anonymous_4)","decl":{"start":{"line":147,"column":47},"end":{"line":147,"column":48}},"loc":{"start":{"line":147,"column":65},"end":{"line":162,"column":1}},"line":147},"5":{"name":"(anonymous_5)","decl":{"start":{"line":148,"column":33},"end":{"line":148,"column":34}},"loc":{"start":{"line":148,"column":46},"end":{"line":161,"column":5}},"line":148}},"branchMap":{"0":{"loc":{"start":{"line":126,"column":4},"end":{"line":126,"column":36}},"type":"if","locations":[{"start":{"line":126,"column":4},"end":{"line":126,"column":36}},{"start":{},"end":{}}],"line":126},"1":{"loc":{"start":{"line":130,"column":4},"end":{"line":144,"column":5}},"type":"switch","locations":[{"start":{"line":131,"column":8},"end":{"line":132,"column":63}},{"start":{"line":133,"column":8},"end":{"line":134,"column":53}},{"start":{"line":135,"column":8},"end":{"line":138,"column":14}},{"start":{"line":139,"column":8},"end":{"line":141,"column":24}},{"start":{"line":142,"column":8},"end":{"line":143,"column":25}}],"line":130},"2":{"loc":{"start":{"line":150,"column":8},"end":{"line":150,"column":46}},"type":"if","locations":[{"start":{"line":150,"column":8},"end":{"line":150,"column":46}},{"start":{},"end":{}}],"line":150},"3":{"loc":{"start":{"line":152,"column":8},"end":{"line":160,"column":9}},"type":"switch","locations":[{"start":{"line":153,"column":12},"end":{"line":153,"column":54}},{"start":{"line":154,"column":12},"end":{"line":154,"column":54}},{"start":{"line":155,"column":12},"end":{"line":155,"column":56}},{"start":{"line":156,"column":12},"end":{"line":156,"column":56}},{"start":{"line":157,"column":12},"end":{"line":157,"column":56}},{"start":{"line":158,"column":12},"end":{"line":158,"column":57}},{"start":{"line":159,"column":12},"end":{"line":159,"column":34}}],"line":152}},"s":{"0":2,"1":2,"2":2,"3":2,"4":2,"5":2,"6":2,"7":2,"8":2,"9":0,"10":0,"11":0,"12":0,"13":0,"14":0,"15":0,"16":0,"17":0,"18":0,"19":0,"20":0,"21":2,"22":0,"23":0,"24":0,"25":0,"26":0,"27":0,"28":0,"29":0,"30":0,"31":0,"32":0,"33":0,"34":2},"f":{"0":0,"1":0,"2":0,"3":0,"4":0,"5":0},"b":{"0":[0,0],"1":[0,0,0,0,0],"2":[0,0],"3":[0,0,0,0,0,0,0]},"_coverageSchema":"1a1c01bbd47fc00a2c39e90264f33305004495a9","hash":"08f31ad6416018d82689e44298a3eb38f90646db"}
,"D:\\Users\\Java\\Documents\\Freelance-Project\\Project-Eye2\\P-Eye\\backend\\src\\models\\Analysis.js": {"path":"D:\\Users\\Java\\Documents\\Freelance-Project\\Project-Eye2\\P-Eye\\backend\\src\\models\\Analysis.js","statementMap":{"0":{"start":{"line":3,"column":23},"end":{"line":56,"column":2}},"1":{"start":{"line":59,"column":0},"end":{"line":59,"column":37}},"2":{"start":{"line":60,"column":0},"end":{"line":60,"column":51}},"3":{"start":{"line":61,"column":0},"end":{"line":61,"column":36}},"4":{"start":{"line":62,"column":0},"end":{"line":62,"column":57}},"5":{"start":{"line":64,"column":17},"end":{"line":64,"column":59}}},"fnMap":{},"branchMap":{},"s":{"0":2,"1":2,"2":2,"3":2,"4":2,"5":2},"f":{},"b":{},"_coverageSchema":"1a1c01bbd47fc00a2c39e90264f33305004495a9","hash":"4ded2ad78c9dfd8f1310bfeeed0b70daa5e3d3e6"}
,"D:\\Users\\Java\\Documents\\Freelance-Project\\Project-Eye2\\P-Eye\\backend\\src\\models\\ApiKey.js": {"path":"D:\\Users\\Java\\Documents\\Freelance-Project\\Project-Eye2\\P-Eye\\backend\\src\\models\\ApiKey.js","statementMap":{"0":{"start":{"line":4,"column":21},"end":{"line":59,"column":2}},"1":{"start":{"line":13,"column":23},"end":{"line":13,"column":49}},"2":{"start":{"line":48,"column":25},"end":{"line":48,"column":35}},"3":{"start":{"line":49,"column":12},"end":{"line":49,"column":53}},"4":{"start":{"line":50,"column":12},"end":{"line":50,"column":24}},"5":{"start":{"line":62,"column":0},"end":{"line":62,"column":34}},"6":{"start":{"line":63,"column":0},"end":{"line":63,"column":32}},"7":{"start":{"line":64,"column":0},"end":{"line":64,"column":34}},"8":{"start":{"line":65,"column":0},"end":{"line":65,"column":37}},"9":{"start":{"line":68,"column":0},"end":{"line":71,"column":2}},"10":{"start":{"line":69,"column":4},"end":{"line":70,"column":60}},"11":{"start":{"line":73,"column":0},"end":{"line":76,"column":2}},"12":{"start":{"line":74,"column":4},"end":{"line":74,"column":28}},"13":{"start":{"line":75,"column":4},"end":{"line":75,"column":23}},"14":{"start":{"line":78,"column":0},"end":{"line":83,"column":2}},"15":{"start":{"line":79,"column":4},"end":{"line":82,"column":6}},"16":{"start":{"line":86,"column":0},"end":{"line":99,"column":2}},"17":{"start":{"line":87,"column":16},"end":{"line":95,"column":6}},"18":{"start":{"line":97,"column":4},"end":{"line":97,"column":21}},"19":{"start":{"line":98,"column":4},"end":{"line":98,"column":15}},"20":{"start":{"line":101,"column":0},"end":{"line":112,"column":2}},"21":{"start":{"line":102,"column":16},"end":{"line":105,"column":6}},"22":{"start":{"line":107,"column":4},"end":{"line":109,"column":5}},"23":{"start":{"line":108,"column":8},"end":{"line":108,"column":20}},"24":{"start":{"line":111,"column":4},"end":{"line":111,"column":15}},"25":{"start":{"line":115,"column":0},"end":{"line":120,"column":3}},"26":{"start":{"line":116,"column":4},"end":{"line":118,"column":5}},"27":{"start":{"line":117,"column":8},"end":{"line":117,"column":46}},"28":{"start":{"line":119,"column":4},"end":{"line":119,"column":11}},"29":{"start":{"line":122,"column":15},"end":{"line":122,"column":53}}},"fnMap":{"0":{"name":"(anonymous_0)","decl":{"start":{"line":13,"column":17},"end":{"line":13,"column":18}},"loc":{"start":{"line":13,"column":23},"end":{"line":13,"column":49}},"line":13},"1":{"name":"(anonymous_1)","decl":{"start":{"line":47,"column":17},"end":{"line":47,"column":18}},"loc":{"start":{"line":47,"column":23},"end":{"line":51,"column":9}},"line":47},"2":{"name":"(anonymous_2)","decl":{"start":{"line":68,"column":31},"end":{"line":68,"column":32}},"loc":{"start":{"line":68,"column":42},"end":{"line":71,"column":1}},"line":68},"3":{"name":"(anonymous_3)","decl":{"start":{"line":73,"column":30},"end":{"line":73,"column":31}},"loc":{"start":{"line":73,"column":47},"end":{"line":76,"column":1}},"line":73},"4":{"name":"(anonymous_4)","decl":{"start":{"line":78,"column":38},"end":{"line":78,"column":39}},"loc":{"start":{"line":78,"column":49},"end":{"line":83,"column":1}},"line":78},"5":{"name":"(anonymous_5)","decl":{"start":{"line":86,"column":35},"end":{"line":86,"column":36}},"loc":{"start":{"line":86,"column":78},"end":{"line":99,"column":1}},"line":86},"6":{"name":"(anonymous_6)","decl":{"start":{"line":101,"column":36},"end":{"line":101,"column":37}},"loc":{"start":{"line":101,"column":62},"end":{"line":112,"column":1}},"line":101},"7":{"name":"(anonymous_7)","decl":{"start":{"line":115,"column":25},"end":{"line":115,"column":26}},"loc":{"start":{"line":115,"column":40},"end":{"line":120,"column":1}},"line":115}},"branchMap":{"0":{"loc":{"start":{"line":69,"column":11},"end":{"line":70,"column":59}},"type":"binary-expr","locations":[{"start":{"line":69,"column":11},"end":{"line":69,"column":35}},{"start":{"line":70,"column":12},"end":{"line":70,"column":27}},{"start":{"line":70,"column":31},"end":{"line":70,"column":58}}],"line":69},"1":{"loc":{"start":{"line":86,"column":64},"end":{"line":86,"column":76}},"type":"default-arg","locations":[{"start":{"line":86,"column":74},"end":{"line":86,"column":76}}],"line":86},"2":{"loc":{"start":{"line":90,"column":14},"end":{"line":90,"column":57}},"type":"binary-expr","locations":[{"start":{"line":90,"column":14},"end":{"line":90,"column":26}},{"start":{"line":90,"column":30},"end":{"line":90,"column":57}}],"line":90},"3":{"loc":{"start":{"line":91,"column":21},"end":{"line":91,"column":55}},"type":"binary-expr","locations":[{"start":{"line":91,"column":21},"end":{"line":91,"column":40}},{"start":{"line":91,"column":44},"end":{"line":91,"column":55}}],"line":91},"4":{"loc":{"start":{"line":107,"column":4},"end":{"line":109,"column":5}},"type":"if","locations":[{"start":{"line":107,"column":4},"end":{"line":109,"column":5}},{"start":{},"end":{}}],"line":107},"5":{"loc":{"start":{"line":107,"column":8},"end":{"line":107,"column":30}},"type":"binary-expr","locations":[{"start":{"line":107,"column":8},"end":{"line":107,"column":12}},{"start":{"line":107,"column":16},"end":{"line":107,"column":30}}],"line":107},"6":{"loc":{"start":{"line":116,"column":4},"end":{"line":118,"column":5}},"type":"if","locations":[{"start":{"line":116,"column":4},"end":{"line":118,"column":5}},{"start":{},"end":{}}],"line":116},"7":{"loc":{"start":{"line":116,"column":8},"end":{"line":116,"column":31}},"type":"binary-expr","locations":[{"start":{"line":116,"column":8},"end":{"line":116,"column":18}},{"start":{"line":116,"column":22},"end":{"line":116,"column":31}}],"line":116}},"s":{"0":2,"1":0,"2":0,"3":0,"4":0,"5":2,"6":2,"7":2,"8":2,"9":2,"10":0,"11":2,"12":0,"13":0,"14":2,"15":0,"16":2,"17":0,"18":0,"19":0,"20":2,"21":0,"22":0,"23":0,"24":0,"25":2,"26":0,"27":0,"28":0,"29":2},"f":{"0":0,"1":0,"2":0,"3":0,"4":0,"5":0,"6":0,"7":0},"b":{"0":[0,0,0],"1":[0],"2":[0,0],"3":[0,0],"4":[0,0],"5":[0,0],"6":[0,0],"7":[0,0]},"_coverageSchema":"1a1c01bbd47fc00a2c39e90264f33305004495a9","hash":"af4dcfce271ecf01c9c17e830733cbbf2b5cfa21"}
,"D:\\Users\\Java\\Documents\\Freelance-Project\\Project-Eye2\\P-Eye\\backend\\src\\models\\BatchJob.js": {"path":"D:\\Users\\Java\\Documents\\Freelance-Project\\Project-Eye2\\P-Eye\\backend\\src\\models\\BatchJob.js","statementMap":{"0":{"start":{"line":3,"column":23},"end":{"line":46,"column":2}},"1":{"start":{"line":49,"column":0},"end":{"line":49,"column":36}},"2":{"start":{"line":50,"column":0},"end":{"line":50,"column":36}},"3":{"start":{"line":51,"column":0},"end":{"line":51,"column":39}},"4":{"start":{"line":52,"column":0},"end":{"line":52,"column":50}},"5":{"start":{"line":55,"column":0},"end":{"line":72,"column":2}},"6":{"start":{"line":56,"column":4},"end":{"line":56,"column":51}},"7":{"start":{"line":57,"column":4},"end":{"line":70,"column":5}},"8":{"start":{"line":58,"column":8},"end":{"line":58,"column":43}},"9":{"start":{"line":59,"column":8},"end":{"line":59,"column":34}},"10":{"start":{"line":62,"column":26},"end":{"line":62,"column":73}},"11":{"start":{"line":63,"column":34},"end":{"line":63,"column":84}},"12":{"start":{"line":63,"column":59},"end":{"line":63,"column":83}},"13":{"start":{"line":65,"column":8},"end":{"line":69,"column":10}},"14":{"start":{"line":71,"column":4},"end":{"line":71,"column":23}},"15":{"start":{"line":74,"column":0},"end":{"line":79,"column":2}},"16":{"start":{"line":75,"column":4},"end":{"line":75,"column":27}},"17":{"start":{"line":76,"column":4},"end":{"line":76,"column":31}},"18":{"start":{"line":77,"column":4},"end":{"line":77,"column":39}},"19":{"start":{"line":78,"column":4},"end":{"line":78,"column":23}},"20":{"start":{"line":82,"column":0},"end":{"line":86,"column":2}},"21":{"start":{"line":83,"column":4},"end":{"line":85,"column":41}},"22":{"start":{"line":88,"column":0},"end":{"line":96,"column":2}},"23":{"start":{"line":89,"column":23},"end":{"line":89,"column":33}},"24":{"start":{"line":90,"column":4},"end":{"line":90,"column":55}},"25":{"start":{"line":92,"column":4},"end":{"line":95,"column":7}},"26":{"start":{"line":98,"column":17},"end":{"line":98,"column":59}}},"fnMap":{"0":{"name":"(anonymous_0)","decl":{"start":{"line":55,"column":40},"end":{"line":55,"column":41}},"loc":{"start":{"line":55,"column":71},"end":{"line":72,"column":1}},"line":55},"1":{"name":"(anonymous_1)","decl":{"start":{"line":63,"column":54},"end":{"line":63,"column":55}},"loc":{"start":{"line":63,"column":59},"end":{"line":63,"column":83}},"line":63},"2":{"name":"(anonymous_2)","decl":{"start":{"line":74,"column":30},"end":{"line":74,"column":31}},"loc":{"start":{"line":74,"column":52},"end":{"line":79,"column":1}},"line":74},"3":{"name":"(anonymous_3)","decl":{"start":{"line":82,"column":39},"end":{"line":82,"column":40}},"loc":{"start":{"line":82,"column":50},"end":{"line":86,"column":1}},"line":82},"4":{"name":"(anonymous_4)","decl":{"start":{"line":88,"column":40},"end":{"line":88,"column":41}},"loc":{"start":{"line":88,"column":69},"end":{"line":96,"column":1}},"line":88}},"branchMap":{"0":{"loc":{"start":{"line":57,"column":4},"end":{"line":70,"column":5}},"type":"if","locations":[{"start":{"line":57,"column":4},"end":{"line":70,"column":5}},{"start":{},"end":{}}],"line":57},"1":{"loc":{"start":{"line":57,"column":8},"end":{"line":57,"column":79}},"type":"binary-expr","locations":[{"start":{"line":57,"column":8},"end":{"line":57,"column":31}},{"start":{"line":57,"column":35},"end":{"line":57,"column":79}}],"line":57},"2":{"loc":{"start":{"line":88,"column":55},"end":{"line":88,"column":67}},"type":"default-arg","locations":[{"start":{"line":88,"column":65},"end":{"line":88,"column":67}}],"line":88}},"s":{"0":2,"1":2,"2":2,"3":2,"4":2,"5":2,"6":0,"7":0,"8":0,"9":0,"10":0,"11":0,"12":0,"13":0,"14":0,"15":2,"16":0,"17":0,"18":0,"19":0,"20":2,"21":0,"22":2,"23":0,"24":0,"25":0,"26":2},"f":{"0":0,"1":0,"2":0,"3":0,"4":0},"b":{"0":[0,0],"1":[0,0],"2":[0]},"_coverageSchema":"1a1c01bbd47fc00a2c39e90264f33305004495a9","hash":"87d2f956e2a47d3a63ecdb259f6366b01e13473a"}
,"D:\\Users\\Java\\Documents\\Freelance-Project\\Project-Eye2\\P-Eye\\backend\\src\\models\\Image.js": {"path":"D:\\Users\\Java\\Documents\\Freelance-Project\\Project-Eye2\\P-Eye\\backend\\src\\models\\Image.js","statementMap":{"0":{"start":{"line":3,"column":20},"end":{"line":59,"column":2}},"1":{"start":{"line":62,"column":0},"end":{"line":62,"column":48}},"2":{"start":{"line":63,"column":0},"end":{"line":63,"column":33}},"3":{"start":{"line":64,"column":0},"end":{"line":64,"column":46}},"4":{"start":{"line":66,"column":14},"end":{"line":66,"column":50}}},"fnMap":{},"branchMap":{},"s":{"0":2,"1":2,"2":2,"3":2,"4":2},"f":{},"b":{},"_coverageSchema":"1a1c01bbd47fc00a2c39e90264f33305004495a9","hash":"aa148fd783dafb4de051fc4f56ccde7fd2698e82"}
,"D:\\Users\\Java\\Documents\\Freelance-Project\\Project-Eye2\\P-Eye\\backend\\src\\models\\NetworkDevice.js": {"path":"D:\\Users\\Java\\Documents\\Freelance-Project\\Project-Eye2\\P-Eye\\backend\\src\\models\\NetworkDevice.js","statementMap":{"0":{"start":{"line":3,"column":23},"end":{"line":11,"column":2}},"1":{"start":{"line":13,"column":31},"end":{"line":30,"column":2}},"2":{"start":{"line":32,"column":28},"end":{"line":98,"column":2}},"3":{"start":{"line":101,"column":0},"end":{"line":108,"column":3}},"4":{"start":{"line":111,"column":0},"end":{"line":113,"column":3}},"5":{"start":{"line":112,"column":4},"end":{"line":112,"column":39}},"6":{"start":{"line":116,"column":0},"end":{"line":119,"column":2}},"7":{"start":{"line":117,"column":23},"end":{"line":117,"column":47}},"8":{"start":{"line":118,"column":4},"end":{"line":118,"column":66}},"9":{"start":{"line":122,"column":0},"end":{"line":126,"column":2}},"10":{"start":{"line":123,"column":4},"end":{"line":123,"column":54}},"11":{"start":{"line":124,"column":4},"end":{"line":124,"column":31}},"12":{"start":{"line":125,"column":4},"end":{"line":125,"column":23}},"13":{"start":{"line":128,"column":22},"end":{"line":128,"column":74}}},"fnMap":{"0":{"name":"(anonymous_0)","decl":{"start":{"line":111,"column":45},"end":{"line":111,"column":46}},"loc":{"start":{"line":111,"column":56},"end":{"line":113,"column":1}},"line":111},"1":{"name":"(anonymous_1)","decl":{"start":{"line":116,"column":47},"end":{"line":116,"column":48}},"loc":{"start":{"line":116,"column":58},"end":{"line":119,"column":1}},"line":116},"2":{"name":"(anonymous_2)","decl":{"start":{"line":122,"column":44},"end":{"line":122,"column":45}},"loc":{"start":{"line":122,"column":65},"end":{"line":126,"column":1}},"line":122}},"branchMap":{"0":{"loc":{"start":{"line":118,"column":11},"end":{"line":118,"column":65}},"type":"binary-expr","locations":[{"start":{"line":118,"column":11},"end":{"line":118,"column":38}},{"start":{"line":118,"column":42},"end":{"line":118,"column":65}}],"line":118}},"s":{"0":2,"1":2,"2":2,"3":2,"4":2,"5":0,"6":2,"7":0,"8":0,"9":2,"10":0,"11":0,"12":0,"13":2},"f":{"0":0,"1":0,"2":0},"b":{"0":[0,0]},"_coverageSchema":"1a1c01bbd47fc00a2c39e90264f33305004495a9","hash":"535bd9c25290bf24e05001ce2a431e3dd8ddf8b6"}
,"D:\\Users\\Java\\Documents\\Freelance-Project\\Project-Eye2\\P-Eye\\backend\\src\\models\\NetworkMetrics.js": {"path":"D:\\Users\\Java\\Documents\\Freelance-Project\\Project-Eye2\\P-Eye\\backend\\src\\models\\NetworkMetrics.js","statementMap":{"0":{"start":{"line":3,"column":26},"end":{"line":10,"column":1}},"1":{"start":{"line":12,"column":30},"end":{"line":24,"column":1}},"2":{"start":{"line":26,"column":29},"end":{"line":135,"column":2}},"3":{"start":{"line":137,"column":0},"end":{"line":141,"column":2}},"4":{"start":{"line":138,"column":16},"end":{"line":138,"column":31}},"5":{"start":{"line":139,"column":4},"end":{"line":139,"column":19}},"6":{"start":{"line":140,"column":4},"end":{"line":140,"column":15}},"7":{"start":{"line":144,"column":0},"end":{"line":144,"column":59}},"8":{"start":{"line":147,"column":0},"end":{"line":171,"column":2}},"9":{"start":{"line":148,"column":21},"end":{"line":168,"column":5}},"10":{"start":{"line":170,"column":4},"end":{"line":170,"column":36}},"11":{"start":{"line":174,"column":0},"end":{"line":203,"column":2}},"12":{"start":{"line":175,"column":18},"end":{"line":175,"column":40}},"13":{"start":{"line":178,"column":4},"end":{"line":183,"column":5}},"14":{"start":{"line":179,"column":8},"end":{"line":182,"column":10}},"15":{"start":{"line":186,"column":4},"end":{"line":188,"column":5}},"16":{"start":{"line":187,"column":8},"end":{"line":187,"column":67}},"17":{"start":{"line":190,"column":20},"end":{"line":193,"column":15}},"18":{"start":{"line":196,"column":4},"end":{"line":202,"column":8}},"19":{"start":{"line":196,"column":34},"end":{"line":202,"column":5}},"20":{"start":{"line":206,"column":0},"end":{"line":214,"column":2}},"21":{"start":{"line":207,"column":4},"end":{"line":209,"column":5}},"22":{"start":{"line":208,"column":8},"end":{"line":208,"column":62}},"23":{"start":{"line":211,"column":4},"end":{"line":211,"column":43}},"24":{"start":{"line":212,"column":4},"end":{"line":212,"column":52}},"25":{"start":{"line":213,"column":4},"end":{"line":213,"column":23}},"26":{"start":{"line":217,"column":0},"end":{"line":222,"column":2}},"27":{"start":{"line":218,"column":4},"end":{"line":221,"column":7}},"28":{"start":{"line":224,"column":23},"end":{"line":224,"column":77}}},"fnMap":{"0":{"name":"(anonymous_0)","decl":{"start":{"line":137,"column":38},"end":{"line":137,"column":39}},"loc":{"start":{"line":137,"column":49},"end":{"line":141,"column":1}},"line":137},"1":{"name":"(anonymous_1)","decl":{"start":{"line":147,"column":48},"end":{"line":147,"column":49}},"loc":{"start":{"line":147,"column":101},"end":{"line":171,"column":1}},"line":147},"2":{"name":"(anonymous_2)","decl":{"start":{"line":174,"column":42},"end":{"line":174,"column":43}},"loc":{"start":{"line":174,"column":81},"end":{"line":203,"column":1}},"line":174},"3":{"name":"(anonymous_3)","decl":{"start":{"line":196,"column":23},"end":{"line":196,"column":24}},"loc":{"start":{"line":196,"column":34},"end":{"line":202,"column":5}},"line":196},"4":{"name":"(anonymous_4)","decl":{"start":{"line":206,"column":50},"end":{"line":206,"column":51}},"loc":{"start":{"line":206,"column":78},"end":{"line":214,"column":1}},"line":206},"5":{"name":"(anonymous_5)","decl":{"start":{"line":217,"column":49},"end":{"line":217,"column":50}},"loc":{"start":{"line":217,"column":78},"end":{"line":222,"column":1}},"line":217}},"branchMap":{"0":{"loc":{"start":{"line":174,"column":67},"end":{"line":174,"column":79}},"type":"default-arg","locations":[{"start":{"line":174,"column":77},"end":{"line":174,"column":79}}],"line":174},"1":{"loc":{"start":{"line":178,"column":4},"end":{"line":183,"column":5}},"type":"if","locations":[{"start":{"line":178,"column":4},"end":{"line":183,"column":5}},{"start":{},"end":{}}],"line":178},"2":{"loc":{"start":{"line":186,"column":4},"end":{"line":188,"column":5}},"type":"if","locations":[{"start":{"line":186,"column":4},"end":{"line":188,"column":5}},{"start":{},"end":{}}],"line":186},"3":{"loc":{"start":{"line":192,"column":15},"end":{"line":192,"column":36}},"type":"binary-expr","locations":[{"start":{"line":192,"column":15},"end":{"line":192,"column":28}},{"start":{"line":192,"column":32},"end":{"line":192,"column":36}}],"line":192},"4":{"loc":{"start":{"line":198,"column":15},"end":{"line":200,"column":48}},"type":"cond-expr","locations":[{"start":{"line":199,"column":12},"end":{"line":199,"column":52}},{"start":{"line":200,"column":12},"end":{"line":200,"column":48}}],"line":198},"5":{"loc":{"start":{"line":201,"column":14},"end":{"line":201,"column":47}},"type":"binary-expr","locations":[{"start":{"line":201,"column":14},"end":{"line":201,"column":32}},{"start":{"line":201,"column":36},"end":{"line":201,"column":47}}],"line":201},"6":{"loc":{"start":{"line":207,"column":4},"end":{"line":209,"column":5}},"type":"if","locations":[{"start":{"line":207,"column":4},"end":{"line":209,"column":5}},{"start":{},"end":{}}],"line":207}},"s":{"0":2,"1":2,"2":2,"3":2,"4":0,"5":0,"6":0,"7":2,"8":2,"9":0,"10":0,"11":2,"12":0,"13":0,"14":0,"15":0,"16":0,"17":0,"18":0,"19":0,"20":2,"21":0,"22":0,"23":0,"24":0,"25":0,"26":2,"27":0,"28":2},"f":{"0":0,"1":0,"2":0,"3":0,"4":0,"5":0},"b":{"0":[0],"1":[0,0],"2":[0,0],"3":[0,0],"4":[0,0],"5":[0,0],"6":[0,0]},"_coverageSchema":"1a1c01bbd47fc00a2c39e90264f33305004495a9","hash":"8c36f3396029f478a581507a7baeaf7321d3b7f7"}
[...]
:93},"10":{"name":"(anonymous_10)","decl":{"start":{"line":97,"column":35},"end":{"line":97,"column":36}},"loc":{"start":{"line":97,"column":41},"end":{"line":99,"column":17}},"line":97},"11":{"name":"(anonymous_11)","decl":{"start":{"line":104,"column":28},"end":{"line":104,"column":29}},"loc":{"start":{"line":104,"column":41},"end":{"line":104,"column":78}},"line":104},"12":{"name":"(anonymous_12)","decl":{"start":{"line":105,"column":28},"end":{"line":105,"column":29}},"loc":{"start":{"line":105,"column":41},"end":{"line":105,"column":78}},"line":105},"13":{"name":"(anonymous_13)","decl":{"start":{"line":118,"column":4},"end":{"line":118,"column":5}},"loc":{"start":{"line":118,"column":22},"end":{"line":122,"column":5}},"line":118},"14":{"name":"(anonymous_14)","decl":{"start":{"line":124,"column":4},"end":{"line":124,"column":5}},"loc":{"start":{"line":124,"column":20},"end":{"line":137,"column":5}},"line":124}},"branchMap":{"0":{"loc":{"start":{"line":19,"column":24},"end":{"line":19,"column":74}},"type":"binary-expr","locations":[{"start":{"line":19,"column":24},"end":{"line":19,"column":47}},{"start":{"line":19,"column":51},"end":{"line":19,"column":74}}],"line":19},"1":{"loc":{"start":{"line":28,"column":30},"end":{"line":28,"column":99}},"type":"binary-expr","locations":[{"start":{"line":28,"column":30},"end":{"line":28,"column":57}},{"start":{"line":28,"column":61},"end":{"line":28,"column":99}}],"line":28},"2":{"loc":{"start":{"line":29,"column":16},"end":{"line":31,"column":17}},"type":"if","locations":[{"start":{"line":29,"column":16},"end":{"line":31,"column":17}},{"start":{},"end":{}}],"line":29},"3":{"loc":{"start":{"line":34,"column":16},"end":{"line":36,"column":17}},"type":"if","locations":[{"start":{"line":34,"column":16},"end":{"line":36,"column":17}},{"start":{},"end":{}}],"line":34},"4":{"loc":{"start":{"line":48,"column":12},"end":{"line":50,"column":13}},"type":"if","locations":[{"start":{"line":48,"column":12},"end":{"line":50,"column":13}},{"start":{},"end":{}}],"line":48},"5":{"loc":{"start":{"line":74,"column":8},"end":{"line":76,"column":9}},"type":"if","locations":[{"start":{"line":74,"column":8},"end":{"line":76,"column":9}},{"start":{},"end":{}}],"line":74},"6":{"loc":{"start":{"line":119,"column":8},"end":{"line":121,"column":9}},"type":"if","locations":[{"start":{"line":119,"column":8},"end":{"line":121,"column":9}},{"start":{},"end":{}}],"line":119},"7":{"loc":{"start":{"line":126,"column":12},"end":{"line":131,"column":13}},"type":"if","locations":[{"start":{"line":126,"column":12},"end":{"line":131,"column":13}},{"start":{},"end":{}}],"line":126}},"s":{"0":2,"1":2,"2":2,"3":2,"4":0,"5":0,"6":0,"7":0,"8":0,"9":0,"10":0,"11":0,"12":0,"13":0,"14":0,"15":0,"16":0,"17":0,"18":0,"19":0,"20":0,"21":0,"22":0,"23":0,"24":0,"25":0,"26":0,"27":0,"28":0,"29":0,"30":0,"31":0,"32":0,"33":0,"34":0,"35":0,"36":0,"37":0,"38":0,"39":0,"40":0,"41":0,"42":0,"43":0,"44":0,"45":0,"46":0,"47":0,"48":0,"49":0,"50":0,"51":0,"52":0,"53":0,"54":0,"55":0,"56":0,"57":0,"58":0,"59":0},"f":{"0":2,"1":0,"2":0,"3":0,"4":0,"5":0,"6":0,"7":0,"8":0,"9":0,"10":0,"11":0,"12":0,"13":0,"14":0},"b":{"0":[0,0],"1":[0,0],"2":[0,0],"3":[0,0],"4":[0,0],"5":[0,0],"6":[0,0],"7":[0,0]},"_coverageSchema":"1a1c01bbd47fc00a2c39e90264f33305004495a9","hash":"122f2fa5040f5d4fc3d48170f8baaf4f02307def"}
,"D:\\Users\\Java\\Documents\\Freelance-Project\\Project-Eye2\\P-Eye\\backend\\src\\tests\\testHelper.js": {"path":"D:\\Users\\Java\\Documents\\Freelance-Project\\Project-Eye2\\P-Eye\\backend\\src\\tests\\testHelper.js","statementMap":{"0":{"start":{"line":10,"column":27},"end":{"line":43,"column":1}},"1":{"start":{"line":11,"column":4},"end":{"line":25,"column":7}},"2":{"start":{"line":13,"column":8},"end":{"line":13,"column":36}},"3":{"start":{"line":16,"column":8},"end":{"line":18,"column":9}},"4":{"start":{"line":17,"column":12},"end":{"line":17,"column":59}},"5":{"start":{"line":21,"column":8},"end":{"line":24,"column":11}},"6":{"start":{"line":27,"column":4},"end":{"line":32,"column":7}},"7":{"start":{"line":28,"column":28},"end":{"line":28,"column":59}},"8":{"start":{"line":29,"column":8},"end":{"line":31,"column":9}},"9":{"start":{"line":30,"column":12},"end":{"line":30,"column":48}},"10":{"start":{"line":34,"column":4},"end":{"line":42,"column":7}},"11":{"start":{"line":35,"column":8},"end":{"line":37,"column":9}},"12":{"start":{"line":36,"column":12},"end":{"line":36,"column":40}},"13":{"start":{"line":38,"column":8},"end":{"line":41,"column":9}},"14":{"start":{"line":39,"column":12},"end":{"line":39,"column":37}},"15":{"start":{"line":40,"column":12},"end":{"line":40,"column":31}},"16":{"start":{"line":46,"column":30},"end":{"line":54,"column":1}},"17":{"start":{"line":47,"column":17},"end":{"line":52,"column":6}},"18":{"start":{"line":53,"column":4},"end":{"line":53,"column":16}},"19":{"start":{"line":57,"column":33},"end":{"line":63,"column":1}},"20":{"start":{"line":58,"column":4},"end":{"line":62,"column":6}},"21":{"start":{"line":66,"column":31},"end":{"line":78,"column":1}},"22":{"start":{"line":67,"column":23},"end":{"line":67,"column":44}},"23":{"start":{"line":68,"column":23},"end":{"line":68,"column":44}},"24":{"start":{"line":69,"column":23},"end":{"line":69,"column":41}},"25":{"start":{"line":70,"column":26},"end":{"line":70,"column":44}},"26":{"start":{"line":71,"column":26},"end":{"line":71,"column":44}},"27":{"start":{"line":72,"column":24},"end":{"line":72,"column":42}},"28":{"start":{"line":73,"column":23},"end":{"line":73,"column":42}},"29":{"start":{"line":74,"column":24},"end":{"line":74,"column":45}},"30":{"start":{"line":76,"column":27},"end":{"line":76,"column":44}},"31":{"start":{"line":77,"column":30},"end":{"line":77,"column":47}},"32":{"start":{"line":81,"column":28},"end":{"line":87,"column":1}},"33":{"start":{"line":90,"column":34},"end":{"line":99,"column":2}},"34":{"start":{"line":90,"column":41},"end":{"line":99,"column":1}},"35":{"start":{"line":101,"column":34},"end":{"line":117,"column":2}},"36":{"start":{"line":101,"column":41},"end":{"line":117,"column":1}},"37":{"start":{"line":120,"column":33},"end":{"line":126,"column":2}},"38":{"start":{"line":120,"column":54},"end":{"line":126,"column":1}},"39":{"start":{"line":129,"column":34},"end":{"line":135,"column":1}},"40":{"start":{"line":130,"column":16},"end":{"line":130,"column":18}},"41":{"start":{"line":131,"column":4},"end":{"line":131,"column":48}},"42":{"start":{"line":132,"column":4},"end":{"line":132,"column":46}},"43":{"start":{"line":133,"column":4},"end":{"line":133,"column":46}},"44":{"start":{"line":134,"column":4},"end":{"line":134,"column":15}},"45":{"start":{"line":138,"column":26},"end":{"line":143,"column":1}},"46":{"start":{"line":139,"column":4},"end":{"line":139,"column":25}},"47":{"start":{"line":140,"column":4},"end":{"line":140,"column":36}},"48":{"start":{"line":141,"column":4},"end":{"line":141,"column":36}},"49":{"start":{"line":142,"column":4},"end":{"line":142,"column":34}}},"fnMap":{"0":{"name":"(anonymous_0)","decl":{"start":{"line":10,"column":27},"end":{"line":10,"column":28}},"loc":{"start":{"line":10,"column":33},"end":{"line":43,"column":1}},"line":10},"1":{"name":"(anonymous_1)","decl":{"start":{"line":11,"column":14},"end":{"line":11,"column":15}},"loc":{"start":{"line":11,"column":26},"end":{"line":25,"column":5}},"line":11},"2":{"name":"(anonymous_2)","decl":{"start":{"line":27,"column":14},"end":{"line":27,"column":15}},"loc":{"start":{"line":27,"column":26},"end":{"line":32,"column":5}},"line":27},"3":{"name":"(anonymous_3)","decl":{"start":{"line":34,"column":13},"end":{"line":34,"column":14}},"loc":{"start":{"line":34,"column":25},"end":{"line":42,"column":5}},"line":34},"4":{"name":"(anonymous_4)","decl":{"start":{"line":46,"column":30},"end":{"line":46,"column":31}},"loc":{"start":{"line":46,"column":55},"end":{"line":54,"column":1}},"line":46},"5":{"name":"(anonymous_5)","decl":{"start":{"line":57,"column":33},"end":{"line":57,"column":34}},"loc":{"start":{"line":57,"column":43},"end":{"line":63,"column":1}},"line":57},"6":{"name":"(anonymous_6)","decl":{"start":{"line":67,"column":17},"end":{"line":67,"column":18}},"loc":{"start":{"line":67,"column":23},"end":{"line":67,"column":44}},"line":67},"7":{"name":"(anonymous_7)","decl":{"start":{"line":68,"column":17},"end":{"line":68,"column":18}},"loc":{"start":{"line":68,"column":23},"end":{"line":68,"column":44}},"line":68},"8":{"name":"(anonymous_8)","decl":{"start":{"line":69,"column":17},"end":{"line":69,"column":18}},"loc":{"start":{"line":69,"column":23},"end":{"line":69,"column":41}},"line":69},"9":{"name":"(anonymous_9)","decl":{"start":{"line":70,"column":20},"end":{"line":70,"column":21}},"loc":{"start":{"line":70,"column":26},"end":{"line":70,"column":44}},"line":70},"10":{"name":"(anonymous_10)","decl":{"start":{"line":71,"column":20},"end":{"line":71,"column":21}},"loc":{"start":{"line":71,"column":26},"end":{"line":71,"column":44}},"line":71},"11":{"name":"(anonymous_11)","decl":{"start":{"line":72,"column":18},"end":{"line":72,"column":19}},"loc":{"start":{"line":72,"column":24},"end":{"line":72,"column":42}},"line":72},"12":{"name":"(anonymous_12)","decl":{"start":{"line":73,"column":17},"end":{"line":73,"column":18}},"loc":{"start":{"line":73,"column":23},"end":{"line":73,"column":42}},"line":73},"13":{"name":"(anonymous_13)","decl":{"start":{"line":74,"column":18},"end":{"line":74,"column":19}},"loc":{"start":{"line":74,"column":24},"end":{"line":74,"column":45}},"line":74},"14":{"name":"(anonymous_14)","decl":{"start":{"line":76,"column":21},"end":{"line":76,"column":22}},"loc":{"start":{"line":76,"column":27},"end":{"line":76,"column":44}},"line":76},"15":{"name":"(anonymous_15)","decl":{"start":{"line":77,"column":24},"end":{"line":77,"column":25}},"loc":{"start":{"line":77,"column":30},"end":{"line":77,"column":47}},"line":77},"16":{"name":"(anonymous_16)","decl":{"start":{"line":90,"column":34},"end":{"line":90,"column":35}},"loc":{"start":{"line":90,"column":41},"end":{"line":99,"column":1}},"line":90},"17":{"name":"(anonymous_17)","decl":{"start":{"line":101,"column":34},"end":{"line":101,"column":35}},"loc":{"start":{"line":101,"column":41},"end":{"line":117,"column":1}},"line":101},"18":{"name":"(anonymous_18)","decl":{"start":{"line":120,"column":33},"end":{"line":120,"column":34}},"loc":{"start":{"line":120,"column":54},"end":{"line":126,"column":1}},"line":120},"19":{"name":"(anonymous_19)","decl":{"start":{"line":129,"column":34},"end":{"line":129,"column":35}},"loc":{"start":{"line":129,"column":40},"end":{"line":135,"column":1}},"line":129},"20":{"name":"(anonymous_20)","decl":{"start":{"line":138,"column":26},"end":{"line":138,"column":27}},"loc":{"start":{"line":138,"column":32},"end":{"line":143,"column":1}},"line":138}},"branchMap":{"0":{"loc":{"start":{"line":16,"column":8},"end":{"line":18,"column":9}},"type":"if","locations":[{"start":{"line":16,"column":8},"end":{"line":18,"column":9}},{"start":{},"end":{}}],"line":16},"1":{"loc":{"start":{"line":35,"column":8},"end":{"line":37,"column":9}},"type":"if","locations":[{"start":{"line":35,"column":8},"end":{"line":37,"column":9}},{"start":{},"end":{}}],"line":35},"2":{"loc":{"start":{"line":38,"column":8},"end":{"line":41,"column":9}},"type":"if","locations":[{"start":{"line":38,"column":8},"end":{"line":41,"column":9}},{"start":{},"end":{}}],"line":38},"3":{"loc":{"start":{"line":46,"column":37},"end":{"line":46,"column":50}},"type":"default-arg","locations":[{"start":{"line":46,"column":44},"end":{"line":46,"column":50}}],"line":46},"4":{"loc":{"start":{"line":60,"column":8},"end":{"line":60,"column":47}},"type":"binary-expr","locations":[{"start":{"line":60,"column":8},"end":{"line":60,"column":30}},{"start":{"line":60,"column":34},"end":{"line":60,"column":47}}],"line":60},"5":{"loc":{"start":{"line":120,"column":34},"end":{"line":120,"column":48}},"type":"default-arg","locations":[{"start":{"line":120,"column":46},"end":{"line":120,"column":48}}],"line":120}},"s":{"0":1,"1":0,"2":0,"3":0,"4":0,"5":0,"6":0,"7":0,"8":0,"9":0,"10":0,"11":0,"12":0,"13":0,"14":0,"15":0,"16":1,"17":0,"18":0,"19":1,"20":0,"21":1,"22":0,"23":0,"24":0,"25":0,"26":0,"27":0,"28":0,"29":0,"30":0,"31":0,"32":1,"33":1,"34":0,"35":1,"36":0,"37":1,"38":8,"39":1,"40":8,"41":8,"42":8,"43":8,"44":8,"45":1,"46":0,"47":0,"48":0,"49":0},"f":{"0":0,"1":0,"2":0,"3":0,"4":0,"5":0,"6":0,"7":0,"8":0,"9":0,"10":0,"11":0,"12":0,"13":0,"14":0,"15":0,"16":0,"17":0,"18":8,"19":8,"20":0},"b":{"0":[0,0],"1":[0,0],"2":[0,0],"3":[0],"4":[0,0],"5":[8]},"_coverageSchema":"1a1c01bbd47fc00a2c39e90264f33305004495a9","hash":"c6efe01f8277334bbab3230edb95af4d0ba1fee5"}
,"D:\\Users\\Java\\Documents\\Freelance-Project\\Project-Eye2\\P-Eye\\backend\\src\\utils\\auth.js": {"path":"D:\\Users\\Java\\Documents\\Freelance-Project\\Project-Eye2\\P-Eye\\backend\\src\\utils\\auth.js","statementMap":{"0":{"start":{"line":4,"column":29},"end":{"line":9,"column":1}},"1":{"start":{"line":5,"column":4},"end":{"line":8,"column":7}},"2":{"start":{"line":11,"column":27},"end":{"line":17,"column":1}},"3":{"start":{"line":12,"column":4},"end":{"line":16,"column":5}},"4":{"start":{"line":13,"column":8},"end":{"line":13,"column":51}},"5":{"start":{"line":15,"column":8},"end":{"line":15,"column":20}},"6":{"start":{"line":19,"column":28},"end":{"line":24,"column":1}},"7":{"start":{"line":20,"column":4},"end":{"line":22,"column":5}},"8":{"start":{"line":21,"column":8},"end":{"line":21,"column":54}},"9":{"start":{"line":23,"column":4},"end":{"line":23,"column":16}},"10":{"start":{"line":26,"column":28},"end":{"line":39,"column":1}},"11":{"start":{"line":27,"column":18},"end":{"line":27,"column":35}},"12":{"start":{"line":28,"column":4},"end":{"line":30,"column":5}},"13":{"start":{"line":29,"column":8},"end":{"line":29,"column":74}},"14":{"start":{"line":32,"column":20},"end":{"line":32,"column":38}},"15":{"start":{"line":33,"column":4},"end":{"line":35,"column":5}},"16":{"start":{"line":34,"column":8},"end":{"line":34,"column":75}},"17":{"start":{"line":37,"column":4},"end":{"line":37,"column":23}},"18":{"start":{"line":38,"column":4},"end":{"line":38,"column":11}},"19":{"start":{"line":41,"column":25},"end":{"line":57,"column":1}},"20":{"start":{"line":42,"column":4},"end":{"line":44,"column":5}},"21":{"start":{"line":43,"column":8},"end":{"line":43,"column":24}},"22":{"start":{"line":46,"column":4},"end":{"line":56,"column":6}},"23":{"start":{"line":47,"column":8},"end":{"line":49,"column":9}},"24":{"start":{"line":48,"column":12},"end":{"line":48,"column":78}},"25":{"start":{"line":51,"column":8},"end":{"line":53,"column":9}},"26":{"start":{"line":52,"column":12},"end":{"line":52,"column":79}},"27":{"start":{"line":55,"column":8},"end":{"line":55,"column":15}}},"fnMap":{"0":{"name":"(anonymous_0)","decl":{"start":{"line":4,"column":29},"end":{"line":4,"column":30}},"loc":{"start":{"line":4,"column":56},"end":{"line":9,"column":1}},"line":4},"1":{"name":"(anonymous_1)","decl":{"start":{"line":11,"column":27},"end":{"line":11,"column":28}},"loc":{"start":{"line":11,"column":38},"end":{"line":17,"column":1}},"line":11},"2":{"name":"(anonymous_2)","decl":{"start":{"line":19,"column":28},"end":{"line":19,"column":29}},"loc":{"start":{"line":19,"column":37},"end":{"line":24,"column":1}},"line":19},"3":{"name":"(anonymous_3)","decl":{"start":{"line":26,"column":28},"end":{"line":26,"column":29}},"loc":{"start":{"line":26,"column":48},"end":{"line":39,"column":1}},"line":26},"4":{"name":"(anonymous_4)","decl":{"start":{"line":41,"column":25},"end":{"line":41,"column":26}},"loc":{"start":{"line":41,"column":41},"end":{"line":57,"column":1}},"line":41},"5":{"name":"(anonymous_5)","decl":{"start":{"line":46,"column":11},"end":{"line":46,"column":12}},"loc":{"start":{"line":46,"column":31},"end":{"line":56,"column":5}},"line":46}},"branchMap":{"0":{"loc":{"start":{"line":4,"column":39},"end":{"line":4,"column":51}},"type":"default-arg","locations":[{"start":{"line":4,"column":49},"end":{"line":4,"column":51}}],"line":4},"1":{"loc":{"start":{"line":6,"column":19},"end":{"line":6,"column":45}},"type":"binary-expr","locations":[{"start":{"line":6,"column":19},"end":{"line":6,"column":36}},{"start":{"line":6,"column":40},"end":{"line":6,"column":45}}],"line":6},"2":{"loc":{"start":{"line":20,"column":4},"end":{"line":22,"column":5}},"type":"if","locations":[{"start":{"line":20,"column":4},"end":{"line":22,"column":5}},{"start":{},"end":{}}],"line":20},"3":{"loc":{"start":{"line":20,"column":8},"end":{"line":20,"column":84}},"type":"binary-expr","locations":[{"start":{"line":20,"column":8},"end":{"line":20,"column":33}},{"start":{"line":20,"column":37},"end":{"line":20,"column":84}}],"line":20},"4":{"loc":{"start":{"line":28,"column":4},"end":{"line":30,"column":5}},"type":"if","locations":[{"start":{"line":28,"column":4},"end":{"line":30,"column":5}},{"start":{},"end":{}}],"line":28},"5":{"loc":{"start":{"line":33,"column":4},"end":{"line":35,"column":5}},"type":"if","locations":[{"start":{"line":33,"column":4},"end":{"line":35,"column":5}},{"start":{},"end":{}}],"line":33},"6":{"loc":{"start":{"line":41,"column":26},"end":{"line":41,"column":36}},"type":"default-arg","locations":[{"start":{"line":41,"column":34},"end":{"line":41,"column":36}}],"line":41},"7":{"loc":{"start":{"line":42,"column":4},"end":{"line":44,"column":5}},"type":"if","locations":[{"start":{"line":42,"column":4},"end":{"line":44,"column":5}},{"start":{},"end":{}}],"line":42},"8":{"loc":{"start":{"line":47,"column":8},"end":{"line":49,"column":9}},"type":"if","locations":[{"start":{"line":47,"column":8},"end":{"line":49,"column":9}},{"start":{},"end":{}}],"line":47},"9":{"loc":{"start":{"line":51,"column":8},"end":{"line":53,"column":9}},"type":"if","locations":[{"start":{"line":51,"column":8},"end":{"line":53,"column":9}},{"start":{},"end":{}}],"line":51},"10":{"loc":{"start":{"line":51,"column":12},"end":{"line":51,"column":58}},"type":"binary-expr","locations":[{"start":{"line":51,"column":12},"end":{"line":51,"column":24}},{"start":{"line":51,"column":28},"end":{"line":51,"column":58}}],"line":51}},"s":{"0":1,"1":1,"2":1,"3":0,"4":0,"5":0,"6":1,"7":0,"8":0,"9":0,"10":1,"11":0,"12":0,"13":0,"14":0,"15":0,"16":0,"17":0,"18":0,"19":1,"20":0,"21":0,"22":0,"23":0,"24":0,"25":0,"26":0,"27":0},"f":{"0":1,"1":0,"2":0,"3":0,"4":0,"5":0},"b":{"0":[1],"1":[1,1],"2":[0,0],"3":[0,0],"4":[0,0],"5":[0,0],"6":[0],"7":[0,0],"8":[0,0],"9":[0,0],"10":[0,0]},"_coverageSchema":"1a1c01bbd47fc00a2c39e90264f33305004495a9","hash":"f68dbe8429ce0879285b3eecd4f6e5b0f016ae1e"}
,"D:\\Users\\Java\\Documents\\Freelance-Project\\Project-Eye2\\P-Eye\\backend\\src\\utils\\logger.js": {"path":"D:\\Users\\Java\\Documents\\Freelance-Project\\Project-Eye2\\P-Eye\\backend\\src\\utils\\logger.js","statementMap":{"0":{"start":{"line":6,"column":19},"end":{"line":6,"column":49}},"1":{"start":{"line":7,"column":18},"end":{"line":7,"column":37}},"2":{"start":{"line":10,"column":18},"end":{"line":13,"column":1}},"3":{"start":{"line":16,"column":15},"end":{"line":33,"column":2}},"4":{"start":{"line":36,"column":0},"end":{"line":43,"column":1}},"5":{"start":{"line":37,"column":2},"end":{"line":42,"column":6}},"6":{"start":{"line":46,"column":15},"end":{"line":50,"column":1}},"7":{"start":{"line":48,"column":4},"end":{"line":48,"column":32}}},"fnMap":{"0":{"name":"(anonymous_0)","decl":{"start":{"line":47,"column":9},"end":{"line":47,"column":10}},"loc":{"start":{"line":47,"column":22},"end":{"line":49,"column":3}},"line":47}},"branchMap":{"0":{"loc":{"start":{"line":36,"column":0},"end":{"line":43,"column":1}},"type":"if","locations":[{"start":{"line":36,"column":0},"end":{"line":43,"column":1}},{"start":{},"end":{}}],"line":36}},"s":{"0":4,"1":4,"2":4,"3":4,"4":4,"5":4,"6":4,"7":15},"f":{"0":15},"b":{"0":[4,0]},"_coverageSchema":"1a1c01bbd47fc00a2c39e90264f33305004495a9","hash":"5db5691f078d2ab7c25af9c8aab5a898bce5ffad"}
}
