TN:
SF:src\index.js
FN:46,(anonymous_0)
FN:47,(anonymous_1)
FN:56,(anonymous_2)
FN:59,(anonymous_3)
FN:63,(anonymous_4)
FN:71,(anonymous_5)
FN:77,(anonymous_6)
FN:82,(anonymous_7)
FNF:8
FNH:1
FNDA:0,(anonymous_0)
FNDA:0,(anonymous_1)
FNDA:0,(anonymous_2)
FNDA:0,(anonymous_3)
FNDA:1,(anonymous_4)
FNDA:0,(anonymous_5)
FNDA:0,(anonymous_6)
FNDA:0,(anonymous_7)
DA:17,1
DA:18,1
DA:21,1
DA:23,1
DA:24,1
DA:27,1
DA:30,1
DA:31,1
DA:32,1
DA:33,1
DA:36,1
DA:43,1
DA:46,1
DA:47,0
DA:48,0
DA:49,0
DA:54,1
DA:57,0
DA:59,0
DA:60,0
DA:64,1
DA:65,1
DA:66,0
DA:71,1
DA:72,0
DA:73,0
DA:77,1
DA:78,0
DA:79,0
DA:80,0
DA:81,0
DA:82,0
DA:83,0
DA:84,0
DA:87,0
DA:88,0
DA:92,1
DA:93,1
LF:38
LH:20
BRDA:59,0,0,0
BRDA:59,0,1,0
BRDA:60,1,0,0
BRDA:60,1,1,0
BRDA:65,2,0,0
BRDA:65,2,1,1
BRF:6
BRH:1
end_of_record
TN:
SF:src\config\index.js
FNF:0
FNH:0
DA:4,1
DA:6,1
LF:2
LH:2
BRDA:7,0,0,1
BRDA:7,0,1,0
BRDA:8,1,0,1
BRDA:8,1,1,0
BRDA:10,2,0,1
BRDA:10,2,1,0
BRDA:17,3,0,1
BRDA:17,3,1,1
BRDA:18,4,0,1
BRDA:18,4,1,1
BRDA:19,5,0,1
BRDA:19,5,1,1
BRDA:22,6,0,1
BRDA:22,6,1,0
BRDA:23,7,0,1
BRDA:23,7,1,0
BRDA:26,8,0,1
BRDA:26,8,1,0
BRDA:27,9,0,1
BRDA:27,9,1,0
BRDA:30,10,0,1
BRDA:30,10,1,0
BRDA:33,11,0,1
BRDA:33,11,1,1
BRDA:34,12,0,1
BRDA:34,12,1,0
BRF:26
BRH:17
end_of_record
TN:
SF:src\middleware\auth.js
FN:6,(anonymous_0)
FN:29,(anonymous_1)
FN:30,(anonymous_2)
FN:43,(anonymous_3)
FN:44,(anonymous_4)
FN:49,(anonymous_5)
FN:61,(anonymous_6)
FN:79,(anonymous_7)
FN:81,(anonymous_8)
FNF:9
FNH:0
FNDA:0,(anonymous_0)
FNDA:0,(anonymous_1)
FNDA:0,(anonymous_2)
FNDA:0,(anonymous_3)
FNDA:0,(anonymous_4)
FNDA:0,(anonymous_5)
FNDA:0,(anonymous_6)
FNDA:0,(anonymous_7)
FNDA:0,(anonymous_8)
DA:5,1
DA:7,0
DA:8,0
DA:10,0
DA:11,0
DA:14,0
DA:15,0
DA:17,0
DA:18,0
DA:21,0
DA:22,0
DA:24,0
DA:25,0
DA:30,0
DA:31,0
DA:32,0
DA:35,0
DA:36,0
DA:39,0
DA:44,0
DA:45,0
DA:46,0
DA:49,0
DA:50,0
DA:53,0
DA:54,0
DA:57,0
DA:62,0
DA:63,0
DA:64,0
DA:67,0
DA:68,0
DA:69,0
DA:72,0
DA:74,0
DA:75,0
DA:80,0
DA:81,0
DA:82,0
DA:83,0
DA:85,0
DA:88,0
DA:89,0
DA:95,1
LF:44
LH:2
BRDA:10,0,0,0
BRDA:10,0,1,0
BRDA:17,1,0,0
BRDA:17,1,1,0
BRDA:31,2,0,0
BRDA:31,2,1,0
BRDA:35,3,0,0
BRDA:35,3,1,0
BRDA:45,4,0,0
BRDA:45,4,1,0
BRDA:53,5,0,0
BRDA:53,5,1,0
BRDA:63,6,0,0
BRDA:63,6,1,0
BRDA:68,7,0,0
BRDA:68,7,1,0
BRDA:68,8,0,0
BRDA:68,8,1,0
BRDA:82,9,0,0
BRDA:82,9,1,0
BRF:20
BRH:0
end_of_record
TN:
SF:src\middleware\fileUploadValidation.js
FN:17,(anonymous_0)
FN:22,(anonymous_1)
FNF:2
FNH:0
FNDA:0,(anonymous_0)
FNDA:0,(anonymous_1)
DA:4,1
DA:5,1
DA:15,1
DA:17,1
DA:18,0
DA:19,0
DA:22,1
DA:23,0
DA:24,0
DA:25,0
DA:31,0
DA:33,0
DA:35,0
DA:36,0
DA:43,0
DA:44,0
DA:51,0
DA:52,0
DA:54,0
DA:55,0
DA:62,0
DA:63,0
DA:67,0
DA:74,0
DA:76,0
LF:25
LH:5
BRDA:24,0,0,0
BRDA:24,0,1,0
BRDA:24,1,0,0
BRDA:24,1,1,0
BRDA:31,2,0,0
BRDA:31,2,1,0
BRDA:35,3,0,0
BRDA:35,3,1,0
BRDA:43,4,0,0
BRDA:43,4,1,0
BRDA:54,5,0,0
BRDA:54,5,1,0
BRDA:54,6,0,0
BRDA:54,6,1,0
BRDA:57,7,0,0
BRDA:57,7,1,0
BRDA:63,8,0,0
BRDA:63,8,1,0
BRDA:63,9,0,0
BRDA:63,9,1,0
BRDA:63,9,2,0
BRDA:63,9,3,0
BRF:22
BRH:0
end_of_record
TN:
SF:src\middleware\mlAuth.js
FN:5,(anonymous_0)
FN:57,(anonymous_1)
FN:74,(anonymous_2)
FNF:3
FNH:0
FNDA:0,(anonymous_0)
FNDA:0,(anonymous_1)
FNDA:0,(anonymous_2)
DA:5,1
DA:6,0
DA:7,0
DA:8,0
DA:10,0
DA:11,0
DA:14,0
DA:16,0
DA:22,0
DA:23,0
DA:27,0
DA:28,0
DA:30,0
DA:35,0
DA:37,0
DA:39,0
DA:40,0
DA:43,0
DA:50,0
DA:52,0
DA:53,0
DA:57,1
DA:58,0
DA:59,0
DA:60,0
DA:63,0
DA:64,0
DA:67,0
DA:69,0
DA:70,0
DA:74,1
DA:75,0
DA:76,0
DA:77,0
DA:80,0
DA:85,0
DA:86,0
DA:87,0
DA:88,0
DA:91,0
DA:92,0
DA:97,0
DA:100,0
DA:101,0
DA:107,0
DA:110,0
DA:112,0
DA:113,0
LF:48
LH:3
BRDA:10,0,0,0
BRDA:10,0,1,0
BRDA:10,1,0,0
BRDA:10,1,1,0
BRDA:14,2,0,0
BRDA:14,2,1,0
BRDA:22,3,0,0
BRDA:22,3,1,0
BRDA:33,4,0,0
BRDA:33,4,1,0
BRDA:35,5,0,0
BRDA:35,5,1,0
BRDA:39,6,0,0
BRDA:39,6,1,0
BRDA:46,7,0,0
BRDA:46,7,1,0
BRDA:59,8,0,0
BRDA:59,8,1,0
BRDA:63,9,0,0
BRDA:63,9,1,0
BRDA:76,10,0,0
BRDA:76,10,1,0
BRDA:85,11,0,0
BRDA:85,11,1,0
BRDA:88,12,0,0
BRDA:88,12,1,0
BRDA:91,13,0,0
BRDA:91,13,1,0
BRDA:91,14,0,0
BRDA:91,14,1,0
BRDA:100,15,0,0
BRDA:100,15,1,0
BRF:32
BRH:0
end_of_record
TN:
SF:src\middleware\rateLimiter.js
FN:9,(anonymous_0)
FN:16,(anonymous_1)
FN:23,(anonymous_2)
FN:24,(anonymous_3)
FNF:4
FNH:4
FNDA:6,(anonymous_0)
FNDA:1,(anonymous_1)
FNDA:3,(anonymous_2)
FNDA:3,(anonymous_3)
DA:6,2
DA:9,2
DA:10,6
DA:17,1
DA:18,1
DA:23,3
DA:24,3
DA:27,6
DA:31,2
DA:32,2
DA:35,2
DA:36,2
DA:39,2
DA:40,2
DA:43,2
LF:15
LH:15
BRDA:6,0,0,2
BRDA:6,0,1,2
BRDA:23,1,0,3
BRDA:23,1,1,0
BRDA:23,1,2,0
BRF:5
BRH:3
end_of_record
TN:
SF:src\middleware\requestLogger.js
FN:5,(anonymous_0)
FNF:1
FNH:0
FNDA:0,(anonymous_0)
DA:5,1
DA:8,1
DA:12,1
LF:3
LH:3
BRDA:8,0,0,0
BRDA:8,0,1,1
BRF:2
BRH:1
end_of_record
TN:
SF:src\middleware\sessionAuth.js
FN:14,(anonymous_0)
FN:46,(anonymous_1)
FN:47,(anonymous_2)
FNF:3
FNH:1
FNDA:0,(anonymous_0)
FNDA:3,(anonymous_1)
FNDA:0,(anonymous_2)
DA:6,1
DA:14,1
DA:15,0
DA:16,0
DA:18,0
DA:19,0
DA:25,0
DA:27,0
DA:28,0
DA:35,0
DA:36,0
DA:38,0
DA:39,0
DA:46,1
DA:47,3
DA:48,0
DA:49,0
DA:55,0
DA:56,0
DA:62,0
LF:20
LH:4
BRDA:18,0,0,0
BRDA:18,0,1,0
BRDA:27,1,0,0
BRDA:27,1,1,0
BRDA:48,2,0,0
BRDA:48,2,1,0
BRDA:55,3,0,0
BRDA:55,3,1,0
BRF:8
BRH:0
end_of_record
TN:
SF:src\middleware\sqlInjectionPrevention.js
FN:29,(anonymous_0)
FN:33,(anonymous_1)
FN:37,(anonymous_2)
FN:40,(anonymous_3)
FN:54,(anonymous_4)
FNF:5
FNH:5
FNDA:16,(anonymous_0)
FNDA:79,(anonymous_1)
FNDA:18,(anonymous_2)
FNDA:31,(anonymous_3)
FNDA:8,(anonymous_4)
DA:3,2
DA:20,2
DA:29,2
DA:30,16
DA:33,79
DA:34,9
DA:37,18
DA:40,2
DA:41,31
DA:42,20
DA:43,20
DA:44,20
DA:45,4
DA:46,16
DA:47,4
DA:51,25
DA:54,2
DA:55,8
DA:57,8
DA:58,0
DA:59,0
DA:63,8
DA:64,1
DA:65,1
DA:69,7
DA:70,3
DA:71,3
DA:75,4
DA:76,4
DA:77,4
DA:78,4
DA:79,4
DA:80,4
DA:81,4
DA:82,4
DA:83,4
DA:85,4
DA:86,0
DA:87,0
DA:90,4
DA:92,0
DA:93,0
LF:42
LH:36
BRDA:30,0,0,2
BRDA:30,0,1,14
BRDA:33,1,0,9
BRDA:33,1,1,5
BRDA:42,2,0,20
BRDA:42,2,1,0
BRDA:44,3,0,4
BRDA:44,3,1,16
BRDA:44,4,0,20
BRDA:44,4,1,5
BRDA:45,5,0,2
BRDA:45,5,1,2
BRDA:46,6,0,4
BRDA:46,6,1,12
BRDA:57,7,0,0
BRDA:57,7,1,8
BRDA:63,8,0,1
BRDA:63,8,1,7
BRDA:69,9,0,3
BRDA:69,9,1,4
BRDA:69,10,0,7
BRDA:69,10,1,7
BRDA:85,11,0,0
BRDA:85,11,1,4
BRF:24
BRH:21
end_of_record
TN:
SF:src\middleware\xssPrevention.js
FN:16,(anonymous_0)
FN:18,(anonymous_1)
FN:21,(anonymous_2)
FN:32,(anonymous_3)
FN:50,(anonymous_4)
FN:65,(anonymous_5)
FNF:6
FNH:0
FNDA:0,(anonymous_0)
FNDA:0,(anonymous_1)
FNDA:0,(anonymous_2)
FNDA:0,(anonymous_3)
FNDA:0,(anonymous_4)
FNDA:0,(anonymous_5)
DA:3,1
DA:16,1
DA:17,0
DA:18,0
DA:21,1
DA:22,0
DA:23,0
DA:29,0
DA:32,1
DA:33,0
DA:35,0
DA:36,0
DA:38,0
DA:40,0
DA:41,0
DA:43,0
DA:47,0
DA:50,1
DA:51,0
DA:52,0
DA:54,0
DA:56,0
DA:57,0
DA:58,0
DA:59,0
DA:62,0
DA:65,1
DA:66,0
DA:68,0
DA:69,0
DA:70,0
DA:75,0
DA:79,0
DA:80,0
DA:81,0
DA:86,0
DA:90,0
DA:91,0
DA:92,0
DA:97,0
DA:101,0
DA:102,0
DA:103,0
DA:105,0
DA:107,0
LF:45
LH:6
BRDA:17,0,0,0
BRDA:17,0,1,0
BRDA:22,1,0,0
BRDA:22,1,1,0
BRDA:36,2,0,0
BRDA:36,2,1,0
BRDA:40,3,0,0
BRDA:40,3,1,0
BRDA:40,4,0,0
BRDA:40,4,1,0
BRDA:52,5,0,0
BRDA:52,5,1,0
BRDA:56,6,0,0
BRDA:56,6,1,0
BRDA:56,7,0,0
BRDA:56,7,1,0
BRDA:57,8,0,0
BRDA:57,8,1,0
BRDA:58,9,0,0
BRDA:58,9,1,0
BRDA:68,10,0,0
BRDA:68,10,1,0
BRDA:68,11,0,0
BRDA:68,11,1,0
BRDA:69,12,0,0
BRDA:69,12,1,0
BRDA:79,13,0,0
BRDA:79,13,1,0
BRDA:79,14,0,0
BRDA:79,14,1,0
BRDA:80,15,0,0
BRDA:80,15,1,0
BRDA:90,16,0,0
BRDA:90,16,1,0
BRDA:90,17,0,0
BRDA:90,17,1,0
BRDA:91,18,0,0
BRDA:91,18,1,0
BRF:38
BRH:0
end_of_record
TN:
SF:src\models\AlertConfig.js
FN:125,(anonymous_0)
FN:132,(anonymous_1)
FN:136,(anonymous_2)
FN:137,(anonymous_3)
FN:147,(anonymous_4)
FN:148,(anonymous_5)
FNF:6
FNH:0
FNDA:0,(anonymous_0)
FNDA:0,(anonymous_1)
FNDA:0,(anonymous_2)
FNDA:0,(anonymous_3)
FNDA:0,(anonymous_4)
FNDA:0,(anonymous_5)
DA:3,1
DA:35,1
DA:58,1
DA:118,1
DA:119,1
DA:120,1
DA:121,1
DA:122,1
DA:125,1
DA:126,0
DA:128,0
DA:130,0
DA:132,0
DA:134,0
DA:136,0
DA:137,0
DA:141,0
DA:143,0
DA:147,1
DA:148,0
DA:149,0
DA:150,0
DA:152,0
DA:153,0
DA:154,0
DA:155,0
DA:156,0
DA:157,0
DA:158,0
DA:159,0
DA:164,1
LF:31
LH:11
BRDA:126,0,0,0
BRDA:126,0,1,0
BRDA:130,1,0,0
BRDA:130,1,1,0
BRDA:130,1,2,0
BRDA:130,1,3,0
BRDA:130,1,4,0
BRDA:150,2,0,0
BRDA:150,2,1,0
BRDA:152,3,0,0
BRDA:152,3,1,0
BRDA:152,3,2,0
BRDA:152,3,3,0
BRDA:152,3,4,0
BRDA:152,3,5,0
BRDA:152,3,6,0
BRF:16
BRH:0
end_of_record
TN:
SF:src\models\Analysis.js
FNF:0
FNH:0
DA:3,1
DA:59,1
DA:60,1
DA:61,1
DA:62,1
DA:64,1
LF:6
LH:6
BRF:0
BRH:0
end_of_record
TN:
SF:src\models\ApiKey.js
FN:13,(anonymous_0)
FN:47,(anonymous_1)
FN:68,(anonymous_2)
FN:73,(anonymous_3)
FN:78,(anonymous_4)
FN:86,(anonymous_5)
FN:101,(anonymous_6)
FN:115,(anonymous_7)
FNF:8
FNH:0
FNDA:0,(anonymous_0)
FNDA:0,(anonymous_1)
FNDA:0,(anonymous_2)
FNDA:0,(anonymous_3)
FNDA:0,(anonymous_4)
FNDA:0,(anonymous_5)
FNDA:0,(anonymous_6)
FNDA:0,(anonymous_7)
DA:4,1
DA:13,0
DA:48,0
DA:49,0
DA:50,0
DA:62,1
DA:63,1
DA:64,1
DA:65,1
DA:68,1
DA:69,0
DA:73,1
DA:74,0
DA:75,0
DA:78,1
DA:79,0
DA:86,1
DA:87,0
DA:97,0
DA:98,0
DA:101,1
DA:102,0
DA:107,0
DA:108,0
DA:111,0
DA:115,1
DA:116,0
DA:117,0
DA:119,0
DA:122,1
LF:30
LH:12
BRDA:69,0,0,0
BRDA:69,0,1,0
BRDA:69,0,2,0
BRDA:86,1,0,0
BRDA:90,2,0,0
BRDA:90,2,1,0
BRDA:91,3,0,0
BRDA:91,3,1,0
BRDA:107,4,0,0
BRDA:107,4,1,0
BRDA:107,5,0,0
BRDA:107,5,1,0
BRDA:116,6,0,0
BRDA:116,6,1,0
BRDA:116,7,0,0
BRDA:116,7,1,0
BRF:16
BRH:0
end_of_record
TN:
SF:src\models\BatchJob.js
FN:55,(anonymous_0)
FN:63,(anonymous_1)
FN:74,(anonymous_2)
FN:82,(anonymous_3)
FN:88,(anonymous_4)
FNF:5
FNH:0
FNDA:0,(anonymous_0)
FNDA:0,(anonymous_1)
FNDA:0,(anonymous_2)
FNDA:0,(anonymous_3)
FNDA:0,(anonymous_4)
DA:3,1
DA:49,1
DA:50,1
DA:51,1
DA:52,1
DA:55,1
DA:56,0
DA:57,0
DA:58,0
DA:59,0
DA:62,0
DA:63,0
DA:65,0
DA:71,0
DA:74,1
DA:75,0
DA:76,0
DA:77,0
DA:78,0
DA:82,1
DA:83,0
DA:88,1
DA:89,0
DA:90,0
DA:92,0
DA:98,1
LF:26
LH:10
BRDA:57,0,0,0
BRDA:57,0,1,0
BRDA:57,1,0,0
BRDA:57,1,1,0
BRDA:88,2,0,0
BRF:5
BRH:0
end_of_record
TN:
SF:src\models\Image.js
FNF:0
FNH:0
DA:3,1
DA:62,1
DA:63,1
DA:64,1
DA:66,1
LF:5
LH:5
BRF:0
BRH:0
end_of_record
TN:
SF:src\models\NetworkDevice.js
FN:111,(anonymous_0)
FN:116,(anonymous_1)
FN:122,(anonymous_2)
FNF:3
FNH:0
FNDA:0,(anonymous_0)
FNDA:0,(anonymous_1)
FNDA:0,(anonymous_2)
DA:3,1
DA:13,1
DA:32,1
DA:101,1
DA:111,1
DA:112,0
DA:116,1
DA:117,0
DA:118,0
DA:122,1
DA:123,0
DA:124,0
DA:125,0
DA:128,1
LF:14
LH:8
BRDA:118,0,0,0
BRDA:118,0,1,0
BRF:2
BRH:0
end_of_record
TN:
SF:src\models\NetworkMetrics.js
FN:137,(anonymous_0)
FN:147,(anonymous_1)
FN:174,(anonymous_2)
FN:196,(anonymous_3)
FN:206,(anonymous_4)
FN:217,(anonymous_5)
FNF:6
FNH:0
FNDA:0,(anonymous_0)
FNDA:0,(anonymous_1)
FNDA:0,(anonymous_2)
FNDA:0,(anonymous_3)
FNDA:0,(anonymous_4)
FNDA:0,(anonymous_5)
DA:3,1
DA:12,1
DA:26,1
DA:137,1
DA:138,0
DA:139,0
DA:140,0
DA:144,1
DA:147,1
DA:148,0
DA:170,0
DA:174,1
DA:175,0
DA:178,0
DA:179,0
DA:186,0
DA:187,0
DA:190,0
DA:196,0
DA:206,1
DA:207,0
DA:208,0
DA:211,0
DA:212,0
DA:213,0
DA:217,1
DA:218,0
DA:224,1
LF:28
LH:10
BRDA:174,0,0,0
BRDA:178,1,0,0
BRDA:178,1,1,0
BRDA:186,2,0,0
BRDA:186,2,1,0
BRDA:192,3,0,0
BRDA:192,3,1,0
BRDA:198,4,0,0
BRDA:198,4,1,0
BRDA:201,5,0,0
BRDA:201,5,1,0
BRDA:207,6,0,0
BRDA:207,6,1,0
BRF:13
BRH:0
end_of_record
TN:
SF:src\models\NetworkPolicy.js
FN:94,(anonymous_0)
FN:99,(anonymous_1)
FN:104,(anonymous_2)
FN:110,(anonymous_3)
FN:114,(anonymous_4)
FNF:5
FNH:0
FNDA:0,(anonymous_0)
FNDA:0,(anonymous_1)
FNDA:0,(anonymous_2)
FNDA:0,(anonymous_3)
FNDA:0,(anonymous_4)
DA:3,1
DA:91,1
DA:94,1
DA:95,0
DA:96,0
DA:99,1
DA:100,0
DA:101,0
DA:104,1
DA:105,0
DA:106,0
DA:110,1
DA:111,0
DA:114,1
DA:115,0
DA:124,1
LF:16
LH:8
BRDA:114,0,0,0
BRF:1
BRH:0
end_of_record
TN:
SF:src\models\NetworkTopology.js
FN:66,(anonymous_0)
FN:73,(anonymous_1)
FN:74,(anonymous_2)
FN:82,(anonymous_3)
FN:93,(anonymous_4)
FN:94,(anonymous_5)
FNF:6
FNH:0
FNDA:0,(anonymous_0)
FNDA:0,(anonymous_1)
FNDA:0,(anonymous_2)
FNDA:0,(anonymous_3)
FNDA:0,(anonymous_4)
FNDA:0,(anonymous_5)
DA:3,1
DA:39,1
DA:62,1
DA:63,1
DA:66,1
DA:67,0
DA:68,0
DA:69,0
DA:73,1
DA:74,0
DA:75,0
DA:77,0
DA:78,0
DA:82,1
DA:83,0
DA:84,0
DA:85,0
DA:86,0
DA:87,0
DA:89,0
DA:93,1
DA:94,0
DA:95,0
DA:100,1
LF:24
LH:9
BRDA:84,0,0,0
BRDA:84,0,1,0
BRDA:95,1,0,0
BRDA:95,1,1,0
BRF:4
BRH:0
end_of_record
TN:
SF:src\models\Session.js
FNF:0
FNH:0
DA:3,1
DA:39,1
LF:2
LH:2
BRF:0
BRH:0
end_of_record
TN:
SF:src\models\User.js
FN:29,(anonymous_0)
FN:70,(anonymous_1)
FN:79,(anonymous_2)
FNF:3
FNH:0
FNDA:0,(anonymous_0)
FNDA:0,(anonymous_1)
FNDA:0,(anonymous_2)
DA:4,2
DA:15,2
DA:30,0
DA:64,2
DA:65,2
DA:66,2
DA:67,2
DA:70,2
DA:71,0
DA:72,0
DA:73,0
DA:75,0
DA:79,2
DA:80,0
DA:81,0
DA:84,2
LF:16
LH:9
BRDA:72,0,0,0
BRDA:72,0,1,0
BRDA:72,1,0,0
BRDA:72,1,1,0
BRDA:80,2,0,0
BRDA:80,2,1,0
BRF:6
BRH:0
end_of_record
TN:
SF:src\routes\analytics.routes.js
FN:10,(anonymous_0)
FN:21,(anonymous_1)
FN:33,(anonymous_2)
FN:45,(anonymous_3)
FN:58,(anonymous_4)
FN:73,(anonymous_5)
FN:83,(anonymous_6)
FNF:7
FNH:0
FNDA:0,(anonymous_0)
FNDA:0,(anonymous_1)
FNDA:0,(anonymous_2)
FNDA:0,(anonymous_3)
FNDA:0,(anonymous_4)
FNDA:0,(anonymous_5)
FNDA:0,(anonymous_6)
DA:7,1
DA:10,1
DA:11,0
DA:12,0
DA:13,0
DA:15,0
DA:16,0
DA:21,1
DA:22,0
DA:23,0
DA:24,0
DA:25,0
DA:27,0
DA:28,0
DA:33,1
DA:34,0
DA:35,0
DA:36,0
DA:37,0
DA:39,0
DA:40,0
DA:45,1
DA:46,0
DA:47,0
DA:48,0
DA:49,0
DA:50,0
DA:52,0
DA:53,0
DA:58,1
DA:59,0
DA:60,0
DA:61,0
DA:65,0
DA:67,0
DA:68,0
DA:73,1
DA:74,0
DA:75,0
DA:76,0
DA:78,0
DA:79,0
DA:83,1
DA:84,0
DA:85,0
DA:86,0
DA:88,0
DA:89,0
LF:48
LH:8
BRF:0
BRH:0
end_of_record
TN:
SF:src\routes\apikey.routes.js
FN:12,(anonymous_0)
FN:36,(anonymous_1)
FN:87,(anonymous_2)
FN:115,(anonymous_3)
FN:154,(anonymous_4)
FN:181,(anonymous_5)
FN:198,(anonymous_6)
FNF:7
FNH:0
FNDA:0,(anonymous_0)
FNDA:0,(anonymous_1)
FNDA:0,(anonymous_2)
FNDA:0,(anonymous_3)
FNDA:0,(anonymous_4)
FNDA:0,(anonymous_5)
FNDA:0,(anonymous_6)
DA:7,1
DA:10,1
DA:13,0
DA:14,0
DA:18,0
DA:20,0
DA:21,0
DA:27,1
DA:37,0
DA:38,0
DA:39,0
DA:40,0
DA:43,0
DA:47,0
DA:48,0
DA:49,0
DA:50,0
DA:52,0
DA:53,0
DA:54,0
DA:55,0
DA:56,0
DA:60,0
DA:71,0
DA:78,0
DA:79,0
DA:85,1
DA:88,0
DA:89,0
DA:94,0
DA:95,0
DA:98,0
DA:100,0
DA:101,0
DA:107,1
DA:116,0
DA:117,0
DA:118,0
DA:119,0
DA:122,0
DA:127,0
DA:128,0
DA:132,0
DA:133,0
DA:134,0
DA:135,0
DA:136,0
DA:138,0
DA:140,0
DA:145,0
DA:146,0
DA:152,1
DA:155,0
DA:156,0
DA:161,0
DA:162,0
DA:165,0
DA:167,0
DA:172,0
DA:173,0
DA:179,1
DA:182,0
DA:183,0
DA:187,0
DA:189,0
DA:190,0
DA:196,1
DA:199,0
DA:200,0
DA:202,0
DA:203,0
DA:206,0
DA:208,0
DA:213,0
DA:214,0
LF:75
LH:8
BRDA:39,0,0,0
BRDA:39,0,1,0
BRDA:47,1,0,0
BRDA:47,1,1,0
BRDA:52,2,0,0
BRDA:52,2,1,0
BRDA:52,2,2,0
BRDA:52,2,3,0
BRDA:94,3,0,0
BRDA:94,3,1,0
BRDA:118,4,0,0
BRDA:118,4,1,0
BRDA:127,5,0,0
BRDA:127,5,1,0
BRDA:133,6,0,0
BRDA:133,6,1,0
BRDA:134,7,0,0
BRDA:134,7,1,0
BRDA:135,8,0,0
BRDA:135,8,1,0
BRDA:136,9,0,0
BRDA:136,9,1,0
BRDA:161,10,0,0
BRDA:161,10,1,0
BRDA:202,11,0,0
BRDA:202,11,1,0
BRF:26
BRH:0
end_of_record
TN:
SF:src\routes\auth.routes.js
FN:32,(anonymous_0)
FN:84,(anonymous_1)
FN:145,(anonymous_2)
FN:166,(anonymous_3)
FN:200,(anonymous_4)
FNF:5
FNH:0
FNDA:0,(anonymous_0)
FNDA:0,(anonymous_1)
FNDA:0,(anonymous_2)
FNDA:0,(anonymous_3)
FNDA:0,(anonymous_4)
DA:10,1
DA:13,1
DA:32,1
DA:33,0
DA:35,0
DA:36,0
DA:37,0
DA:43,0
DA:46,0
DA:50,0
DA:51,0
DA:58,0
DA:65,0
DA:67,0
DA:69,0
DA:75,0
DA:76,0
DA:84,1
DA:85,0
DA:86,0
DA:89,0
DA:90,0
DA:91,0
DA:98,0
DA:99,0
DA:100,0
DA:107,0
DA:117,0
DA:119,0
DA:121,0
DA:136,0
DA:137,0
DA:145,1
DA:146,0
DA:147,0
DA:148,0
DA:150,0
DA:152,0
DA:157,0
DA:158,0
DA:166,1
DA:167,0
DA:168,0
DA:169,0
DA:170,0
DA:176,0
DA:181,0
DA:182,0
DA:190,1
DA:201,0
DA:202,0
DA:203,0
DA:204,0
DA:210,0
DA:211,0
DA:214,0
DA:215,0
DA:216,0
DA:223,0
DA:224,0
DA:227,0
DA:229,0
DA:231,0
DA:236,0
DA:237,0
LF:65
LH:7
BRDA:36,0,0,0
BRDA:36,0,1,0
BRDA:50,1,0,0
BRDA:50,1,1,0
BRDA:90,2,0,0
BRDA:90,2,1,0
BRDA:99,3,0,0
BRDA:99,3,1,0
BRDA:169,4,0,0
BRDA:169,4,1,0
BRDA:203,5,0,0
BRDA:203,5,1,0
BRDA:215,6,0,0
BRDA:215,6,1,0
BRF:14
BRH:0
end_of_record
TN:
SF:src\routes\data.routes.js
FN:10,(anonymous_0)
FN:20,(anonymous_1)
FN:34,(anonymous_2)
FN:44,(anonymous_3)
FN:55,(anonymous_4)
FN:65,(anonymous_5)
FN:89,(anonymous_6)
FN:105,(anonymous_7)
FN:115,(anonymous_8)
FN:130,(anonymous_9)
FN:140,(anonymous_10)
FN:151,(anonymous_11)
FN:163,(anonymous_12)
FN:174,(anonymous_13)
FNF:14
FNH:0
FNDA:0,(anonymous_0)
FNDA:0,(anonymous_1)
FNDA:0,(anonymous_2)
FNDA:0,(anonymous_3)
FNDA:0,(anonymous_4)
FNDA:0,(anonymous_5)
FNDA:0,(anonymous_6)
FNDA:0,(anonymous_7)
FNDA:0,(anonymous_8)
FNDA:0,(anonymous_9)
FNDA:0,(anonymous_10)
FNDA:0,(anonymous_11)
FNDA:0,(anonymous_12)
FNDA:0,(anonymous_13)
DA:7,1
DA:10,1
DA:11,0
DA:12,0
DA:13,0
DA:15,0
DA:16,0
DA:20,1
DA:21,0
DA:22,0
DA:23,0
DA:27,0
DA:29,0
DA:30,0
DA:34,1
DA:35,0
DA:36,0
DA:37,0
DA:39,0
DA:40,0
DA:44,1
DA:45,0
DA:46,0
DA:47,0
DA:49,0
DA:50,0
DA:55,1
DA:56,0
DA:57,0
DA:58,0
DA:60,0
DA:61,0
DA:65,1
DA:66,0
DA:67,0
DA:68,0
DA:70,0
DA:71,0
DA:72,0
DA:73,0
DA:74,0
DA:77,0
DA:82,0
DA:84,0
DA:85,0
DA:89,1
DA:90,0
DA:91,0
DA:92,0
DA:97,0
DA:99,0
DA:100,0
DA:105,1
DA:106,0
DA:107,0
DA:108,0
DA:110,0
DA:111,0
DA:115,1
DA:116,0
DA:117,0
DA:118,0
DA:123,0
DA:125,0
DA:126,0
DA:130,1
DA:131,0
DA:132,0
DA:133,0
DA:135,0
DA:136,0
DA:140,1
DA:141,0
DA:142,0
DA:143,0
DA:145,0
DA:146,0
DA:151,1
DA:152,0
DA:153,0
DA:154,0
DA:155,0
DA:157,0
DA:158,0
DA:163,1
DA:164,0
DA:165,0
DA:166,0
DA:168,0
DA:169,0
DA:174,1
DA:175,0
DA:176,0
DA:177,0
DA:179,0
DA:180,0
LF:96
LH:15
BRDA:24,0,0,0
BRDA:24,0,1,0
BRDA:25,1,0,0
BRDA:25,1,1,0
BRDA:70,2,0,0
BRDA:70,2,1,0
BRDA:71,3,0,0
BRDA:71,3,1,0
BRDA:71,4,0,0
BRDA:71,4,1,0
BRDA:73,5,0,0
BRDA:73,5,1,0
BRDA:74,6,0,0
BRDA:74,6,1,0
BRF:14
BRH:0
end_of_record
TN:
SF:src\routes\index.js
FNF:0
FNH:0
DA:12,1
DA:14,1
DA:15,1
DA:16,1
DA:17,1
DA:18,1
DA:19,1
DA:20,1
DA:21,1
DA:22,1
LF:10
LH:10
BRF:0
BRH:0
end_of_record
TN:
SF:src\routes\ml.routes.js
FN:19,(anonymous_0)
FN:23,(anonymous_1)
FN:34,(anonymous_2)
FN:43,(anonymous_3)
FN:52,(anonymous_4)
FN:63,(anonymous_5)
FN:127,(anonymous_6)
FN:147,(anonymous_7)
FN:162,(anonymous_8)
FN:173,(anonymous_9)
FN:184,(anonymous_10)
FN:199,(anonymous_11)
FN:221,(anonymous_12)
FN:235,(anonymous_13)
FN:255,(anonymous_14)
FN:293,processImageAsync
FNF:16
FNH:1
FNDA:0,(anonymous_0)
FNDA:0,(anonymous_1)
FNDA:0,(anonymous_2)
FNDA:1,(anonymous_3)
FNDA:0,(anonymous_4)
FNDA:0,(anonymous_5)
FNDA:0,(anonymous_6)
FNDA:0,(anonymous_7)
FNDA:0,(anonymous_8)
FNDA:0,(anonymous_9)
FNDA:0,(anonymous_10)
FNDA:0,(anonymous_11)
FNDA:0,(anonymous_12)
FNDA:0,(anonymous_13)
FNDA:0,(anonymous_14)
FNDA:0,processImageAsync
DA:14,1
DA:15,1
DA:18,1
DA:21,0
DA:24,0
DA:25,0
DA:29,1
DA:35,0
DA:36,0
DA:38,0
DA:43,1
DA:44,1
DA:45,1
DA:47,0
DA:52,1
DA:53,0
DA:54,0
DA:55,0
DA:57,0
DA:58,0
DA:63,1
DA:64,0
DA:66,0
DA:72,0
DA:73,0
DA:74,0
DA:77,0
DA:78,0
DA:82,0
DA:85,0
DA:91,0
DA:107,0
DA:110,0
DA:111,0
DA:112,0
DA:114,0
DA:121,0
DA:122,0
DA:127,1
DA:128,0
DA:129,0
DA:130,0
DA:131,0
DA:134,0
DA:135,0
DA:138,0
DA:139,0
DA:141,0
DA:142,0
DA:147,1
DA:148,0
DA:150,0
DA:155,0
DA:156,0
DA:157,0
DA:160,0
DA:161,0
DA:162,0
DA:165,0
DA:167,0
DA:168,0
DA:173,1
DA:174,0
DA:175,0
DA:176,0
DA:178,0
DA:179,0
DA:184,1
DA:185,0
DA:186,0
DA:187,0
DA:190,0
DA:191,0
DA:193,0
DA:194,0
DA:199,1
DA:200,0
DA:202,0
DA:207,0
DA:208,0
DA:209,0
DA:212,0
DA:213,0
DA:215,0
DA:216,0
DA:221,1
DA:222,0
DA:223,0
DA:224,0
DA:225,0
DA:227,0
DA:229,0
DA:230,0
DA:235,1
DA:236,0
DA:237,0
DA:242,0
DA:243,0
DA:246,0
DA:247,0
DA:249,0
DA:250,0
DA:255,1
DA:256,0
DA:258,0
DA:263,0
DA:264,0
DA:265,0
DA:268,0
DA:273,0
DA:274,0
DA:277,0
DA:278,0
DA:285,0
DA:286,0
DA:288,0
DA:289,0
DA:294,0
DA:296,0
DA:299,0
DA:304,0
DA:306,0
DA:313,0
DA:314,0
LF:124
LH:17
BRDA:35,0,0,0
BRDA:35,0,1,0
BRDA:73,1,0,0
BRDA:73,1,1,0
BRDA:77,2,0,0
BRDA:77,2,1,0
BRDA:82,3,0,0
BRDA:82,3,1,0
BRDA:99,4,0,0
BRDA:99,4,1,0
BRDA:100,5,0,0
BRDA:100,5,1,0
BRDA:101,6,0,0
BRDA:101,6,1,0
BRDA:130,7,0,0
BRDA:130,7,1,0
BRDA:134,8,0,0
BRDA:134,8,1,0
BRDA:156,9,0,0
BRDA:156,9,1,0
BRDA:186,10,0,0
BRDA:186,10,1,0
BRDA:208,11,0,0
BRDA:208,11,1,0
BRDA:224,12,0,0
BRDA:224,12,1,0
BRDA:242,13,0,0
BRDA:242,13,1,0
BRDA:264,14,0,0
BRDA:264,14,1,0
BRDA:273,15,0,0
BRDA:273,15,1,0
BRDA:277,16,0,0
BRDA:277,16,1,0
BRDA:281,17,0,0
BRDA:281,17,1,0
BRF:36
BRH:0
end_of_record
TN:
SF:src\routes\network.routes.js
FN:16,(anonymous_0)
FN:47,(anonymous_1)
FN:61,(anonymous_2)
FN:81,(anonymous_3)
FN:95,(anonymous_4)
FN:115,(anonymous_5)
FN:129,(anonymous_6)
FNF:7
FNH:0
FNDA:0,(anonymous_0)
FNDA:0,(anonymous_1)
FNDA:0,(anonymous_2)
FNDA:0,(anonymous_3)
FNDA:0,(anonymous_4)
FNDA:0,(anonymous_5)
FNDA:0,(anonymous_6)
DA:13,1
DA:16,1
DA:17,0
DA:18,0
DA:24,0
DA:25,0
DA:26,0
DA:28,0
DA:30,0
DA:38,1
DA:39,1
DA:40,1
DA:41,1
DA:44,1
DA:47,1
DA:48,0
DA:49,0
DA:50,0
DA:52,0
DA:53,0
DA:61,1
DA:62,0
DA:63,0
DA:64,0
DA:65,0
DA:70,0
DA:72,0
DA:73,0
DA:81,1
DA:82,0
DA:83,0
DA:84,0
DA:86,0
DA:87,0
DA:95,1
DA:96,0
DA:97,0
DA:98,0
DA:99,0
DA:104,0
DA:106,0
DA:107,0
DA:115,1
DA:116,0
DA:117,0
DA:118,0
DA:120,0
DA:121,0
DA:129,1
DA:130,0
DA:131,0
DA:132,0
DA:138,0
DA:139,0
DA:141,0
DA:142,0
LF:56
LH:13
BRDA:17,0,0,0
BRDA:17,0,1,0
BRDA:17,1,0,0
BRDA:17,1,1,0
BRDA:25,2,0,0
BRDA:25,2,1,0
BRDA:25,3,0,0
BRDA:25,3,1,0
BRDA:64,4,0,0
BRDA:64,4,1,0
BRDA:98,5,0,0
BRDA:98,5,1,0
BRDA:131,6,0,0
BRDA:131,6,1,0
BRDA:131,7,0,0
BRDA:131,7,1,0
BRF:16
BRH:0
end_of_record
TN:
SF:src\routes\oauth.routes.js
FN:9,(anonymous_0)
FN:24,(anonymous_1)
FN:43,(anonymous_2)
FN:56,(anonymous_3)
FNF:4
FNH:0
FNDA:0,(anonymous_0)
FNDA:0,(anonymous_1)
FNDA:0,(anonymous_2)
FNDA:0,(anonymous_3)
DA:6,1
DA:9,1
DA:10,0
DA:18,1
DA:22,1
DA:25,0
DA:26,0
DA:28,0
DA:30,0
DA:31,0
DA:37,1
DA:41,1
DA:44,0
DA:45,0
DA:47,0
DA:49,0
DA:50,0
DA:56,1
DA:57,0
DA:58,0
DA:59,0
DA:60,0
DA:63,0
DA:64,0
DA:66,0
LF:25
LH:7
BRDA:59,0,0,0
BRDA:59,0,1,0
BRF:2
BRH:0
end_of_record
TN:
SF:src\routes\predictive.routes.js
FN:10,(anonymous_0)
FN:24,(anonymous_1)
FN:38,(anonymous_2)
FN:52,(anonymous_3)
FN:66,(anonymous_4)
FNF:5
FNH:0
FNDA:0,(anonymous_0)
FNDA:0,(anonymous_1)
FNDA:0,(anonymous_2)
FNDA:0,(anonymous_3)
FNDA:0,(anonymous_4)
DA:6,1
DA:7,1
DA:10,1
DA:11,0
DA:12,0
DA:13,0
DA:14,0
DA:15,0
DA:16,0
DA:18,0
DA:19,0
DA:24,1
DA:25,0
DA:26,0
DA:27,0
DA:28,0
DA:29,0
DA:30,0
DA:32,0
DA:33,0
DA:38,1
DA:39,0
DA:40,0
DA:41,0
DA:42,0
DA:43,0
DA:44,0
DA:46,0
DA:47,0
DA:52,1
DA:53,0
DA:54,0
DA:55,0
DA:56,0
DA:57,0
DA:58,0
DA:60,0
DA:61,0
DA:66,1
DA:67,0
DA:68,0
DA:69,0
DA:70,0
DA:72,0
DA:73,0
DA:75,0
DA:76,0
LF:47
LH:7
BRDA:57,0,0,0
BRDA:57,0,1,0
BRDA:69,1,0,0
BRDA:69,1,1,0
BRDA:69,2,0,0
BRDA:69,2,1,0
BRF:6
BRH:0
end_of_record
TN:
SF:src\routes\user.routes.js
FN:12,(anonymous_0)
FN:33,(anonymous_1)
FN:78,(anonymous_2)
FNF:3
FNH:0
FNDA:0,(anonymous_0)
FNDA:0,(anonymous_1)
FNDA:0,(anonymous_2)
DA:6,1
DA:9,1
DA:13,0
DA:14,0
DA:15,0
DA:20,0
DA:21,0
DA:30,1
DA:34,0
DA:35,0
DA:36,0
DA:38,0
DA:39,0
DA:45,0
DA:51,0
DA:52,0
DA:58,0
DA:60,0
DA:65,0
DA:66,0
DA:75,1
DA:79,0
DA:80,0
DA:82,0
DA:83,0
DA:84,0
DA:90,0
DA:92,0
DA:97,0
DA:98,0
LF:30
LH:4
BRDA:38,0,0,0
BRDA:38,0,1,0
BRDA:51,1,0,0
BRDA:51,1,1,0
BRDA:83,2,0,0
BRDA:83,2,1,0
BRF:6
BRH:0
end_of_record
TN:
SF:src\services\Analytics.js
FN:8,(anonymous_0)
FN:92,(anonymous_1)
FN:159,(anonymous_2)
FN:203,(anonymous_3)
FN:253,(anonymous_4)
FN:351,(anonymous_5)
FNF:6
FNH:0
FNDA:0,(anonymous_0)
FNDA:0,(anonymous_1)
FNDA:0,(anonymous_2)
FNDA:0,(anonymous_3)
FNDA:0,(anonymous_4)
FNDA:0,(anonymous_5)
DA:9,0
DA:10,0
DA:78,0
DA:86,0
DA:87,0
DA:93,0
DA:94,0
DA:95,0
DA:151,0
DA:153,0
DA:154,0
DA:160,0
DA:161,0
DA:162,0
DA:195,0
DA:197,0
DA:198,0
DA:204,0
DA:205,0
DA:206,0
DA:208,0
DA:245,0
DA:247,0
DA:248,0
DA:254,0
DA:255,0
DA:256,0
DA:343,0
DA:345,0
DA:346,0
DA:352,0
DA:357,0
DA:358,0
DA:359,0
LF:34
LH:0
BRDA:78,0,0,0
BRDA:78,0,1,0
BRDA:203,1,0,0
BRDA:253,2,0,0
BRDA:359,3,0,0
BRDA:359,3,1,0
BRF:6
BRH:0
end_of_record
TN:
SF:src\services\AutoConfigService.js
FN:11,(anonymous_0)
FN:19,(anonymous_1)
FN:34,(anonymous_2)
FN:70,(anonymous_3)
FN:101,(anonymous_4)
FN:107,(anonymous_5)
FN:116,(anonymous_6)
FN:144,(anonymous_7)
FN:162,(anonymous_8)
FN:190,(anonymous_9)
FNF:10
FNH:1
FNDA:1,(anonymous_0)
FNDA:0,(anonymous_1)
FNDA:0,(anonymous_2)
FNDA:0,(anonymous_3)
FNDA:0,(anonymous_4)
FNDA:0,(anonymous_5)
FNDA:0,(anonymous_6)
FNDA:0,(anonymous_7)
FNDA:0,(anonymous_8)
FNDA:0,(anonymous_9)
DA:8,1
DA:20,0
DA:21,0
DA:22,0
DA:23,0
DA:25,0
DA:26,0
DA:35,0
DA:36,0
DA:37,0
DA:39,0
DA:40,0
DA:41,0
DA:42,0
DA:44,0
DA:49,0
DA:50,0
DA:51,0
DA:52,0
DA:53,0
DA:58,0
DA:59,0
DA:62,0
DA:71,0
DA:72,0
DA:73,0
DA:74,0
DA:78,0
DA:79,0
DA:82,0
DA:85,0
DA:86,0
DA:87,0
DA:89,0
DA:90,0
DA:92,0
DA:93,0
DA:104,0
DA:107,0
DA:109,0
DA:117,0
DA:118,0
DA:119,0
DA:120,0
DA:124,0
DA:125,0
DA:128,0
DA:129,0
DA:130,0
DA:133,0
DA:135,0
DA:136,0
DA:148,0
DA:149,0
DA:150,0
DA:151,0
DA:155,0
DA:163,0
DA:164,0
DA:165,0
DA:166,0
DA:169,0
DA:170,0
DA:171,0
DA:174,0
DA:177,0
DA:179,0
DA:181,0
DA:182,0
DA:193,0
DA:195,0
DA:199,1
LF:72
LH:2
BRDA:40,0,0,0
BRDA:40,0,1,0
BRDA:41,1,0,0
BRDA:41,1,1,0
BRDA:49,2,0,0
BRDA:49,2,1,0
BRDA:52,3,0,0
BRDA:52,3,1,0
BRDA:58,4,0,0
BRDA:58,4,1,0
BRDA:73,5,0,0
BRDA:73,5,1,0
BRDA:119,6,0,0
BRDA:119,6,1,0
BRDA:129,7,0,0
BRDA:129,7,1,0
BRDA:150,8,0,0
BRDA:150,8,1,0
BRDA:165,9,0,0
BRDA:165,9,1,0
BRF:20
BRH:0
end_of_record
TN:
SF:src\services\DataManager.js
FN:8,(anonymous_0)
FN:20,(anonymous_1)
FN:38,(anonymous_2)
FN:54,(anonymous_3)
FN:68,(anonymous_4)
FN:80,(anonymous_5)
FN:93,(anonymous_6)
FN:103,(anonymous_7)
FN:115,(anonymous_8)
FN:133,(anonymous_9)
FN:147,(anonymous_10)
FN:161,(anonymous_11)
FN:179,(anonymous_12)
FN:181,(anonymous_13)
FN:199,(anonymous_14)
FN:206,(anonymous_15)
FNF:16
FNH:0
FNDA:0,(anonymous_0)
FNDA:0,(anonymous_1)
FNDA:0,(anonymous_2)
FNDA:0,(anonymous_3)
FNDA:0,(anonymous_4)
FNDA:0,(anonymous_5)
FNDA:0,(anonymous_6)
FNDA:0,(anonymous_7)
FNDA:0,(anonymous_8)
FNDA:0,(anonymous_9)
FNDA:0,(anonymous_10)
FNDA:0,(anonymous_11)
FNDA:0,(anonymous_12)
FNDA:0,(anonymous_13)
FNDA:0,(anonymous_14)
FNDA:0,(anonymous_15)
DA:9,0
DA:10,0
DA:11,0
DA:12,0
DA:13,0
DA:15,0
DA:16,0
DA:21,0
DA:22,0
DA:27,0
DA:28,0
DA:30,0
DA:31,0
DA:33,0
DA:34,0
DA:39,0
DA:40,0
DA:41,0
DA:42,0
DA:45,0
DA:46,0
DA:47,0
DA:49,0
DA:50,0
DA:55,0
DA:56,0
DA:60,0
DA:62,0
DA:63,0
DA:69,0
DA:70,0
DA:71,0
DA:72,0
DA:73,0
DA:75,0
DA:76,0
DA:81,0
DA:82,0
DA:86,0
DA:88,0
DA:89,0
DA:94,0
DA:95,0
DA:97,0
DA:98,0
DA:104,0
DA:105,0
DA:106,0
DA:107,0
DA:108,0
DA:110,0
DA:111,0
DA:116,0
DA:117,0
DA:122,0
DA:123,0
DA:125,0
DA:126,0
DA:128,0
DA:129,0
DA:134,0
DA:135,0
DA:136,0
DA:137,0
DA:139,0
DA:140,0
DA:142,0
DA:143,0
DA:148,0
DA:149,0
DA:153,0
DA:155,0
DA:156,0
DA:162,0
DA:163,0
DA:164,0
DA:166,0
DA:170,0
DA:171,0
DA:173,0
DA:174,0
DA:180,0
DA:181,0
DA:189,0
DA:190,0
DA:191,0
DA:193,0
DA:194,0
DA:200,0
DA:201,0
DA:205,0
DA:206,0
DA:209,0
DA:217,0
DA:218,0
LF:95
LH:0
BRDA:27,0,0,0
BRDA:27,0,1,0
BRDA:41,1,0,0
BRDA:41,1,1,0
BRDA:54,2,0,0
BRDA:54,3,0,0
BRDA:80,4,0,0
BRDA:80,5,0,0
BRDA:85,6,0,0
BRDA:85,6,1,0
BRDA:122,7,0,0
BRDA:122,7,1,0
BRDA:136,8,0,0
BRDA:136,8,1,0
BRDA:147,9,0,0
BRDA:147,10,0,0
BRDA:161,11,0,0
BRDA:199,12,0,0
BRF:18
BRH:0
end_of_record
TN:
SF:src\services\DataRetention.js
FN:25,(anonymous_0)
FN:44,(anonymous_1)
FN:72,(anonymous_2)
FN:137,(anonymous_3)
FN:148,(anonymous_4)
FN:152,(anonymous_5)
FN:170,(anonymous_6)
FN:198,(anonymous_7)
FNF:8
FNH:0
FNDA:0,(anonymous_0)
FNDA:0,(anonymous_1)
FNDA:0,(anonymous_2)
FNDA:0,(anonymous_3)
FNDA:0,(anonymous_4)
FNDA:0,(anonymous_5)
FNDA:0,(anonymous_6)
FNDA:0,(anonymous_7)
DA:5,1
DA:26,0
DA:27,0
DA:30,0
DA:31,0
DA:32,0
DA:35,0
DA:36,0
DA:38,0
DA:39,0
DA:45,0
DA:46,0
DA:47,0
DA:49,0
DA:51,0
DA:55,0
DA:60,0
DA:66,0
DA:67,0
DA:73,0
DA:74,0
DA:125,0
DA:126,0
DA:129,0
DA:131,0
DA:132,0
DA:138,0
DA:142,0
DA:143,0
DA:144,0
DA:149,0
DA:150,0
DA:152,0
DA:153,0
DA:154,0
DA:155,0
DA:156,0
DA:158,0
DA:162,0
DA:164,0
DA:165,0
DA:171,0
DA:172,0
DA:174,0
DA:175,0
DA:176,0
DA:178,0
DA:183,0
DA:190,0
DA:192,0
DA:193,0
DA:199,0
DA:200,0
DA:201,0
DA:202,0
LF:55
LH:1
BRDA:49,0,0,0
BRDA:49,0,1,0
BRDA:57,1,0,0
BRDA:57,1,1,0
BRDA:125,2,0,0
BRDA:125,2,1,0
BRDA:144,3,0,0
BRDA:144,3,1,0
BRDA:148,4,0,0
BRDA:180,5,0,0
BRDA:180,5,1,0
BRF:11
BRH:0
end_of_record
TN:
SF:src\services\ImageProcessor.js
FN:11,(anonymous_0)
FN:17,(anonymous_1)
FN:36,(anonymous_2)
FN:56,(anonymous_3)
FN:86,(anonymous_4)
FN:105,(anonymous_5)
FN:111,(anonymous_6)
FN:128,(anonymous_7)
FN:133,(anonymous_8)
FNF:9
FNH:1
FNDA:1,(anonymous_0)
FNDA:0,(anonymous_1)
FNDA:0,(anonymous_2)
FNDA:0,(anonymous_3)
FNDA:0,(anonymous_4)
FNDA:0,(anonymous_5)
FNDA:0,(anonymous_6)
FNDA:0,(anonymous_7)
FNDA:0,(anonymous_8)
DA:7,1
DA:8,1
DA:12,1
DA:13,1
DA:14,1
DA:18,0
DA:19,0
DA:20,0
DA:21,0
DA:22,0
DA:24,0
DA:31,0
DA:32,0
DA:37,0
DA:38,0
DA:39,0
DA:51,0
DA:52,0
DA:57,0
DA:58,0
DA:59,0
DA:62,0
DA:63,0
DA:64,0
DA:65,0
DA:66,0
DA:67,0
DA:69,0
DA:70,0
DA:74,0
DA:79,0
DA:81,0
DA:82,0
DA:87,0
DA:88,0
DA:90,0
DA:98,0
DA:100,0
DA:101,0
DA:106,0
DA:108,0
DA:110,0
DA:111,0
DA:123,0
DA:124,0
DA:129,0
DA:130,0
DA:134,0
LF:48
LH:5
BRDA:64,0,0,0
BRDA:64,0,1,0
BRDA:64,1,0,0
BRDA:64,1,1,0
BRDA:65,2,0,0
BRDA:65,2,1,0
BRF:6
BRH:0
end_of_record
TN:
SF:src\services\MLService.js
FN:12,(anonymous_0)
FN:46,(anonymous_1)
FN:73,(anonymous_2)
FN:162,(anonymous_3)
FN:167,(anonymous_4)
FN:170,(anonymous_5)
FN:173,(anonymous_6)
FN:174,(anonymous_7)
FN:180,(anonymous_8)
FN:187,(anonymous_9)
FN:190,(anonymous_10)
FN:208,(anonymous_11)
FN:215,(anonymous_12)
FN:230,(anonymous_13)
FN:231,(anonymous_14)
FN:250,(anonymous_15)
FN:295,(anonymous_16)
FN:313,(anonymous_17)
FN:324,(anonymous_18)
FN:351,(anonymous_19)
FN:376,(anonymous_20)
FN:389,(anonymous_21)
FN:405,(anonymous_22)
FN:419,(anonymous_23)
FN:444,(anonymous_24)
FN:454,(anonymous_25)
FN:455,(anonymous_26)
FN:460,(anonymous_27)
FN:471,(anonymous_28)
FN:476,(anonymous_29)
FN:478,(anonymous_30)
FN:482,(anonymous_31)
FN:483,(anonymous_32)
FN:488,(anonymous_33)
FN:500,(anonymous_34)
FN:503,(anonymous_35)
FN:511,(anonymous_36)
FN:515,(anonymous_37)
FN:525,(anonymous_38)
FN:530,(anonymous_39)
FN:533,(anonymous_40)
FNF:41
FNH:5
FNDA:1,(anonymous_0)
FNDA:1,(anonymous_1)
FNDA:0,(anonymous_2)
FNDA:0,(anonymous_3)
FNDA:0,(anonymous_4)
FNDA:0,(anonymous_5)
FNDA:0,(anonymous_6)
FNDA:0,(anonymous_7)
FNDA:0,(anonymous_8)
FNDA:0,(anonymous_9)
FNDA:0,(anonymous_10)
FNDA:0,(anonymous_11)
FNDA:0,(anonymous_12)
FNDA:0,(anonymous_13)
FNDA:0,(anonymous_14)
FNDA:0,(anonymous_15)
FNDA:0,(anonymous_16)
FNDA:0,(anonymous_17)
FNDA:0,(anonymous_18)
FNDA:0,(anonymous_19)
FNDA:0,(anonymous_20)
FNDA:0,(anonymous_21)
FNDA:0,(anonymous_22)
FNDA:0,(anonymous_23)
FNDA:1,(anonymous_24)
FNDA:1,(anonymous_25)
FNDA:0,(anonymous_26)
FNDA:0,(anonymous_27)
FNDA:0,(anonymous_28)
FNDA:0,(anonymous_29)
FNDA:0,(anonymous_30)
FNDA:1,(anonymous_31)
FNDA:0,(anonymous_32)
FNDA:0,(anonymous_33)
FNDA:0,(anonymous_34)
FNDA:0,(anonymous_35)
FNDA:0,(anonymous_36)
FNDA:0,(anonymous_37)
FNDA:0,(anonymous_38)
FNDA:0,(anonymous_39)
FNDA:0,(anonymous_40)
DA:13,1
DA:22,1
DA:23,1
DA:24,1
DA:25,1
DA:31,1
DA:47,1
DA:49,1
DA:52,1
DA:55,1
DA:58,1
DA:60,1
DA:61,1
DA:62,1
DA:64,1
DA:66,0
DA:67,0
DA:68,0
DA:69,0
DA:74,0
DA:75,0
DA:77,0
DA:79,0
DA:80,0
DA:81,0
DA:85,0
DA:86,0
DA:87,0
DA:88,0
DA:92,0
DA:103,0
DA:105,0
DA:108,0
DA:111,0
DA:112,0
DA:115,0
DA:116,0
DA:124,0
DA:132,0
DA:135,0
DA:138,0
DA:140,0
DA:144,0
DA:145,0
DA:149,0
DA:152,0
DA:154,0
DA:157,0
DA:158,0
DA:163,0
DA:164,0
DA:167,0
DA:170,0
DA:173,0
DA:174,0
DA:178,0
DA:179,0
DA:180,0
DA:181,0
DA:183,0
DA:187,0
DA:191,0
DA:205,0
DA:209,0
DA:211,0
DA:214,0
DA:216,0
DA:217,0
DA:218,0
DA:220,0
DA:230,0
DA:231,0
DA:233,0
DA:245,0
DA:246,0
DA:251,0
DA:253,0
DA:260,0
DA:261,0
DA:272,0
DA:283,0
DA:290,0
DA:291,0
DA:296,0
DA:297,0
DA:310,0
DA:313,0
DA:314,0
DA:317,0
DA:319,0
DA:320,0
DA:325,0
DA:326,0
DA:327,0
DA:329,0
DA:330,0
DA:331,0
DA:335,0
DA:346,0
DA:347,0
DA:352,0
DA:353,0
DA:354,0
DA:356,0
DA:359,0
DA:371,0
DA:372,0
DA:378,0
DA:381,0
DA:384,0
DA:386,0
DA:391,0
DA:394,0
DA:397,0
DA:400,0
DA:402,0
DA:406,0
DA:407,0
DA:409,0
DA:410,0
DA:411,0
DA:413,0
DA:414,0
DA:417,0
DA:418,0
DA:419,0
DA:420,0
DA:422,0
DA:425,0
DA:426,0
DA:430,0
DA:431,0
DA:432,0
DA:433,0
DA:436,0
DA:437,0
DA:438,0
DA:439,0
DA:445,1
DA:446,1
DA:447,1
DA:448,1
DA:450,0
DA:455,1
DA:456,0
DA:462,0
DA:473,0
DA:477,0
DA:478,0
DA:479,0
DA:483,1
DA:484,0
DA:489,0
DA:490,0
DA:492,0
DA:496,0
DA:497,0
DA:498,0
DA:500,0
DA:504,0
DA:512,0
DA:517,0
DA:527,0
DA:533,0
DA:535,0
DA:568,1
LF:166
LH:22
BRDA:22,0,0,1
BRDA:22,0,1,1
BRDA:80,1,0,0
BRDA:80,1,1,0
BRDA:86,2,0,0
BRDA:86,2,1,0
BRDA:260,3,0,0
BRDA:260,3,1,0
BRDA:295,4,0,0
BRDA:301,5,0,0
BRDA:301,5,1,0
BRDA:302,6,0,0
BRDA:302,6,1,0
BRDA:327,7,0,0
BRDA:327,7,1,0
BRDA:331,8,0,0
BRDA:331,8,1,0
BRDA:354,9,0,0
BRDA:354,9,1,0
BRDA:362,10,0,0
BRDA:362,10,1,0
BRDA:363,11,0,0
BRDA:363,11,1,0
BRDA:364,12,0,0
BRDA:364,12,1,0
BRDA:407,13,0,0
BRDA:407,13,1,0
BRDA:477,14,0,0
BRDA:477,14,1,0
BRDA:477,15,0,0
BRDA:477,15,1,0
BRDA:489,16,0,0
BRDA:489,16,1,0
BRDA:497,17,0,0
BRDA:497,17,1,0
BRF:35
BRH:2
end_of_record
TN:
SF:src\services\NetworkMonitor.js
FN:10,(anonymous_0)
FN:15,(anonymous_1)
FN:24,(anonymous_2)
FN:64,(anonymous_3)
FN:93,(anonymous_4)
FN:105,(anonymous_5)
FN:163,(anonymous_6)
FN:165,(anonymous_7)
FN:169,(anonymous_8)
FN:175,(anonymous_9)
FN:179,(anonymous_10)
FN:186,(anonymous_11)
FN:189,(anonymous_12)
FN:197,(anonymous_13)
FN:203,(anonymous_14)
FN:253,(anonymous_15)
FN:281,(anonymous_16)
FN:306,(anonymous_17)
FN:317,(anonymous_18)
FN:334,(anonymous_19)
FN:347,(anonymous_20)
FN:359,(anonymous_21)
FN:373,(anonymous_22)
FN:398,(anonymous_23)
FN:439,(anonymous_24)
FNF:25
FNH:1
FNDA:1,(anonymous_0)
FNDA:0,(anonymous_1)
FNDA:0,(anonymous_2)
FNDA:0,(anonymous_3)
FNDA:0,(anonymous_4)
FNDA:0,(anonymous_5)
FNDA:0,(anonymous_6)
FNDA:0,(anonymous_7)
FNDA:0,(anonymous_8)
FNDA:0,(anonymous_9)
FNDA:0,(anonymous_10)
FNDA:0,(anonymous_11)
FNDA:0,(anonymous_12)
FNDA:0,(anonymous_13)
FNDA:0,(anonymous_14)
FNDA:0,(anonymous_15)
FNDA:0,(anonymous_16)
FNDA:0,(anonymous_17)
FNDA:0,(anonymous_18)
FNDA:0,(anonymous_19)
FNDA:0,(anonymous_20)
FNDA:0,(anonymous_21)
FNDA:0,(anonymous_22)
FNDA:0,(anonymous_23)
FNDA:0,(anonymous_24)
DA:16,0
DA:17,0
DA:20,0
DA:23,0
DA:26,0
DA:33,0
DA:35,0
DA:36,0
DA:40,0
DA:45,0
DA:46,0
DA:47,0
DA:48,0
DA:49,0
DA:51,0
DA:56,0
DA:58,0
DA:59,0
DA:65,0
DA:67,0
DA:68,0
DA:69,0
DA:74,0
DA:75,0
DA:76,0
DA:79,0
DA:81,0
DA:93,0
DA:99,0
DA:100,0
DA:106,0
DA:107,0
DA:114,0
DA:115,0
DA:117,0
DA:118,0
DA:119,0
DA:122,0
DA:123,0
DA:126,0
DA:127,0
DA:131,0
DA:132,0
DA:136,0
DA:137,0
DA:141,0
DA:146,0
DA:150,0
DA:151,0
DA:155,0
DA:164,0
DA:165,0
DA:166,0
DA:170,0
DA:172,0
DA:176,0
DA:179,0
DA:180,0
DA:181,0
DA:182,0
DA:183,0
DA:186,0
DA:190,0
DA:191,0
DA:192,0
DA:193,0
DA:194,0
DA:199,0
DA:205,0
DA:249,0
DA:254,0
DA:255,0
DA:256,0
DA:263,0
DA:264,0
DA:272,0
DA:273,0
DA:275,0
DA:276,0
DA:282,0
DA:285,0
DA:297,0
DA:298,0
DA:300,0
DA:301,0
DA:307,0
DA:309,0
DA:312,0
DA:313,0
DA:314,0
DA:317,0
DA:323,0
DA:326,0
DA:328,0
DA:329,0
DA:335,0
DA:338,0
DA:339,0
DA:346,0
DA:347,0
DA:348,0
DA:349,0
DA:358,0
DA:359,0
DA:360,0
DA:361,0
DA:369,0
DA:374,0
DA:377,0
DA:386,0
DA:390,0
DA:392,0
DA:393,0
DA:399,0
DA:400,0
DA:401,0
DA:402,0
DA:406,0
DA:407,0
DA:408,0
DA:411,0
DA:412,0
DA:413,0
DA:416,0
DA:424,0
DA:425,0
DA:427,0
DA:431,0
DA:433,0
DA:434,0
DA:440,0
DA:442,0
DA:445,0
DA:447,0
DA:452,0
DA:453,0
DA:458,1
LF:137
LH:1
BRDA:33,0,0,0
BRDA:33,0,1,0
BRDA:46,1,0,0
BRDA:46,1,1,0
BRDA:106,2,0,0
BRDA:106,2,1,0
BRDA:106,3,0,0
BRDA:106,3,1,0
BRDA:118,4,0,0
BRDA:118,4,1,0
BRDA:122,5,0,0
BRDA:122,5,1,0
BRDA:126,6,0,0
BRDA:126,6,1,0
BRDA:131,7,0,0
BRDA:131,7,1,0
BRDA:136,8,0,0
BRDA:136,8,1,0
BRDA:151,9,0,0
BRDA:151,9,1,0
BRDA:152,10,0,0
BRDA:152,10,1,0
BRDA:164,11,0,0
BRDA:164,11,1,0
BRDA:164,12,0,0
BRDA:164,12,1,0
BRDA:170,13,0,0
BRDA:170,13,1,0
BRDA:172,14,0,0
BRDA:172,14,1,0
BRDA:176,15,0,0
BRDA:176,15,1,0
BRDA:176,16,0,0
BRDA:176,16,1,0
BRDA:180,17,0,0
BRDA:180,17,1,0
BRDA:181,18,0,0
BRDA:181,18,1,0
BRDA:182,19,0,0
BRDA:182,19,1,0
BRDA:191,20,0,0
BRDA:191,20,1,0
BRDA:192,21,0,0
BRDA:192,21,1,0
BRDA:193,22,0,0
BRDA:193,22,1,0
BRDA:249,23,0,0
BRDA:249,23,1,0
BRDA:313,24,0,0
BRDA:313,24,1,0
BRDA:338,25,0,0
BRDA:338,25,1,0
BRDA:346,26,0,0
BRDA:346,26,1,0
BRDA:348,27,0,0
BRDA:348,27,1,0
BRDA:358,28,0,0
BRDA:358,28,1,0
BRDA:360,29,0,0
BRDA:360,29,1,0
BRDA:401,30,0,0
BRDA:401,30,1,0
BRDA:411,31,0,0
BRDA:411,31,1,0
BRDA:425,32,0,0
BRDA:425,32,1,0
BRF:66
BRH:0
end_of_record
TN:
SF:src\services\PolicyEnforcementService.js
FN:7,(anonymous_0)
FN:16,(anonymous_1)
FN:52,(anonymous_2)
FN:67,(anonymous_3)
FN:73,(anonymous_4)
FN:74,(anonymous_5)
FN:90,(anonymous_6)
FN:98,(anonymous_7)
FN:112,(anonymous_8)
FN:144,(anonymous_9)
FN:182,(anonymous_10)
FN:205,(anonymous_11)
FN:240,(anonymous_12)
FN:241,(anonymous_13)
FN:262,(anonymous_14)
FN:266,(anonymous_15)
FNF:16
FNH:1
FNDA:1,(anonymous_0)
FNDA:0,(anonymous_1)
FNDA:0,(anonymous_2)
FNDA:0,(anonymous_3)
FNDA:0,(anonymous_4)
FNDA:0,(anonymous_5)
FNDA:0,(anonymous_6)
FNDA:0,(anonymous_7)
FNDA:0,(anonymous_8)
FNDA:0,(anonymous_9)
FNDA:0,(anonymous_10)
FNDA:0,(anonymous_11)
FNDA:0,(anonymous_12)
FNDA:0,(anonymous_13)
FNDA:0,(anonymous_14)
FNDA:0,(anonymous_15)
DA:17,0
DA:18,0
DA:19,0
DA:20,0
DA:24,0
DA:29,0
DA:32,0
DA:35,0
DA:37,0
DA:43,0
DA:44,0
DA:53,0
DA:54,0
DA:55,0
DA:56,0
DA:60,0
DA:63,0
DA:66,0
DA:67,0
DA:71,0
DA:73,0
DA:74,0
DA:76,0
DA:78,0
DA:80,0
DA:81,0
DA:91,0
DA:92,0
DA:93,0
DA:94,0
DA:97,0
DA:98,0
DA:101,0
DA:103,0
DA:104,0
DA:113,0
DA:114,0
DA:115,0
DA:116,0
DA:120,0
DA:127,0
DA:129,0
DA:135,0
DA:136,0
DA:145,0
DA:160,0
DA:161,0
DA:163,0
DA:164,0
DA:166,0
DA:167,0
DA:169,0
DA:170,0
DA:175,0
DA:183,0
DA:190,0
DA:191,0
DA:192,0
DA:193,0
DA:194,0
DA:198,0
DA:206,0
DA:212,0
DA:214,0
DA:217,0
DA:219,0
DA:220,0
DA:222,0
DA:223,0
DA:225,0
DA:226,0
DA:229,0
DA:230,0
DA:233,0
DA:241,0
DA:242,0
DA:243,0
DA:245,0
DA:246,0
DA:249,0
DA:254,0
DA:255,0
DA:263,0
DA:266,0
DA:274,0
DA:278,1
LF:86
LH:1
BRDA:16,0,0,0
BRDA:19,1,0,0
BRDA:19,1,1,0
BRDA:24,2,0,0
BRDA:24,2,1,0
BRDA:55,3,0,0
BRDA:55,3,1,0
BRDA:93,4,0,0
BRDA:93,4,1,0
BRDA:115,5,0,0
BRDA:115,5,1,0
BRDA:161,6,0,0
BRDA:161,6,1,0
BRDA:161,6,2,0
BRDA:192,7,0,0
BRDA:192,7,1,0
BRDA:217,8,0,0
BRDA:217,8,1,0
BRDA:217,8,2,0
BRDA:245,9,0,0
BRDA:245,9,1,0
BRDA:254,10,0,0
BRDA:254,10,1,0
BRF:23
BRH:0
end_of_record
TN:
SF:src\services\PredictiveAnalytics.js
FN:4,(anonymous_0)
FN:10,(anonymous_1)
FN:18,(anonymous_2)
FN:46,(anonymous_3)
FN:51,(anonymous_4)
FN:52,(anonymous_5)
FN:54,(anonymous_6)
FN:58,(anonymous_7)
FN:74,(anonymous_8)
FN:79,(anonymous_9)
FN:85,(anonymous_10)
FN:117,(anonymous_11)
FN:155,(anonymous_12)
FNF:13
FNH:1
FNDA:1,(anonymous_0)
FNDA:0,(anonymous_1)
FNDA:0,(anonymous_2)
FNDA:0,(anonymous_3)
FNDA:0,(anonymous_4)
FNDA:0,(anonymous_5)
FNDA:0,(anonymous_6)
FNDA:0,(anonymous_7)
FNDA:0,(anonymous_8)
FNDA:0,(anonymous_9)
FNDA:0,(anonymous_10)
FNDA:0,(anonymous_11)
FNDA:0,(anonymous_12)
DA:5,1
DA:6,1
DA:7,1
DA:11,0
DA:12,0
DA:18,0
DA:19,0
DA:22,0
DA:23,0
DA:24,0
DA:25,0
DA:26,0
DA:27,0
DA:30,0
DA:31,0
DA:34,0
DA:35,0
DA:37,0
DA:40,0
DA:47,0
DA:48,0
DA:51,0
DA:52,0
DA:53,0
DA:54,0
DA:57,0
DA:58,0
DA:59,0
DA:60,0
DA:61,0
DA:71,0
DA:75,0
DA:76,0
DA:79,0
DA:80,0
DA:83,0
DA:84,0
DA:85,0
DA:86,0
DA:87,0
DA:91,0
DA:94,0
DA:95,0
DA:96,0
DA:97,0
DA:98,0
DA:100,0
DA:110,0
DA:118,0
DA:119,0
DA:122,0
DA:131,0
DA:132,0
DA:133,0
DA:135,0
DA:136,0
DA:139,0
DA:140,0
DA:143,0
DA:144,0
DA:152,0
DA:156,0
DA:157,0
DA:160,0
DA:161,0
DA:162,0
DA:165,0
DA:170,0
LF:68
LH:3
BRDA:10,0,0,0
BRDA:11,1,0,0
BRDA:11,1,1,0
BRDA:11,2,0,0
BRDA:11,2,1,0
BRDA:34,3,0,0
BRDA:34,3,1,0
BRDA:37,4,0,0
BRDA:37,4,1,0
BRDA:46,5,0,0
BRDA:47,6,0,0
BRDA:47,6,1,0
BRDA:47,7,0,0
BRDA:47,7,1,0
BRDA:60,8,0,0
BRDA:60,8,1,0
BRDA:64,9,0,0
BRDA:64,9,1,0
BRDA:74,10,0,0
BRDA:74,11,0,0
BRDA:75,12,0,0
BRDA:75,12,1,0
BRDA:75,13,0,0
BRDA:75,13,1,0
BRDA:118,14,0,0
BRDA:118,14,1,0
BRDA:118,15,0,0
BRDA:118,15,1,0
BRDA:118,15,2,0
BRDA:133,16,0,0
BRDA:133,16,1,0
BRDA:146,17,0,0
BRDA:146,17,1,0
BRDA:147,18,0,0
BRDA:147,18,1,0
BRDA:156,19,0,0
BRDA:156,19,1,0
BRDA:161,20,0,0
BRDA:161,20,1,0
BRDA:161,21,0,0
BRDA:161,21,1,0
BRF:41
BRH:0
end_of_record
TN:
SF:src\services\SelfHealingService.js
FN:11,(anonymous_0)
FN:19,(anonymous_1)
FN:58,(anonymous_2)
FN:83,(anonymous_3)
FN:122,(anonymous_4)
FN:152,(anonymous_5)
FN:171,(anonymous_6)
FN:220,(anonymous_7)
FN:262,(anonymous_8)
FN:284,(anonymous_9)
FN:296,(anonymous_10)
FN:306,(anonymous_11)
FN:316,(anonymous_12)
FN:337,(anonymous_13)
FNF:14
FNH:1
FNDA:1,(anonymous_0)
FNDA:0,(anonymous_1)
FNDA:0,(anonymous_2)
FNDA:0,(anonymous_3)
FNDA:0,(anonymous_4)
FNDA:0,(anonymous_5)
FNDA:0,(anonymous_6)
FNDA:0,(anonymous_7)
FNDA:0,(anonymous_8)
FNDA:0,(anonymous_9)
FNDA:0,(anonymous_10)
FNDA:0,(anonymous_11)
FNDA:0,(anonymous_12)
FNDA:0,(anonymous_13)
DA:8,1
DA:20,0
DA:21,0
DA:22,0
DA:23,0
DA:26,0
DA:29,0
DA:30,0
DA:31,0
DA:39,0
DA:40,0
DA:43,0
DA:44,0
DA:46,0
DA:48,0
DA:49,0
DA:59,0
DA:60,0
DA:61,0
DA:62,0
DA:65,0
DA:67,0
DA:68,0
DA:69,0
DA:72,0
DA:74,0
DA:75,0
DA:84,0
DA:85,0
DA:86,0
DA:87,0
DA:91,0
DA:97,0
DA:98,0
DA:99,0
DA:100,0
DA:101,0
DA:103,0
DA:104,0
DA:111,0
DA:113,0
DA:114,0
DA:123,0
DA:124,0
DA:125,0
DA:126,0
DA:129,0
DA:137,0
DA:138,0
DA:139,0
DA:141,0
DA:143,0
DA:144,0
DA:153,0
DA:154,0
DA:155,0
DA:160,0
DA:172,0
DA:173,0
DA:177,0
DA:179,0
DA:180,0
DA:189,0
DA:190,0
DA:199,0
DA:200,0
DA:201,0
DA:202,0
DA:213,0
DA:221,0
DA:223,0
DA:225,0
DA:228,0
DA:229,0
DA:231,0
DA:239,0
DA:240,0
DA:241,0
DA:248,0
DA:255,0
DA:263,0
DA:269,0
DA:270,0
DA:272,0
DA:273,0
DA:275,0
DA:276,0
DA:278,0
DA:279,0
DA:281,0
DA:284,0
DA:286,0
DA:289,0
DA:298,0
DA:299,0
DA:308,0
DA:309,0
DA:317,0
DA:319,0
DA:320,0
DA:321,0
DA:325,0
DA:326,0
DA:328,0
DA:329,0
DA:338,0
DA:339,0
DA:343,1
LF:108
LH:2
BRDA:22,0,0,0
BRDA:22,0,1,0
BRDA:30,1,0,0
BRDA:30,1,1,0
BRDA:61,2,0,0
BRDA:61,2,1,0
BRDA:86,3,0,0
BRDA:86,3,1,0
BRDA:125,4,0,0
BRDA:125,4,1,0
BRDA:177,5,0,0
BRDA:177,5,1,0
BRDA:179,6,0,0
BRDA:179,6,1,0
BRDA:179,7,0,0
BRDA:179,7,1,0
BRDA:189,8,0,0
BRDA:189,8,1,0
BRDA:189,9,0,0
BRDA:189,9,1,0
BRDA:199,10,0,0
BRDA:199,10,1,0
BRDA:201,11,0,0
BRDA:201,11,1,0
BRDA:201,12,0,0
BRDA:201,12,1,0
BRDA:240,13,0,0
BRDA:240,13,1,0
BRDA:240,14,0,0
BRDA:240,14,1,0
BRDA:270,15,0,0
BRDA:270,15,1,0
BRDA:270,15,2,0
BRDA:270,15,3,0
BRDA:320,16,0,0
BRDA:320,16,1,0
BRDA:339,17,0,0
BRDA:339,17,1,0
BRF:38
BRH:0
end_of_record
TN:
SF:src\services\SessionManager.js
FN:7,(anonymous_0)
FN:11,(anonymous_1)
FN:15,(anonymous_2)
FN:48,(anonymous_3)
FN:64,(anonymous_4)
FN:74,(anonymous_5)
FN:83,(anonymous_6)
FNF:7
FNH:1
FNDA:1,(anonymous_0)
FNDA:0,(anonymous_1)
FNDA:0,(anonymous_2)
FNDA:0,(anonymous_3)
FNDA:0,(anonymous_4)
FNDA:0,(anonymous_5)
FNDA:0,(anonymous_6)
DA:8,1
DA:12,0
DA:16,0
DA:17,0
DA:18,0
DA:19,0
DA:20,0
DA:22,0
DA:38,0
DA:39,0
DA:41,0
DA:43,0
DA:44,0
DA:49,0
DA:50,0
DA:51,0
DA:54,0
DA:55,0
DA:57,0
DA:59,0
DA:60,0
DA:65,0
DA:66,0
DA:67,0
DA:69,0
DA:70,0
DA:75,0
DA:76,0
DA:78,0
DA:79,0
DA:84,0
DA:85,0
DA:89,0
DA:90,0
DA:92,0
DA:93,0
DA:98,1
LF:37
LH:2
BRDA:51,0,0,0
BRDA:51,0,1,0
BRDA:83,1,0,0
BRDA:85,2,0,0
BRDA:85,2,1,0
BRF:5
BRH:0
end_of_record
TN:
SF:src\services\WebSocketService.js
FN:8,(anonymous_0)
FN:15,(anonymous_1)
FN:26,(anonymous_2)
FN:57,(anonymous_3)
FN:60,(anonymous_4)
FN:64,(anonymous_5)
FN:72,(anonymous_6)
FN:85,(anonymous_7)
FN:89,(anonymous_8)
FN:93,(anonymous_9)
FN:97,(anonymous_10)
FN:104,(anonymous_11)
FN:105,(anonymous_12)
FN:118,(anonymous_13)
FN:124,(anonymous_14)
FNF:15
FNH:1
FNDA:1,(anonymous_0)
FNDA:0,(anonymous_1)
FNDA:0,(anonymous_2)
FNDA:0,(anonymous_3)
FNDA:0,(anonymous_4)
FNDA:0,(anonymous_5)
FNDA:0,(anonymous_6)
FNDA:0,(anonymous_7)
FNDA:0,(anonymous_8)
FNDA:0,(anonymous_9)
FNDA:0,(anonymous_10)
FNDA:0,(anonymous_11)
FNDA:0,(anonymous_12)
FNDA:0,(anonymous_13)
FNDA:0,(anonymous_14)
DA:9,1
DA:10,1
DA:11,1
DA:12,1
DA:17,0
DA:26,0
DA:27,0
DA:28,0
DA:29,0
DA:30,0
DA:33,0
DA:34,0
DA:35,0
DA:38,0
DA:39,0
DA:41,0
DA:42,0
DA:47,0
DA:48,0
DA:49,0
DA:52,0
DA:53,0
DA:57,0
DA:58,0
DA:60,0
DA:61,0
DA:64,0
DA:65,0
DA:69,0
DA:73,0
DA:74,0
DA:75,0
DA:78,0
DA:80,0
DA:81,0
DA:84,0
DA:85,0
DA:86,0
DA:89,0
DA:90,0
DA:93,0
DA:94,0
DA:97,0
DA:98,0
DA:103,0
DA:104,0
DA:105,0
DA:109,0
DA:110,0
DA:111,0
DA:113,0
DA:114,0
DA:119,0
DA:120,0
DA:125,0
DA:126,0
DA:127,0
DA:132,0
DA:133,0
DA:135,0
LF:60
LH:4
BRDA:19,0,0,0
BRDA:19,0,1,0
BRDA:28,1,0,0
BRDA:28,1,1,0
BRDA:29,2,0,0
BRDA:29,2,1,0
BRDA:34,3,0,0
BRDA:34,3,1,0
BRDA:48,4,0,0
BRDA:48,4,1,0
BRDA:74,5,0,0
BRDA:74,5,1,0
BRDA:119,6,0,0
BRDA:119,6,1,0
BRDA:126,7,0,0
BRDA:126,7,1,0
BRF:16
BRH:0
end_of_record
TN:
SF:src\tests\testHelper.js
FN:10,(anonymous_0)
FN:11,(anonymous_1)
FN:27,(anonymous_2)
FN:34,(anonymous_3)
FN:46,(anonymous_4)
FN:57,(anonymous_5)
FN:67,(anonymous_6)
FN:68,(anonymous_7)
FN:69,(anonymous_8)
FN:70,(anonymous_9)
FN:71,(anonymous_10)
FN:72,(anonymous_11)
FN:73,(anonymous_12)
FN:74,(anonymous_13)
FN:76,(anonymous_14)
FN:77,(anonymous_15)
FN:90,(anonymous_16)
FN:101,(anonymous_17)
FN:120,(anonymous_18)
FN:129,(anonymous_19)
FN:138,(anonymous_20)
FNF:21
FNH:2
FNDA:0,(anonymous_0)
FNDA:0,(anonymous_1)
FNDA:0,(anonymous_2)
FNDA:0,(anonymous_3)
FNDA:0,(anonymous_4)
FNDA:0,(anonymous_5)
FNDA:0,(anonymous_6)
FNDA:0,(anonymous_7)
FNDA:0,(anonymous_8)
FNDA:0,(anonymous_9)
FNDA:0,(anonymous_10)
FNDA:0,(anonymous_11)
FNDA:0,(anonymous_12)
FNDA:0,(anonymous_13)
FNDA:0,(anonymous_14)
FNDA:0,(anonymous_15)
FNDA:0,(anonymous_16)
FNDA:0,(anonymous_17)
FNDA:8,(anonymous_18)
FNDA:8,(anonymous_19)
FNDA:0,(anonymous_20)
DA:10,1
DA:11,0
DA:13,0
DA:16,0
DA:17,0
DA:21,0
DA:27,0
DA:28,0
DA:29,0
DA:30,0
DA:34,0
DA:35,0
DA:36,0
DA:38,0
DA:39,0
DA:40,0
DA:46,1
DA:47,0
DA:53,0
DA:57,1
DA:58,0
DA:66,1
DA:67,0
DA:68,0
DA:69,0
DA:70,0
DA:71,0
DA:72,0
DA:73,0
DA:74,0
DA:76,0
DA:77,0
DA:81,1
DA:90,1
DA:101,1
DA:120,8
DA:129,1
DA:130,8
DA:131,8
DA:132,8
DA:133,8
DA:134,8
DA:138,1
DA:139,0
DA:140,0
DA:141,0
DA:142,0
LF:47
LH:15
BRDA:16,0,0,0
BRDA:16,0,1,0
BRDA:35,1,0,0
BRDA:35,1,1,0
BRDA:38,2,0,0
BRDA:38,2,1,0
BRDA:46,3,0,0
BRDA:60,4,0,0
BRDA:60,4,1,0
BRDA:120,5,0,8
BRF:10
BRH:1
end_of_record
TN:
SF:src\utils\auth.js
FN:4,(anonymous_0)
FN:11,(anonymous_1)
FN:19,(anonymous_2)
FN:26,(anonymous_3)
FN:41,(anonymous_4)
FN:46,(anonymous_5)
FNF:6
FNH:1
FNDA:1,(anonymous_0)
FNDA:0,(anonymous_1)
FNDA:0,(anonymous_2)
FNDA:0,(anonymous_3)
FNDA:0,(anonymous_4)
FNDA:0,(anonymous_5)
DA:4,1
DA:5,1
DA:11,1
DA:12,0
DA:13,0
DA:15,0
DA:19,1
DA:20,0
DA:21,0
DA:23,0
DA:26,1
DA:27,0
DA:28,0
DA:29,0
DA:32,0
DA:33,0
DA:34,0
DA:37,0
DA:38,0
DA:41,1
DA:42,0
DA:43,0
DA:46,0
DA:47,0
DA:48,0
DA:51,0
DA:52,0
DA:55,0
LF:28
LH:6
BRDA:4,0,0,1
BRDA:6,1,0,1
BRDA:6,1,1,1
BRDA:20,2,0,0
BRDA:20,2,1,0
BRDA:20,3,0,0
BRDA:20,3,1,0
BRDA:28,4,0,0
BRDA:28,4,1,0
BRDA:33,5,0,0
BRDA:33,5,1,0
BRDA:41,6,0,0
BRDA:42,7,0,0
BRDA:42,7,1,0
BRDA:47,8,0,0
BRDA:47,8,1,0
BRDA:51,9,0,0
BRDA:51,9,1,0
BRDA:51,10,0,0
BRDA:51,10,1,0
BRF:20
BRH:3
end_of_record
TN:
SF:src\utils\logger.js
FN:47,(anonymous_0)
FNF:1
FNH:0
FNDA:0,(anonymous_0)
DA:6,3
DA:7,3
DA:10,3
DA:16,3
DA:36,3
DA:37,3
DA:46,3
DA:48,0
LF:8
LH:7
BRDA:36,0,0,3
BRDA:36,0,1,0
BRF:2
BRH:1
end_of_record
